mode: set
github.com/ryvasa/go-super-farmer/cmd/api/app/app.go:17.93,24.2 1 0
github.com/ryvasa/go-super-farmer/cmd/api/app/app.go:25.29,32.2 4 0
github.com/ryvasa/go-super-farmer/cmd/api/main.go:8.13,10.16 2 0
github.com/ryvasa/go-super-farmer/cmd/api/main.go:10.16,12.3 1 0
github.com/ryvasa/go-super-farmer/cmd/api/main.go:14.2,14.36 1 0
github.com/ryvasa/go-super-farmer/cmd/api/main.go:14.36,16.3 1 0
github.com/ryvasa/go-super-farmer/cmd/excel/main.go:9.13,11.16 2 0
github.com/ryvasa/go-super-farmer/cmd/excel/main.go:11.16,13.3 1 0
github.com/ryvasa/go-super-farmer/cmd/excel/app/app.go:23.13,26.16 3 0
github.com/ryvasa/go-super-farmer/cmd/excel/app/app.go:26.16,28.3 1 0
github.com/ryvasa/go-super-farmer/cmd/excel/app/app.go:29.2,34.3 1 0
github.com/ryvasa/go-super-farmer/cmd/excel/internal/repository/report_repository_impl.go:15.60,17.2 1 0
github.com/ryvasa/go-super-farmer/cmd/excel/internal/repository/report_repository_impl.go:19.140,26.51 5 0
github.com/ryvasa/go-super-farmer/cmd/excel/internal/repository/report_repository_impl.go:26.51,28.4 1 0
github.com/ryvasa/go-super-farmer/cmd/excel/internal/repository/report_repository_impl.go:29.48,31.4 1 0
github.com/ryvasa/go-super-farmer/cmd/excel/internal/repository/report_repository_impl.go:36.2,36.16 1 0
github.com/ryvasa/go-super-farmer/cmd/excel/internal/repository/report_repository_impl.go:36.16,38.3 1 0
github.com/ryvasa/go-super-farmer/cmd/excel/internal/repository/report_repository_impl.go:41.2,63.16 4 0
github.com/ryvasa/go-super-farmer/cmd/excel/internal/repository/report_repository_impl.go:63.16,65.3 1 0
github.com/ryvasa/go-super-farmer/cmd/excel/internal/repository/report_repository_impl.go:67.2,69.21 2 0
github.com/ryvasa/go-super-farmer/cmd/excel/internal/repository/report_repository_impl.go:72.124,89.16 5 0
github.com/ryvasa/go-super-farmer/cmd/excel/internal/repository/report_repository_impl.go:89.16,91.3 1 0
github.com/ryvasa/go-super-farmer/cmd/excel/internal/repository/report_repository_impl.go:93.2,93.21 1 0
github.com/ryvasa/go-super-farmer/cmd/excel/internal/handler/rabbitmq_handler_impl.go:15.143,17.2 1 0
github.com/ryvasa/go-super-farmer/cmd/excel/internal/handler/rabbitmq_handler_impl.go:19.55,21.16 2 0
github.com/ryvasa/go-super-farmer/cmd/excel/internal/handler/rabbitmq_handler_impl.go:21.16,23.3 1 0
github.com/ryvasa/go-super-farmer/cmd/excel/internal/handler/rabbitmq_handler_impl.go:25.2,26.12 2 0
github.com/ryvasa/go-super-farmer/cmd/excel/internal/handler/rabbitmq_handler_impl.go:26.12,27.25 1 0
github.com/ryvasa/go-super-farmer/cmd/excel/internal/handler/rabbitmq_handler_impl.go:27.25,28.78 1 0
github.com/ryvasa/go-super-farmer/cmd/excel/internal/handler/rabbitmq_handler_impl.go:28.78,30.5 1 0
github.com/ryvasa/go-super-farmer/cmd/excel/internal/handler/rabbitmq_handler_impl.go:34.2,35.16 2 0
github.com/ryvasa/go-super-farmer/cmd/excel/internal/handler/rabbitmq_handler_impl.go:35.16,37.3 1 0
github.com/ryvasa/go-super-farmer/cmd/excel/internal/handler/rabbitmq_handler_impl.go:39.2,41.12 2 0
github.com/ryvasa/go-super-farmer/cmd/excel/internal/handler/rabbitmq_handler_impl.go:41.12,42.26 1 0
github.com/ryvasa/go-super-farmer/cmd/excel/internal/handler/rabbitmq_handler_impl.go:42.26,43.73 1 0
github.com/ryvasa/go-super-farmer/cmd/excel/internal/handler/rabbitmq_handler_impl.go:43.73,45.5 1 0
github.com/ryvasa/go-super-farmer/cmd/excel/internal/handler/rabbitmq_handler_impl.go:49.2,52.12 3 0
github.com/ryvasa/go-super-farmer/cmd/excel/internal/usecase/excel_impl.go:15.36,17.2 1 0
github.com/ryvasa/go-super-farmer/cmd/excel/internal/usecase/excel_impl.go:19.180,26.16 4 0
github.com/ryvasa/go-super-farmer/cmd/excel/internal/usecase/excel_impl.go:26.16,28.3 1 0
github.com/ryvasa/go-super-farmer/cmd/excel/internal/usecase/excel_impl.go:29.2,37.33 5 0
github.com/ryvasa/go-super-farmer/cmd/excel/internal/usecase/excel_impl.go:37.33,40.3 2 0
github.com/ryvasa/go-super-farmer/cmd/excel/internal/usecase/excel_impl.go:43.2,63.16 2 0
github.com/ryvasa/go-super-farmer/cmd/excel/internal/usecase/excel_impl.go:63.16,65.3 1 0
github.com/ryvasa/go-super-farmer/cmd/excel/internal/usecase/excel_impl.go:68.2,113.33 5 0
github.com/ryvasa/go-super-farmer/cmd/excel/internal/usecase/excel_impl.go:113.33,129.3 13 0
github.com/ryvasa/go-super-farmer/cmd/excel/internal/usecase/excel_impl.go:132.2,132.30 1 0
github.com/ryvasa/go-super-farmer/cmd/excel/internal/usecase/excel_impl.go:132.30,135.17 3 0
github.com/ryvasa/go-super-farmer/cmd/excel/internal/usecase/excel_impl.go:135.17,137.4 1 0
github.com/ryvasa/go-super-farmer/cmd/excel/internal/usecase/excel_impl.go:141.2,149.43 2 0
github.com/ryvasa/go-super-farmer/cmd/excel/internal/usecase/excel_impl.go:149.43,151.3 1 0
github.com/ryvasa/go-super-farmer/cmd/excel/internal/usecase/excel_impl.go:153.2,154.12 2 0
github.com/ryvasa/go-super-farmer/cmd/excel/internal/usecase/excel_impl.go:157.172,164.16 4 0
github.com/ryvasa/go-super-farmer/cmd/excel/internal/usecase/excel_impl.go:164.16,166.3 1 0
github.com/ryvasa/go-super-farmer/cmd/excel/internal/usecase/excel_impl.go:167.2,175.33 5 0
github.com/ryvasa/go-super-farmer/cmd/excel/internal/usecase/excel_impl.go:175.33,178.3 2 0
github.com/ryvasa/go-super-farmer/cmd/excel/internal/usecase/excel_impl.go:181.2,201.16 2 0
github.com/ryvasa/go-super-farmer/cmd/excel/internal/usecase/excel_impl.go:201.16,203.3 1 0
github.com/ryvasa/go-super-farmer/cmd/excel/internal/usecase/excel_impl.go:206.2,251.33 5 0
github.com/ryvasa/go-super-farmer/cmd/excel/internal/usecase/excel_impl.go:251.33,269.3 15 0
github.com/ryvasa/go-super-farmer/cmd/excel/internal/usecase/excel_impl.go:272.2,272.30 1 0
github.com/ryvasa/go-super-farmer/cmd/excel/internal/usecase/excel_impl.go:272.30,275.17 3 0
github.com/ryvasa/go-super-farmer/cmd/excel/internal/usecase/excel_impl.go:275.17,277.4 1 0
github.com/ryvasa/go-super-farmer/cmd/excel/internal/usecase/excel_impl.go:281.2,288.43 2 0
github.com/ryvasa/go-super-farmer/cmd/excel/internal/usecase/excel_impl.go:288.43,290.3 1 0
github.com/ryvasa/go-super-farmer/cmd/excel/internal/usecase/excel_impl.go:292.2,293.12 2 0
github.com/ryvasa/go-super-farmer/cmd/excel/internal/usecase/rabbitmq_usecase_impl.go:33.100,38.2 1 0
github.com/ryvasa/go-super-farmer/cmd/excel/internal/usecase/rabbitmq_usecase_impl.go:40.79,42.54 2 0
github.com/ryvasa/go-super-farmer/cmd/excel/internal/usecase/rabbitmq_usecase_impl.go:42.54,44.3 1 0
github.com/ryvasa/go-super-farmer/cmd/excel/internal/usecase/rabbitmq_usecase_impl.go:47.2,48.16 2 0
github.com/ryvasa/go-super-farmer/cmd/excel/internal/usecase/rabbitmq_usecase_impl.go:48.16,50.3 1 0
github.com/ryvasa/go-super-farmer/cmd/excel/internal/usecase/rabbitmq_usecase_impl.go:53.2,53.204 1 0
github.com/ryvasa/go-super-farmer/cmd/excel/internal/usecase/rabbitmq_usecase_impl.go:53.204,55.3 1 0
github.com/ryvasa/go-super-farmer/cmd/excel/internal/usecase/rabbitmq_usecase_impl.go:57.2,57.12 1 0
github.com/ryvasa/go-super-farmer/cmd/excel/internal/usecase/rabbitmq_usecase_impl.go:60.74,62.54 2 0
github.com/ryvasa/go-super-farmer/cmd/excel/internal/usecase/rabbitmq_usecase_impl.go:62.54,64.3 1 0
github.com/ryvasa/go-super-farmer/cmd/excel/internal/usecase/rabbitmq_usecase_impl.go:67.2,68.16 2 0
github.com/ryvasa/go-super-farmer/cmd/excel/internal/usecase/rabbitmq_usecase_impl.go:68.16,70.3 1 0
github.com/ryvasa/go-super-farmer/cmd/excel/internal/usecase/rabbitmq_usecase_impl.go:73.2,73.236 1 0
github.com/ryvasa/go-super-farmer/cmd/excel/internal/usecase/rabbitmq_usecase_impl.go:73.236,75.3 1 0
github.com/ryvasa/go-super-farmer/cmd/excel/internal/usecase/rabbitmq_usecase_impl.go:77.2,77.12 1 0
github.com/ryvasa/go-super-farmer/cmd/excel/pkg/wire/wire_gen.go:22.50,24.16 2 0
github.com/ryvasa/go-super-farmer/cmd/excel/pkg/wire/wire_gen.go:24.16,26.3 1 0
github.com/ryvasa/go-super-farmer/cmd/excel/pkg/wire/wire_gen.go:27.2,28.16 2 0
github.com/ryvasa/go-super-farmer/cmd/excel/pkg/wire/wire_gen.go:28.16,30.3 1 0
github.com/ryvasa/go-super-farmer/cmd/excel/pkg/wire/wire_gen.go:31.2,32.16 2 0
github.com/ryvasa/go-super-farmer/cmd/excel/pkg/wire/wire_gen.go:32.16,34.3 1 0
github.com/ryvasa/go-super-farmer/cmd/excel/pkg/wire/wire_gen.go:35.2,40.22 6 0
github.com/ryvasa/go-super-farmer/cmd/mail/main.go:9.13,11.16 2 0
github.com/ryvasa/go-super-farmer/cmd/mail/main.go:11.16,13.3 1 0
github.com/ryvasa/go-super-farmer/cmd/mail/app/app.go:19.12,22.16 3 0
github.com/ryvasa/go-super-farmer/cmd/mail/app/app.go:22.16,24.3 1 0
github.com/ryvasa/go-super-farmer/cmd/mail/app/app.go:25.2,29.3 1 0
github.com/ryvasa/go-super-farmer/cmd/mail/app/mail_handler.go:24.86,29.2 1 0
github.com/ryvasa/go-super-farmer/cmd/mail/app/mail_handler.go:31.51,33.16 2 0
github.com/ryvasa/go-super-farmer/cmd/mail/app/mail_handler.go:33.16,35.3 1 0
github.com/ryvasa/go-super-farmer/cmd/mail/app/mail_handler.go:37.2,39.12 2 0
github.com/ryvasa/go-super-farmer/cmd/mail/app/mail_handler.go:39.12,40.23 1 0
github.com/ryvasa/go-super-farmer/cmd/mail/app/mail_handler.go:40.23,42.60 2 0
github.com/ryvasa/go-super-farmer/cmd/mail/app/mail_handler.go:42.60,44.13 2 0
github.com/ryvasa/go-super-farmer/cmd/mail/app/mail_handler.go:47.4,47.80 1 0
github.com/ryvasa/go-super-farmer/cmd/mail/app/mail_handler.go:47.80,49.5 1 0
github.com/ryvasa/go-super-farmer/cmd/mail/app/mail_handler.go:49.10,51.5 1 0
github.com/ryvasa/go-super-farmer/cmd/mail/app/mail_handler.go:55.2,58.12 3 0
github.com/ryvasa/go-super-farmer/cmd/mail/app/mail_service.go:20.47,22.2 1 0
github.com/ryvasa/go-super-farmer/cmd/mail/app/mail_service.go:24.69,45.16 9 0
github.com/ryvasa/go-super-farmer/cmd/mail/app/mail_service.go:45.16,47.3 1 0
github.com/ryvasa/go-super-farmer/cmd/mail/app/mail_service.go:48.2,55.41 2 0
github.com/ryvasa/go-super-farmer/cmd/mail/app/mail_service.go:55.41,57.3 1 0
github.com/ryvasa/go-super-farmer/cmd/mail/app/mail_service.go:59.2,59.12 1 0
github.com/ryvasa/go-super-farmer/cmd/mail/pkg/wire/wire_gen.go:18.49,20.16 2 0
github.com/ryvasa/go-super-farmer/cmd/mail/pkg/wire/wire_gen.go:20.16,22.3 1 0
github.com/ryvasa/go-super-farmer/cmd/mail/pkg/wire/wire_gen.go:23.2,24.16 2 0
github.com/ryvasa/go-super-farmer/cmd/mail/pkg/wire/wire_gen.go:24.16,26.3 1 0
github.com/ryvasa/go-super-farmer/cmd/mail/pkg/wire/wire_gen.go:27.2,30.21 4 0
github.com/ryvasa/go-super-farmer/internal/delivery/http/handler/implementation/auth_handler_impl.go:17.85,19.2 1 0
github.com/ryvasa/go-super-farmer/internal/delivery/http/handler/implementation/auth_handler_impl.go:21.49,23.47 2 0
github.com/ryvasa/go-super-farmer/internal/delivery/http/handler/implementation/auth_handler_impl.go:23.47,26.3 2 0
github.com/ryvasa/go-super-farmer/internal/delivery/http/handler/implementation/auth_handler_impl.go:27.2,28.16 2 0
github.com/ryvasa/go-super-farmer/internal/delivery/http/handler/implementation/auth_handler_impl.go:28.16,31.3 2 0
github.com/ryvasa/go-super-farmer/internal/delivery/http/handler/implementation/auth_handler_impl.go:32.2,32.47 1 0
github.com/ryvasa/go-super-farmer/internal/delivery/http/handler/implementation/auth_handler_impl.go:35.51,37.47 2 0
github.com/ryvasa/go-super-farmer/internal/delivery/http/handler/implementation/auth_handler_impl.go:37.47,40.3 2 0
github.com/ryvasa/go-super-farmer/internal/delivery/http/handler/implementation/auth_handler_impl.go:41.2,42.16 2 0
github.com/ryvasa/go-super-farmer/internal/delivery/http/handler/implementation/auth_handler_impl.go:42.16,45.3 2 0
github.com/ryvasa/go-super-farmer/internal/delivery/http/handler/implementation/auth_handler_impl.go:46.2,46.46 1 0
github.com/ryvasa/go-super-farmer/internal/delivery/http/handler/implementation/auth_handler_impl.go:49.53,51.47 2 0
github.com/ryvasa/go-super-farmer/internal/delivery/http/handler/implementation/auth_handler_impl.go:51.47,54.3 2 0
github.com/ryvasa/go-super-farmer/internal/delivery/http/handler/implementation/auth_handler_impl.go:55.2,56.16 2 0
github.com/ryvasa/go-super-farmer/internal/delivery/http/handler/implementation/auth_handler_impl.go:56.16,59.3 2 0
github.com/ryvasa/go-super-farmer/internal/delivery/http/handler/implementation/auth_handler_impl.go:60.2,60.46 1 0
github.com/ryvasa/go-super-farmer/internal/delivery/http/handler/implementation/city_handler_impl.go:18.85,20.2 1 0
github.com/ryvasa/go-super-farmer/internal/delivery/http/handler/implementation/city_handler_impl.go:22.54,24.46 2 0
github.com/ryvasa/go-super-farmer/internal/delivery/http/handler/implementation/city_handler_impl.go:24.46,27.3 2 0
github.com/ryvasa/go-super-farmer/internal/delivery/http/handler/implementation/city_handler_impl.go:28.2,29.16 2 0
github.com/ryvasa/go-super-farmer/internal/delivery/http/handler/implementation/city_handler_impl.go:29.16,32.3 2 0
github.com/ryvasa/go-super-farmer/internal/delivery/http/handler/implementation/city_handler_impl.go:33.2,33.52 1 0
github.com/ryvasa/go-super-farmer/internal/delivery/http/handler/implementation/city_handler_impl.go:36.56,38.16 2 0
github.com/ryvasa/go-super-farmer/internal/delivery/http/handler/implementation/city_handler_impl.go:38.16,41.3 2 0
github.com/ryvasa/go-super-farmer/internal/delivery/http/handler/implementation/city_handler_impl.go:42.2,42.49 1 0
github.com/ryvasa/go-super-farmer/internal/delivery/http/handler/implementation/city_handler_impl.go:45.55,47.16 2 0
github.com/ryvasa/go-super-farmer/internal/delivery/http/handler/implementation/city_handler_impl.go:47.16,50.3 2 0
github.com/ryvasa/go-super-farmer/internal/delivery/http/handler/implementation/city_handler_impl.go:51.2,52.16 2 0
github.com/ryvasa/go-super-farmer/internal/delivery/http/handler/implementation/city_handler_impl.go:52.16,55.3 2 0
github.com/ryvasa/go-super-farmer/internal/delivery/http/handler/implementation/city_handler_impl.go:56.2,56.47 1 0
github.com/ryvasa/go-super-farmer/internal/delivery/http/handler/implementation/city_handler_impl.go:59.54,61.16 2 0
github.com/ryvasa/go-super-farmer/internal/delivery/http/handler/implementation/city_handler_impl.go:61.16,64.3 2 0
github.com/ryvasa/go-super-farmer/internal/delivery/http/handler/implementation/city_handler_impl.go:65.2,66.46 2 0
github.com/ryvasa/go-super-farmer/internal/delivery/http/handler/implementation/city_handler_impl.go:66.46,69.3 2 0
github.com/ryvasa/go-super-farmer/internal/delivery/http/handler/implementation/city_handler_impl.go:70.2,71.16 2 0
github.com/ryvasa/go-super-farmer/internal/delivery/http/handler/implementation/city_handler_impl.go:71.16,74.3 2 0
github.com/ryvasa/go-super-farmer/internal/delivery/http/handler/implementation/city_handler_impl.go:75.2,75.47 1 0
github.com/ryvasa/go-super-farmer/internal/delivery/http/handler/implementation/city_handler_impl.go:78.54,80.16 2 0
github.com/ryvasa/go-super-farmer/internal/delivery/http/handler/implementation/city_handler_impl.go:80.16,83.3 2 0
github.com/ryvasa/go-super-farmer/internal/delivery/http/handler/implementation/city_handler_impl.go:84.2,85.16 2 0
github.com/ryvasa/go-super-farmer/internal/delivery/http/handler/implementation/city_handler_impl.go:85.16,88.3 2 0
github.com/ryvasa/go-super-farmer/internal/delivery/http/handler/implementation/city_handler_impl.go:89.2,89.88 1 0
github.com/ryvasa/go-super-farmer/internal/delivery/http/handler/implementation/commodity_handler_impl.go:18.100,20.2 1 0
github.com/ryvasa/go-super-farmer/internal/delivery/http/handler/implementation/commodity_handler_impl.go:22.64,24.47 2 0
github.com/ryvasa/go-super-farmer/internal/delivery/http/handler/implementation/commodity_handler_impl.go:24.47,27.3 2 0
github.com/ryvasa/go-super-farmer/internal/delivery/http/handler/implementation/commodity_handler_impl.go:28.2,29.16 2 0
github.com/ryvasa/go-super-farmer/internal/delivery/http/handler/implementation/commodity_handler_impl.go:29.16,32.3 2 0
github.com/ryvasa/go-super-farmer/internal/delivery/http/handler/implementation/commodity_handler_impl.go:33.2,33.57 1 0
github.com/ryvasa/go-super-farmer/internal/delivery/http/handler/implementation/commodity_handler_impl.go:36.66,38.16 2 0
github.com/ryvasa/go-super-farmer/internal/delivery/http/handler/implementation/commodity_handler_impl.go:38.16,41.3 2 0
github.com/ryvasa/go-super-farmer/internal/delivery/http/handler/implementation/commodity_handler_impl.go:42.2,43.16 2 0
github.com/ryvasa/go-super-farmer/internal/delivery/http/handler/implementation/commodity_handler_impl.go:43.16,46.3 2 0
github.com/ryvasa/go-super-farmer/internal/delivery/http/handler/implementation/commodity_handler_impl.go:48.2,48.51 1 0
github.com/ryvasa/go-super-farmer/internal/delivery/http/handler/implementation/commodity_handler_impl.go:51.65,53.16 2 0
github.com/ryvasa/go-super-farmer/internal/delivery/http/handler/implementation/commodity_handler_impl.go:53.16,56.3 2 0
github.com/ryvasa/go-super-farmer/internal/delivery/http/handler/implementation/commodity_handler_impl.go:57.2,58.16 2 0
github.com/ryvasa/go-super-farmer/internal/delivery/http/handler/implementation/commodity_handler_impl.go:58.16,61.3 2 0
github.com/ryvasa/go-super-farmer/internal/delivery/http/handler/implementation/commodity_handler_impl.go:62.2,62.22 1 0
github.com/ryvasa/go-super-farmer/internal/delivery/http/handler/implementation/commodity_handler_impl.go:62.22,65.3 2 0
github.com/ryvasa/go-super-farmer/internal/delivery/http/handler/implementation/commodity_handler_impl.go:66.2,66.52 1 0
github.com/ryvasa/go-super-farmer/internal/delivery/http/handler/implementation/commodity_handler_impl.go:69.64,71.16 2 0
github.com/ryvasa/go-super-farmer/internal/delivery/http/handler/implementation/commodity_handler_impl.go:71.16,74.3 2 0
github.com/ryvasa/go-super-farmer/internal/delivery/http/handler/implementation/commodity_handler_impl.go:75.2,76.47 2 0
github.com/ryvasa/go-super-farmer/internal/delivery/http/handler/implementation/commodity_handler_impl.go:76.47,79.3 2 0
github.com/ryvasa/go-super-farmer/internal/delivery/http/handler/implementation/commodity_handler_impl.go:80.2,81.16 2 0
github.com/ryvasa/go-super-farmer/internal/delivery/http/handler/implementation/commodity_handler_impl.go:81.16,84.3 2 0
github.com/ryvasa/go-super-farmer/internal/delivery/http/handler/implementation/commodity_handler_impl.go:85.2,85.59 1 0
github.com/ryvasa/go-super-farmer/internal/delivery/http/handler/implementation/commodity_handler_impl.go:88.64,90.16 2 0
github.com/ryvasa/go-super-farmer/internal/delivery/http/handler/implementation/commodity_handler_impl.go:90.16,93.3 2 0
github.com/ryvasa/go-super-farmer/internal/delivery/http/handler/implementation/commodity_handler_impl.go:94.2,94.52 1 0
github.com/ryvasa/go-super-farmer/internal/delivery/http/handler/implementation/commodity_handler_impl.go:94.52,97.3 2 0
github.com/ryvasa/go-super-farmer/internal/delivery/http/handler/implementation/commodity_handler_impl.go:98.2,98.93 1 0
github.com/ryvasa/go-super-farmer/internal/delivery/http/handler/implementation/commodity_handler_impl.go:101.65,103.16 2 0
github.com/ryvasa/go-super-farmer/internal/delivery/http/handler/implementation/commodity_handler_impl.go:103.16,106.3 2 0
github.com/ryvasa/go-super-farmer/internal/delivery/http/handler/implementation/commodity_handler_impl.go:107.2,108.16 2 0
github.com/ryvasa/go-super-farmer/internal/delivery/http/handler/implementation/commodity_handler_impl.go:108.16,111.3 2 0
github.com/ryvasa/go-super-farmer/internal/delivery/http/handler/implementation/commodity_handler_impl.go:112.2,112.60 1 0
github.com/ryvasa/go-super-farmer/internal/delivery/http/handler/implementation/demand_handler_impl.go:18.91,20.2 1 0
github.com/ryvasa/go-super-farmer/internal/delivery/http/handler/implementation/demand_handler_impl.go:22.58,24.47 2 0
github.com/ryvasa/go-super-farmer/internal/delivery/http/handler/implementation/demand_handler_impl.go:24.47,27.3 2 0
github.com/ryvasa/go-super-farmer/internal/delivery/http/handler/implementation/demand_handler_impl.go:28.2,29.16 2 0
github.com/ryvasa/go-super-farmer/internal/delivery/http/handler/implementation/demand_handler_impl.go:29.16,32.3 2 0
github.com/ryvasa/go-super-farmer/internal/delivery/http/handler/implementation/demand_handler_impl.go:33.2,33.54 1 0
github.com/ryvasa/go-super-farmer/internal/delivery/http/handler/implementation/demand_handler_impl.go:36.59,38.16 2 0
github.com/ryvasa/go-super-farmer/internal/delivery/http/handler/implementation/demand_handler_impl.go:38.16,41.3 2 0
github.com/ryvasa/go-super-farmer/internal/delivery/http/handler/implementation/demand_handler_impl.go:42.2,42.50 1 0
github.com/ryvasa/go-super-farmer/internal/delivery/http/handler/implementation/demand_handler_impl.go:45.59,47.16 2 0
github.com/ryvasa/go-super-farmer/internal/delivery/http/handler/implementation/demand_handler_impl.go:47.16,50.3 2 0
github.com/ryvasa/go-super-farmer/internal/delivery/http/handler/implementation/demand_handler_impl.go:52.2,53.16 2 0
github.com/ryvasa/go-super-farmer/internal/delivery/http/handler/implementation/demand_handler_impl.go:53.16,56.3 2 0
github.com/ryvasa/go-super-farmer/internal/delivery/http/handler/implementation/demand_handler_impl.go:57.2,57.49 1 0
github.com/ryvasa/go-super-farmer/internal/delivery/http/handler/implementation/demand_handler_impl.go:60.69,62.16 2 0
github.com/ryvasa/go-super-farmer/internal/delivery/http/handler/implementation/demand_handler_impl.go:62.16,65.3 2 0
github.com/ryvasa/go-super-farmer/internal/delivery/http/handler/implementation/demand_handler_impl.go:66.2,67.16 2 0
github.com/ryvasa/go-super-farmer/internal/delivery/http/handler/implementation/demand_handler_impl.go:67.16,70.3 2 0
github.com/ryvasa/go-super-farmer/internal/delivery/http/handler/implementation/demand_handler_impl.go:71.2,71.50 1 0
github.com/ryvasa/go-super-farmer/internal/delivery/http/handler/implementation/demand_handler_impl.go:74.66,76.16 2 0
github.com/ryvasa/go-super-farmer/internal/delivery/http/handler/implementation/demand_handler_impl.go:76.16,79.3 2 0
github.com/ryvasa/go-super-farmer/internal/delivery/http/handler/implementation/demand_handler_impl.go:80.2,81.16 2 0
github.com/ryvasa/go-super-farmer/internal/delivery/http/handler/implementation/demand_handler_impl.go:81.16,84.3 2 0
github.com/ryvasa/go-super-farmer/internal/delivery/http/handler/implementation/demand_handler_impl.go:85.2,85.50 1 0
github.com/ryvasa/go-super-farmer/internal/delivery/http/handler/implementation/demand_handler_impl.go:88.58,90.16 2 0
github.com/ryvasa/go-super-farmer/internal/delivery/http/handler/implementation/demand_handler_impl.go:90.16,93.3 2 0
github.com/ryvasa/go-super-farmer/internal/delivery/http/handler/implementation/demand_handler_impl.go:94.2,95.47 2 0
github.com/ryvasa/go-super-farmer/internal/delivery/http/handler/implementation/demand_handler_impl.go:95.47,98.3 2 0
github.com/ryvasa/go-super-farmer/internal/delivery/http/handler/implementation/demand_handler_impl.go:99.2,100.16 2 0
github.com/ryvasa/go-super-farmer/internal/delivery/http/handler/implementation/demand_handler_impl.go:100.16,103.3 2 0
github.com/ryvasa/go-super-farmer/internal/delivery/http/handler/implementation/demand_handler_impl.go:104.2,104.56 1 0
github.com/ryvasa/go-super-farmer/internal/delivery/http/handler/implementation/demand_handler_impl.go:106.58,108.16 2 0
github.com/ryvasa/go-super-farmer/internal/delivery/http/handler/implementation/demand_handler_impl.go:108.16,111.3 2 0
github.com/ryvasa/go-super-farmer/internal/delivery/http/handler/implementation/demand_handler_impl.go:113.2,114.16 2 0
github.com/ryvasa/go-super-farmer/internal/delivery/http/handler/implementation/demand_handler_impl.go:114.16,117.3 2 0
github.com/ryvasa/go-super-farmer/internal/delivery/http/handler/implementation/demand_handler_impl.go:118.2,118.90 1 0
github.com/ryvasa/go-super-farmer/internal/delivery/http/handler/implementation/demand_handler_impl.go:121.86,123.16 2 0
github.com/ryvasa/go-super-farmer/internal/delivery/http/handler/implementation/demand_handler_impl.go:123.16,126.3 2 0
github.com/ryvasa/go-super-farmer/internal/delivery/http/handler/implementation/demand_handler_impl.go:127.2,128.16 2 0
github.com/ryvasa/go-super-farmer/internal/delivery/http/handler/implementation/demand_handler_impl.go:128.16,131.3 2 0
github.com/ryvasa/go-super-farmer/internal/delivery/http/handler/implementation/demand_handler_impl.go:132.2,133.16 2 0
github.com/ryvasa/go-super-farmer/internal/delivery/http/handler/implementation/demand_handler_impl.go:133.16,136.3 2 0
github.com/ryvasa/go-super-farmer/internal/delivery/http/handler/implementation/demand_handler_impl.go:137.2,137.50 1 0
github.com/ryvasa/go-super-farmer/internal/delivery/http/handler/implementation/harvest_handler_impl.go:21.94,23.2 1 0
github.com/ryvasa/go-super-farmer/internal/delivery/http/handler/implementation/harvest_handler_impl.go:25.60,27.47 2 0
github.com/ryvasa/go-super-farmer/internal/delivery/http/handler/implementation/harvest_handler_impl.go:27.47,30.3 2 0
github.com/ryvasa/go-super-farmer/internal/delivery/http/handler/implementation/harvest_handler_impl.go:31.2,32.16 2 0
github.com/ryvasa/go-super-farmer/internal/delivery/http/handler/implementation/harvest_handler_impl.go:32.16,35.3 2 0
github.com/ryvasa/go-super-farmer/internal/delivery/http/handler/implementation/harvest_handler_impl.go:36.2,36.55 1 0
github.com/ryvasa/go-super-farmer/internal/delivery/http/handler/implementation/harvest_handler_impl.go:39.60,41.16 2 0
github.com/ryvasa/go-super-farmer/internal/delivery/http/handler/implementation/harvest_handler_impl.go:41.16,44.3 2 0
github.com/ryvasa/go-super-farmer/internal/delivery/http/handler/implementation/harvest_handler_impl.go:45.2,45.51 1 0
github.com/ryvasa/go-super-farmer/internal/delivery/http/handler/implementation/harvest_handler_impl.go:48.61,50.16 2 0
github.com/ryvasa/go-super-farmer/internal/delivery/http/handler/implementation/harvest_handler_impl.go:50.16,53.3 2 0
github.com/ryvasa/go-super-farmer/internal/delivery/http/handler/implementation/harvest_handler_impl.go:54.2,55.16 2 0
github.com/ryvasa/go-super-farmer/internal/delivery/http/handler/implementation/harvest_handler_impl.go:55.16,58.3 2 0
github.com/ryvasa/go-super-farmer/internal/delivery/http/handler/implementation/harvest_handler_impl.go:59.2,59.50 1 0
github.com/ryvasa/go-super-farmer/internal/delivery/http/handler/implementation/harvest_handler_impl.go:62.70,64.16 2 0
github.com/ryvasa/go-super-farmer/internal/delivery/http/handler/implementation/harvest_handler_impl.go:64.16,67.3 2 0
github.com/ryvasa/go-super-farmer/internal/delivery/http/handler/implementation/harvest_handler_impl.go:68.2,69.16 2 0
github.com/ryvasa/go-super-farmer/internal/delivery/http/handler/implementation/harvest_handler_impl.go:69.16,72.3 2 0
github.com/ryvasa/go-super-farmer/internal/delivery/http/handler/implementation/harvest_handler_impl.go:73.2,73.51 1 0
github.com/ryvasa/go-super-farmer/internal/delivery/http/handler/implementation/harvest_handler_impl.go:76.65,78.16 2 0
github.com/ryvasa/go-super-farmer/internal/delivery/http/handler/implementation/harvest_handler_impl.go:78.16,81.3 2 0
github.com/ryvasa/go-super-farmer/internal/delivery/http/handler/implementation/harvest_handler_impl.go:82.2,83.16 2 0
github.com/ryvasa/go-super-farmer/internal/delivery/http/handler/implementation/harvest_handler_impl.go:83.16,86.3 2 0
github.com/ryvasa/go-super-farmer/internal/delivery/http/handler/implementation/harvest_handler_impl.go:87.2,87.51 1 0
github.com/ryvasa/go-super-farmer/internal/delivery/http/handler/implementation/harvest_handler_impl.go:90.74,92.16 2 0
github.com/ryvasa/go-super-farmer/internal/delivery/http/handler/implementation/harvest_handler_impl.go:92.16,95.3 2 0
github.com/ryvasa/go-super-farmer/internal/delivery/http/handler/implementation/harvest_handler_impl.go:97.2,98.16 2 0
github.com/ryvasa/go-super-farmer/internal/delivery/http/handler/implementation/harvest_handler_impl.go:98.16,101.3 2 0
github.com/ryvasa/go-super-farmer/internal/delivery/http/handler/implementation/harvest_handler_impl.go:102.2,102.51 1 0
github.com/ryvasa/go-super-farmer/internal/delivery/http/handler/implementation/harvest_handler_impl.go:105.67,107.16 2 0
github.com/ryvasa/go-super-farmer/internal/delivery/http/handler/implementation/harvest_handler_impl.go:107.16,110.3 2 0
github.com/ryvasa/go-super-farmer/internal/delivery/http/handler/implementation/harvest_handler_impl.go:111.2,112.16 2 0
github.com/ryvasa/go-super-farmer/internal/delivery/http/handler/implementation/harvest_handler_impl.go:112.16,115.3 2 0
github.com/ryvasa/go-super-farmer/internal/delivery/http/handler/implementation/harvest_handler_impl.go:116.2,116.51 1 0
github.com/ryvasa/go-super-farmer/internal/delivery/http/handler/implementation/harvest_handler_impl.go:119.60,121.16 2 0
github.com/ryvasa/go-super-farmer/internal/delivery/http/handler/implementation/harvest_handler_impl.go:121.16,124.3 2 0
github.com/ryvasa/go-super-farmer/internal/delivery/http/handler/implementation/harvest_handler_impl.go:125.2,126.47 2 0
github.com/ryvasa/go-super-farmer/internal/delivery/http/handler/implementation/harvest_handler_impl.go:126.47,129.3 2 0
github.com/ryvasa/go-super-farmer/internal/delivery/http/handler/implementation/harvest_handler_impl.go:130.2,131.16 2 0
github.com/ryvasa/go-super-farmer/internal/delivery/http/handler/implementation/harvest_handler_impl.go:131.16,134.3 2 0
github.com/ryvasa/go-super-farmer/internal/delivery/http/handler/implementation/harvest_handler_impl.go:135.2,135.57 1 0
github.com/ryvasa/go-super-farmer/internal/delivery/http/handler/implementation/harvest_handler_impl.go:138.60,140.16 2 0
github.com/ryvasa/go-super-farmer/internal/delivery/http/handler/implementation/harvest_handler_impl.go:140.16,143.3 2 0
github.com/ryvasa/go-super-farmer/internal/delivery/http/handler/implementation/harvest_handler_impl.go:145.2,146.16 2 0
github.com/ryvasa/go-super-farmer/internal/delivery/http/handler/implementation/harvest_handler_impl.go:146.16,149.3 2 0
github.com/ryvasa/go-super-farmer/internal/delivery/http/handler/implementation/harvest_handler_impl.go:150.2,150.91 1 0
github.com/ryvasa/go-super-farmer/internal/delivery/http/handler/implementation/harvest_handler_impl.go:153.61,155.16 2 0
github.com/ryvasa/go-super-farmer/internal/delivery/http/handler/implementation/harvest_handler_impl.go:155.16,158.3 2 0
github.com/ryvasa/go-super-farmer/internal/delivery/http/handler/implementation/harvest_handler_impl.go:159.2,160.16 2 0
github.com/ryvasa/go-super-farmer/internal/delivery/http/handler/implementation/harvest_handler_impl.go:160.16,163.3 2 0
github.com/ryvasa/go-super-farmer/internal/delivery/http/handler/implementation/harvest_handler_impl.go:164.2,164.58 1 0
github.com/ryvasa/go-super-farmer/internal/delivery/http/handler/implementation/harvest_handler_impl.go:167.67,169.16 2 0
github.com/ryvasa/go-super-farmer/internal/delivery/http/handler/implementation/harvest_handler_impl.go:169.16,172.3 2 0
github.com/ryvasa/go-super-farmer/internal/delivery/http/handler/implementation/harvest_handler_impl.go:173.2,173.51 1 0
github.com/ryvasa/go-super-farmer/internal/delivery/http/handler/implementation/harvest_handler_impl.go:176.68,178.16 2 0
github.com/ryvasa/go-super-farmer/internal/delivery/http/handler/implementation/harvest_handler_impl.go:178.16,181.3 2 0
github.com/ryvasa/go-super-farmer/internal/delivery/http/handler/implementation/harvest_handler_impl.go:182.2,183.16 2 0
github.com/ryvasa/go-super-farmer/internal/delivery/http/handler/implementation/harvest_handler_impl.go:183.16,186.3 2 0
github.com/ryvasa/go-super-farmer/internal/delivery/http/handler/implementation/harvest_handler_impl.go:187.2,187.50 1 0
github.com/ryvasa/go-super-farmer/internal/delivery/http/handler/implementation/harvest_handler_impl.go:190.79,194.24 3 0
github.com/ryvasa/go-super-farmer/internal/delivery/http/handler/implementation/harvest_handler_impl.go:194.24,196.17 2 0
github.com/ryvasa/go-super-farmer/internal/delivery/http/handler/implementation/harvest_handler_impl.go:196.17,199.4 2 0
github.com/ryvasa/go-super-farmer/internal/delivery/http/handler/implementation/harvest_handler_impl.go:200.3,200.38 1 0
github.com/ryvasa/go-super-farmer/internal/delivery/http/handler/implementation/harvest_handler_impl.go:202.2,203.22 2 0
github.com/ryvasa/go-super-farmer/internal/delivery/http/handler/implementation/harvest_handler_impl.go:203.22,205.17 2 0
github.com/ryvasa/go-super-farmer/internal/delivery/http/handler/implementation/harvest_handler_impl.go:205.17,208.4 2 0
github.com/ryvasa/go-super-farmer/internal/delivery/http/handler/implementation/harvest_handler_impl.go:209.3,209.34 1 0
github.com/ryvasa/go-super-farmer/internal/delivery/http/handler/implementation/harvest_handler_impl.go:212.2,213.16 2 0
github.com/ryvasa/go-super-farmer/internal/delivery/http/handler/implementation/harvest_handler_impl.go:213.16,216.3 2 0
github.com/ryvasa/go-super-farmer/internal/delivery/http/handler/implementation/harvest_handler_impl.go:217.2,219.16 3 0
github.com/ryvasa/go-super-farmer/internal/delivery/http/handler/implementation/harvest_handler_impl.go:219.16,222.3 2 0
github.com/ryvasa/go-super-farmer/internal/delivery/http/handler/implementation/harvest_handler_impl.go:224.2,228.4 1 0
github.com/ryvasa/go-super-farmer/internal/delivery/http/handler/implementation/harvest_handler_impl.go:231.66,238.16 6 0
github.com/ryvasa/go-super-farmer/internal/delivery/http/handler/implementation/harvest_handler_impl.go:238.16,241.3 2 0
github.com/ryvasa/go-super-farmer/internal/delivery/http/handler/implementation/harvest_handler_impl.go:243.2,243.23 1 0
github.com/ryvasa/go-super-farmer/internal/delivery/http/handler/implementation/harvest_handler_impl.go:243.23,246.3 2 0
github.com/ryvasa/go-super-farmer/internal/delivery/http/handler/implementation/harvest_handler_impl.go:249.2,258.20 6 0
github.com/ryvasa/go-super-farmer/internal/delivery/http/handler/implementation/land_commodity_handler_impl.go:18.112,20.2 1 0
github.com/ryvasa/go-super-farmer/internal/delivery/http/handler/implementation/land_commodity_handler_impl.go:22.72,24.47 2 0
github.com/ryvasa/go-super-farmer/internal/delivery/http/handler/implementation/land_commodity_handler_impl.go:24.47,27.3 2 0
github.com/ryvasa/go-super-farmer/internal/delivery/http/handler/implementation/land_commodity_handler_impl.go:28.2,29.16 2 0
github.com/ryvasa/go-super-farmer/internal/delivery/http/handler/implementation/land_commodity_handler_impl.go:29.16,32.3 2 0
github.com/ryvasa/go-super-farmer/internal/delivery/http/handler/implementation/land_commodity_handler_impl.go:33.2,33.61 1 0
github.com/ryvasa/go-super-farmer/internal/delivery/http/handler/implementation/land_commodity_handler_impl.go:36.73,38.16 2 0
github.com/ryvasa/go-super-farmer/internal/delivery/http/handler/implementation/land_commodity_handler_impl.go:38.16,41.3 2 0
github.com/ryvasa/go-super-farmer/internal/delivery/http/handler/implementation/land_commodity_handler_impl.go:43.2,44.16 2 0
github.com/ryvasa/go-super-farmer/internal/delivery/http/handler/implementation/land_commodity_handler_impl.go:44.16,47.3 2 0
github.com/ryvasa/go-super-farmer/internal/delivery/http/handler/implementation/land_commodity_handler_impl.go:48.2,48.56 1 0
github.com/ryvasa/go-super-farmer/internal/delivery/http/handler/implementation/land_commodity_handler_impl.go:51.77,53.16 2 0
github.com/ryvasa/go-super-farmer/internal/delivery/http/handler/implementation/land_commodity_handler_impl.go:53.16,56.3 2 0
github.com/ryvasa/go-super-farmer/internal/delivery/http/handler/implementation/land_commodity_handler_impl.go:57.2,58.16 2 0
github.com/ryvasa/go-super-farmer/internal/delivery/http/handler/implementation/land_commodity_handler_impl.go:58.16,61.3 2 0
github.com/ryvasa/go-super-farmer/internal/delivery/http/handler/implementation/land_commodity_handler_impl.go:62.2,62.59 1 0
github.com/ryvasa/go-super-farmer/internal/delivery/http/handler/implementation/land_commodity_handler_impl.go:65.72,67.16 2 0
github.com/ryvasa/go-super-farmer/internal/delivery/http/handler/implementation/land_commodity_handler_impl.go:67.16,70.3 2 0
github.com/ryvasa/go-super-farmer/internal/delivery/http/handler/implementation/land_commodity_handler_impl.go:71.2,71.58 1 0
github.com/ryvasa/go-super-farmer/internal/delivery/http/handler/implementation/land_commodity_handler_impl.go:74.82,76.16 2 0
github.com/ryvasa/go-super-farmer/internal/delivery/http/handler/implementation/land_commodity_handler_impl.go:76.16,79.3 2 0
github.com/ryvasa/go-super-farmer/internal/delivery/http/handler/implementation/land_commodity_handler_impl.go:80.2,81.16 2 0
github.com/ryvasa/go-super-farmer/internal/delivery/http/handler/implementation/land_commodity_handler_impl.go:81.16,84.3 2 0
github.com/ryvasa/go-super-farmer/internal/delivery/http/handler/implementation/land_commodity_handler_impl.go:85.2,85.58 1 0
github.com/ryvasa/go-super-farmer/internal/delivery/http/handler/implementation/land_commodity_handler_impl.go:88.72,90.16 2 0
github.com/ryvasa/go-super-farmer/internal/delivery/http/handler/implementation/land_commodity_handler_impl.go:90.16,93.3 2 0
github.com/ryvasa/go-super-farmer/internal/delivery/http/handler/implementation/land_commodity_handler_impl.go:95.2,96.47 2 0
github.com/ryvasa/go-super-farmer/internal/delivery/http/handler/implementation/land_commodity_handler_impl.go:96.47,99.3 2 0
github.com/ryvasa/go-super-farmer/internal/delivery/http/handler/implementation/land_commodity_handler_impl.go:100.2,101.16 2 0
github.com/ryvasa/go-super-farmer/internal/delivery/http/handler/implementation/land_commodity_handler_impl.go:101.16,104.3 2 0
github.com/ryvasa/go-super-farmer/internal/delivery/http/handler/implementation/land_commodity_handler_impl.go:105.2,105.63 1 0
github.com/ryvasa/go-super-farmer/internal/delivery/http/handler/implementation/land_commodity_handler_impl.go:108.72,110.16 2 0
github.com/ryvasa/go-super-farmer/internal/delivery/http/handler/implementation/land_commodity_handler_impl.go:110.16,113.3 2 0
github.com/ryvasa/go-super-farmer/internal/delivery/http/handler/implementation/land_commodity_handler_impl.go:115.2,116.16 2 0
github.com/ryvasa/go-super-farmer/internal/delivery/http/handler/implementation/land_commodity_handler_impl.go:116.16,119.3 2 0
github.com/ryvasa/go-super-farmer/internal/delivery/http/handler/implementation/land_commodity_handler_impl.go:120.2,120.98 1 0
github.com/ryvasa/go-super-farmer/internal/delivery/http/handler/implementation/land_commodity_handler_impl.go:123.73,125.16 2 0
github.com/ryvasa/go-super-farmer/internal/delivery/http/handler/implementation/land_commodity_handler_impl.go:125.16,128.3 2 0
github.com/ryvasa/go-super-farmer/internal/delivery/http/handler/implementation/land_commodity_handler_impl.go:129.2,130.16 2 0
github.com/ryvasa/go-super-farmer/internal/delivery/http/handler/implementation/land_commodity_handler_impl.go:130.16,133.3 2 0
github.com/ryvasa/go-super-farmer/internal/delivery/http/handler/implementation/land_commodity_handler_impl.go:134.2,134.64 1 0
github.com/ryvasa/go-super-farmer/internal/delivery/http/handler/implementation/land_handler_impl.go:19.110,21.2 1 0
github.com/ryvasa/go-super-farmer/internal/delivery/http/handler/implementation/land_handler_impl.go:23.54,25.16 2 0
github.com/ryvasa/go-super-farmer/internal/delivery/http/handler/implementation/land_handler_impl.go:25.16,28.3 2 0
github.com/ryvasa/go-super-farmer/internal/delivery/http/handler/implementation/land_handler_impl.go:30.2,31.47 2 0
github.com/ryvasa/go-super-farmer/internal/delivery/http/handler/implementation/land_handler_impl.go:31.47,34.3 2 0
github.com/ryvasa/go-super-farmer/internal/delivery/http/handler/implementation/land_handler_impl.go:35.2,36.16 2 0
github.com/ryvasa/go-super-farmer/internal/delivery/http/handler/implementation/land_handler_impl.go:36.16,39.3 2 0
github.com/ryvasa/go-super-farmer/internal/delivery/http/handler/implementation/land_handler_impl.go:40.2,40.52 1 0
github.com/ryvasa/go-super-farmer/internal/delivery/http/handler/implementation/land_handler_impl.go:43.55,45.16 2 0
github.com/ryvasa/go-super-farmer/internal/delivery/http/handler/implementation/land_handler_impl.go:45.16,48.3 2 0
github.com/ryvasa/go-super-farmer/internal/delivery/http/handler/implementation/land_handler_impl.go:49.2,50.16 2 0
github.com/ryvasa/go-super-farmer/internal/delivery/http/handler/implementation/land_handler_impl.go:50.16,53.3 2 0
github.com/ryvasa/go-super-farmer/internal/delivery/http/handler/implementation/land_handler_impl.go:54.2,54.47 1 0
github.com/ryvasa/go-super-farmer/internal/delivery/http/handler/implementation/land_handler_impl.go:57.59,59.16 2 0
github.com/ryvasa/go-super-farmer/internal/delivery/http/handler/implementation/land_handler_impl.go:59.16,62.3 2 0
github.com/ryvasa/go-super-farmer/internal/delivery/http/handler/implementation/land_handler_impl.go:63.2,64.16 2 0
github.com/ryvasa/go-super-farmer/internal/delivery/http/handler/implementation/land_handler_impl.go:64.16,67.3 2 0
github.com/ryvasa/go-super-farmer/internal/delivery/http/handler/implementation/land_handler_impl.go:68.2,68.48 1 0
github.com/ryvasa/go-super-farmer/internal/delivery/http/handler/implementation/land_handler_impl.go:71.55,73.16 2 0
github.com/ryvasa/go-super-farmer/internal/delivery/http/handler/implementation/land_handler_impl.go:73.16,76.3 2 0
github.com/ryvasa/go-super-farmer/internal/delivery/http/handler/implementation/land_handler_impl.go:77.2,77.48 1 0
github.com/ryvasa/go-super-farmer/internal/delivery/http/handler/implementation/land_handler_impl.go:80.54,82.16 2 0
github.com/ryvasa/go-super-farmer/internal/delivery/http/handler/implementation/land_handler_impl.go:82.16,85.3 2 0
github.com/ryvasa/go-super-farmer/internal/delivery/http/handler/implementation/land_handler_impl.go:87.2,88.16 2 0
github.com/ryvasa/go-super-farmer/internal/delivery/http/handler/implementation/land_handler_impl.go:88.16,91.3 2 0
github.com/ryvasa/go-super-farmer/internal/delivery/http/handler/implementation/land_handler_impl.go:93.2,94.47 2 0
github.com/ryvasa/go-super-farmer/internal/delivery/http/handler/implementation/land_handler_impl.go:94.47,97.3 2 0
github.com/ryvasa/go-super-farmer/internal/delivery/http/handler/implementation/land_handler_impl.go:98.2,99.16 2 0
github.com/ryvasa/go-super-farmer/internal/delivery/http/handler/implementation/land_handler_impl.go:99.16,102.3 2 0
github.com/ryvasa/go-super-farmer/internal/delivery/http/handler/implementation/land_handler_impl.go:103.2,103.54 1 0
github.com/ryvasa/go-super-farmer/internal/delivery/http/handler/implementation/land_handler_impl.go:106.54,108.16 2 0
github.com/ryvasa/go-super-farmer/internal/delivery/http/handler/implementation/land_handler_impl.go:108.16,111.3 2 0
github.com/ryvasa/go-super-farmer/internal/delivery/http/handler/implementation/land_handler_impl.go:112.2,113.16 2 0
github.com/ryvasa/go-super-farmer/internal/delivery/http/handler/implementation/land_handler_impl.go:113.16,116.3 2 0
github.com/ryvasa/go-super-farmer/internal/delivery/http/handler/implementation/land_handler_impl.go:117.2,117.88 1 0
github.com/ryvasa/go-super-farmer/internal/delivery/http/handler/implementation/land_handler_impl.go:120.55,122.16 2 0
github.com/ryvasa/go-super-farmer/internal/delivery/http/handler/implementation/land_handler_impl.go:122.16,125.3 2 0
github.com/ryvasa/go-super-farmer/internal/delivery/http/handler/implementation/land_handler_impl.go:126.2,127.16 2 0
github.com/ryvasa/go-super-farmer/internal/delivery/http/handler/implementation/land_handler_impl.go:127.16,130.3 2 0
github.com/ryvasa/go-super-farmer/internal/delivery/http/handler/implementation/land_handler_impl.go:131.2,131.55 1 0
github.com/ryvasa/go-super-farmer/internal/delivery/http/handler/implementation/price_handler_impl.go:21.88,23.2 1 0
github.com/ryvasa/go-super-farmer/internal/delivery/http/handler/implementation/price_handler_impl.go:25.56,27.47 2 0
github.com/ryvasa/go-super-farmer/internal/delivery/http/handler/implementation/price_handler_impl.go:27.47,30.3 2 0
github.com/ryvasa/go-super-farmer/internal/delivery/http/handler/implementation/price_handler_impl.go:31.2,32.16 2 0
github.com/ryvasa/go-super-farmer/internal/delivery/http/handler/implementation/price_handler_impl.go:32.16,35.3 2 0
github.com/ryvasa/go-super-farmer/internal/delivery/http/handler/implementation/price_handler_impl.go:36.2,36.60 1 0
github.com/ryvasa/go-super-farmer/internal/delivery/http/handler/implementation/price_handler_impl.go:39.57,41.16 2 0
github.com/ryvasa/go-super-farmer/internal/delivery/http/handler/implementation/price_handler_impl.go:41.16,44.3 2 0
github.com/ryvasa/go-super-farmer/internal/delivery/http/handler/implementation/price_handler_impl.go:45.2,45.49 1 0
github.com/ryvasa/go-super-farmer/internal/delivery/http/handler/implementation/price_handler_impl.go:48.57,50.16 2 0
github.com/ryvasa/go-super-farmer/internal/delivery/http/handler/implementation/price_handler_impl.go:50.16,53.3 2 0
github.com/ryvasa/go-super-farmer/internal/delivery/http/handler/implementation/price_handler_impl.go:54.2,55.16 2 0
github.com/ryvasa/go-super-farmer/internal/delivery/http/handler/implementation/price_handler_impl.go:55.16,58.3 2 0
github.com/ryvasa/go-super-farmer/internal/delivery/http/handler/implementation/price_handler_impl.go:59.2,59.47 1 0
github.com/ryvasa/go-super-farmer/internal/delivery/http/handler/implementation/price_handler_impl.go:62.67,64.16 2 0
github.com/ryvasa/go-super-farmer/internal/delivery/http/handler/implementation/price_handler_impl.go:64.16,67.3 2 0
github.com/ryvasa/go-super-farmer/internal/delivery/http/handler/implementation/price_handler_impl.go:69.2,70.16 2 0
github.com/ryvasa/go-super-farmer/internal/delivery/http/handler/implementation/price_handler_impl.go:70.16,73.3 2 0
github.com/ryvasa/go-super-farmer/internal/delivery/http/handler/implementation/price_handler_impl.go:74.2,74.49 1 0
github.com/ryvasa/go-super-farmer/internal/delivery/http/handler/implementation/price_handler_impl.go:77.64,79.16 2 0
github.com/ryvasa/go-super-farmer/internal/delivery/http/handler/implementation/price_handler_impl.go:79.16,82.3 2 0
github.com/ryvasa/go-super-farmer/internal/delivery/http/handler/implementation/price_handler_impl.go:84.2,85.16 2 0
github.com/ryvasa/go-super-farmer/internal/delivery/http/handler/implementation/price_handler_impl.go:85.16,88.3 2 0
github.com/ryvasa/go-super-farmer/internal/delivery/http/handler/implementation/price_handler_impl.go:89.2,89.49 1 0
github.com/ryvasa/go-super-farmer/internal/delivery/http/handler/implementation/price_handler_impl.go:92.56,94.16 2 0
github.com/ryvasa/go-super-farmer/internal/delivery/http/handler/implementation/price_handler_impl.go:94.16,97.3 2 0
github.com/ryvasa/go-super-farmer/internal/delivery/http/handler/implementation/price_handler_impl.go:98.2,99.47 2 0
github.com/ryvasa/go-super-farmer/internal/delivery/http/handler/implementation/price_handler_impl.go:99.47,102.3 2 0
github.com/ryvasa/go-super-farmer/internal/delivery/http/handler/implementation/price_handler_impl.go:103.2,104.16 2 0
github.com/ryvasa/go-super-farmer/internal/delivery/http/handler/implementation/price_handler_impl.go:104.16,107.3 2 0
github.com/ryvasa/go-super-farmer/internal/delivery/http/handler/implementation/price_handler_impl.go:108.2,108.55 1 0
github.com/ryvasa/go-super-farmer/internal/delivery/http/handler/implementation/price_handler_impl.go:111.56,113.16 2 0
github.com/ryvasa/go-super-farmer/internal/delivery/http/handler/implementation/price_handler_impl.go:113.16,116.3 2 0
github.com/ryvasa/go-super-farmer/internal/delivery/http/handler/implementation/price_handler_impl.go:117.2,117.48 1 0
github.com/ryvasa/go-super-farmer/internal/delivery/http/handler/implementation/price_handler_impl.go:117.48,120.3 2 0
github.com/ryvasa/go-super-farmer/internal/delivery/http/handler/implementation/price_handler_impl.go:121.2,121.89 1 0
github.com/ryvasa/go-super-farmer/internal/delivery/http/handler/implementation/price_handler_impl.go:124.57,126.16 2 0
github.com/ryvasa/go-super-farmer/internal/delivery/http/handler/implementation/price_handler_impl.go:126.16,129.3 2 0
github.com/ryvasa/go-super-farmer/internal/delivery/http/handler/implementation/price_handler_impl.go:131.2,132.16 2 0
github.com/ryvasa/go-super-farmer/internal/delivery/http/handler/implementation/price_handler_impl.go:132.16,135.3 2 0
github.com/ryvasa/go-super-farmer/internal/delivery/http/handler/implementation/price_handler_impl.go:136.2,136.56 1 0
github.com/ryvasa/go-super-farmer/internal/delivery/http/handler/implementation/price_handler_impl.go:139.77,141.16 2 0
github.com/ryvasa/go-super-farmer/internal/delivery/http/handler/implementation/price_handler_impl.go:141.16,144.3 2 0
github.com/ryvasa/go-super-farmer/internal/delivery/http/handler/implementation/price_handler_impl.go:145.2,146.16 2 0
github.com/ryvasa/go-super-farmer/internal/delivery/http/handler/implementation/price_handler_impl.go:146.16,149.3 2 0
github.com/ryvasa/go-super-farmer/internal/delivery/http/handler/implementation/price_handler_impl.go:151.2,152.16 2 0
github.com/ryvasa/go-super-farmer/internal/delivery/http/handler/implementation/price_handler_impl.go:152.16,155.3 2 0
github.com/ryvasa/go-super-farmer/internal/delivery/http/handler/implementation/price_handler_impl.go:156.2,156.48 1 0
github.com/ryvasa/go-super-farmer/internal/delivery/http/handler/implementation/price_handler_impl.go:159.85,161.16 2 0
github.com/ryvasa/go-super-farmer/internal/delivery/http/handler/implementation/price_handler_impl.go:161.16,164.3 2 0
github.com/ryvasa/go-super-farmer/internal/delivery/http/handler/implementation/price_handler_impl.go:165.2,166.16 2 0
github.com/ryvasa/go-super-farmer/internal/delivery/http/handler/implementation/price_handler_impl.go:166.16,169.3 2 0
github.com/ryvasa/go-super-farmer/internal/delivery/http/handler/implementation/price_handler_impl.go:171.2,172.16 2 0
github.com/ryvasa/go-super-farmer/internal/delivery/http/handler/implementation/price_handler_impl.go:172.16,175.3 2 0
github.com/ryvasa/go-super-farmer/internal/delivery/http/handler/implementation/price_handler_impl.go:176.2,176.55 1 0
github.com/ryvasa/go-super-farmer/internal/delivery/http/handler/implementation/price_handler_impl.go:179.90,184.24 3 0
github.com/ryvasa/go-super-farmer/internal/delivery/http/handler/implementation/price_handler_impl.go:184.24,186.17 2 0
github.com/ryvasa/go-super-farmer/internal/delivery/http/handler/implementation/price_handler_impl.go:186.17,189.4 2 0
github.com/ryvasa/go-super-farmer/internal/delivery/http/handler/implementation/price_handler_impl.go:190.3,190.36 1 0
github.com/ryvasa/go-super-farmer/internal/delivery/http/handler/implementation/price_handler_impl.go:192.2,193.22 2 0
github.com/ryvasa/go-super-farmer/internal/delivery/http/handler/implementation/price_handler_impl.go:193.22,195.17 2 0
github.com/ryvasa/go-super-farmer/internal/delivery/http/handler/implementation/price_handler_impl.go:195.17,198.4 2 0
github.com/ryvasa/go-super-farmer/internal/delivery/http/handler/implementation/price_handler_impl.go:199.3,199.32 1 0
github.com/ryvasa/go-super-farmer/internal/delivery/http/handler/implementation/price_handler_impl.go:202.2,203.16 2 0
github.com/ryvasa/go-super-farmer/internal/delivery/http/handler/implementation/price_handler_impl.go:203.16,206.3 2 0
github.com/ryvasa/go-super-farmer/internal/delivery/http/handler/implementation/price_handler_impl.go:207.2,209.16 3 0
github.com/ryvasa/go-super-farmer/internal/delivery/http/handler/implementation/price_handler_impl.go:209.16,212.3 2 0
github.com/ryvasa/go-super-farmer/internal/delivery/http/handler/implementation/price_handler_impl.go:213.2,216.16 3 0
github.com/ryvasa/go-super-farmer/internal/delivery/http/handler/implementation/price_handler_impl.go:216.16,219.3 2 0
github.com/ryvasa/go-super-farmer/internal/delivery/http/handler/implementation/price_handler_impl.go:220.2,224.4 1 0
github.com/ryvasa/go-super-farmer/internal/delivery/http/handler/implementation/price_handler_impl.go:228.69,230.16 2 0
github.com/ryvasa/go-super-farmer/internal/delivery/http/handler/implementation/price_handler_impl.go:230.16,233.3 2 0
github.com/ryvasa/go-super-farmer/internal/delivery/http/handler/implementation/price_handler_impl.go:235.2,236.16 2 0
github.com/ryvasa/go-super-farmer/internal/delivery/http/handler/implementation/price_handler_impl.go:236.16,239.3 2 0
github.com/ryvasa/go-super-farmer/internal/delivery/http/handler/implementation/price_handler_impl.go:241.2,247.16 5 0
github.com/ryvasa/go-super-farmer/internal/delivery/http/handler/implementation/price_handler_impl.go:247.16,250.3 2 0
github.com/ryvasa/go-super-farmer/internal/delivery/http/handler/implementation/price_handler_impl.go:252.2,252.23 1 0
github.com/ryvasa/go-super-farmer/internal/delivery/http/handler/implementation/price_handler_impl.go:252.23,255.3 2 0
github.com/ryvasa/go-super-farmer/internal/delivery/http/handler/implementation/price_handler_impl.go:258.2,267.20 6 0
github.com/ryvasa/go-super-farmer/internal/delivery/http/handler/implementation/province_handler_impl.go:18.97,20.2 1 0
github.com/ryvasa/go-super-farmer/internal/delivery/http/handler/implementation/province_handler_impl.go:22.62,24.46 2 0
github.com/ryvasa/go-super-farmer/internal/delivery/http/handler/implementation/province_handler_impl.go:24.46,27.3 2 0
github.com/ryvasa/go-super-farmer/internal/delivery/http/handler/implementation/province_handler_impl.go:28.2,29.16 2 0
github.com/ryvasa/go-super-farmer/internal/delivery/http/handler/implementation/province_handler_impl.go:29.16,32.3 2 0
github.com/ryvasa/go-super-farmer/internal/delivery/http/handler/implementation/province_handler_impl.go:33.2,33.56 1 0
github.com/ryvasa/go-super-farmer/internal/delivery/http/handler/implementation/province_handler_impl.go:36.63,38.16 2 0
github.com/ryvasa/go-super-farmer/internal/delivery/http/handler/implementation/province_handler_impl.go:38.16,41.3 2 0
github.com/ryvasa/go-super-farmer/internal/delivery/http/handler/implementation/province_handler_impl.go:42.2,42.52 1 0
github.com/ryvasa/go-super-farmer/internal/delivery/http/handler/implementation/province_handler_impl.go:45.63,47.16 2 0
github.com/ryvasa/go-super-farmer/internal/delivery/http/handler/implementation/province_handler_impl.go:47.16,50.3 2 0
github.com/ryvasa/go-super-farmer/internal/delivery/http/handler/implementation/province_handler_impl.go:51.2,52.16 2 0
github.com/ryvasa/go-super-farmer/internal/delivery/http/handler/implementation/province_handler_impl.go:52.16,55.3 2 0
github.com/ryvasa/go-super-farmer/internal/delivery/http/handler/implementation/province_handler_impl.go:56.2,56.51 1 0
github.com/ryvasa/go-super-farmer/internal/delivery/http/handler/implementation/province_handler_impl.go:59.62,61.16 2 0
github.com/ryvasa/go-super-farmer/internal/delivery/http/handler/implementation/province_handler_impl.go:61.16,64.3 2 0
github.com/ryvasa/go-super-farmer/internal/delivery/http/handler/implementation/province_handler_impl.go:65.2,66.46 2 0
github.com/ryvasa/go-super-farmer/internal/delivery/http/handler/implementation/province_handler_impl.go:66.46,69.3 2 0
github.com/ryvasa/go-super-farmer/internal/delivery/http/handler/implementation/province_handler_impl.go:70.2,71.16 2 0
github.com/ryvasa/go-super-farmer/internal/delivery/http/handler/implementation/province_handler_impl.go:71.16,74.3 2 0
github.com/ryvasa/go-super-farmer/internal/delivery/http/handler/implementation/province_handler_impl.go:75.2,75.51 1 0
github.com/ryvasa/go-super-farmer/internal/delivery/http/handler/implementation/province_handler_impl.go:78.62,80.16 2 0
github.com/ryvasa/go-super-farmer/internal/delivery/http/handler/implementation/province_handler_impl.go:80.16,83.3 2 0
github.com/ryvasa/go-super-farmer/internal/delivery/http/handler/implementation/province_handler_impl.go:84.2,85.16 2 0
github.com/ryvasa/go-super-farmer/internal/delivery/http/handler/implementation/province_handler_impl.go:85.16,88.3 2 0
github.com/ryvasa/go-super-farmer/internal/delivery/http/handler/implementation/province_handler_impl.go:89.2,89.92 1 0
github.com/ryvasa/go-super-farmer/internal/delivery/http/handler/implementation/region_handler_impl.go:18.91,20.2 1 0
github.com/ryvasa/go-super-farmer/internal/delivery/http/handler/implementation/region_handler_impl.go:22.58,24.47 2 0
github.com/ryvasa/go-super-farmer/internal/delivery/http/handler/implementation/region_handler_impl.go:24.47,27.3 2 0
github.com/ryvasa/go-super-farmer/internal/delivery/http/handler/implementation/region_handler_impl.go:28.2,29.16 2 0
github.com/ryvasa/go-super-farmer/internal/delivery/http/handler/implementation/region_handler_impl.go:29.16,32.3 2 0
github.com/ryvasa/go-super-farmer/internal/delivery/http/handler/implementation/region_handler_impl.go:33.2,33.54 1 0
github.com/ryvasa/go-super-farmer/internal/delivery/http/handler/implementation/region_handler_impl.go:36.59,38.16 2 0
github.com/ryvasa/go-super-farmer/internal/delivery/http/handler/implementation/region_handler_impl.go:38.16,41.3 2 0
github.com/ryvasa/go-super-farmer/internal/delivery/http/handler/implementation/region_handler_impl.go:42.2,42.50 1 0
github.com/ryvasa/go-super-farmer/internal/delivery/http/handler/implementation/region_handler_impl.go:45.59,47.16 2 0
github.com/ryvasa/go-super-farmer/internal/delivery/http/handler/implementation/region_handler_impl.go:47.16,50.3 2 0
github.com/ryvasa/go-super-farmer/internal/delivery/http/handler/implementation/region_handler_impl.go:51.2,52.16 2 0
github.com/ryvasa/go-super-farmer/internal/delivery/http/handler/implementation/region_handler_impl.go:52.16,55.3 2 0
github.com/ryvasa/go-super-farmer/internal/delivery/http/handler/implementation/region_handler_impl.go:56.2,56.49 1 0
github.com/ryvasa/go-super-farmer/internal/delivery/http/handler/implementation/role_handler_impl.go:17.85,19.2 1 0
github.com/ryvasa/go-super-farmer/internal/delivery/http/handler/implementation/role_handler_impl.go:21.54,23.47 2 0
github.com/ryvasa/go-super-farmer/internal/delivery/http/handler/implementation/role_handler_impl.go:23.47,26.3 2 0
github.com/ryvasa/go-super-farmer/internal/delivery/http/handler/implementation/role_handler_impl.go:27.2,28.16 2 0
github.com/ryvasa/go-super-farmer/internal/delivery/http/handler/implementation/role_handler_impl.go:28.16,31.3 2 0
github.com/ryvasa/go-super-farmer/internal/delivery/http/handler/implementation/role_handler_impl.go:32.2,32.52 1 0
github.com/ryvasa/go-super-farmer/internal/delivery/http/handler/implementation/role_handler_impl.go:35.55,37.16 2 0
github.com/ryvasa/go-super-farmer/internal/delivery/http/handler/implementation/role_handler_impl.go:37.16,40.3 2 0
github.com/ryvasa/go-super-farmer/internal/delivery/http/handler/implementation/role_handler_impl.go:41.2,41.48 1 0
github.com/ryvasa/go-super-farmer/internal/delivery/http/handler/implementation/supply_handler_impl.go:18.91,20.2 1 0
github.com/ryvasa/go-super-farmer/internal/delivery/http/handler/implementation/supply_handler_impl.go:22.58,24.47 2 0
github.com/ryvasa/go-super-farmer/internal/delivery/http/handler/implementation/supply_handler_impl.go:24.47,27.3 2 0
github.com/ryvasa/go-super-farmer/internal/delivery/http/handler/implementation/supply_handler_impl.go:28.2,29.16 2 0
github.com/ryvasa/go-super-farmer/internal/delivery/http/handler/implementation/supply_handler_impl.go:29.16,32.3 2 0
github.com/ryvasa/go-super-farmer/internal/delivery/http/handler/implementation/supply_handler_impl.go:33.2,33.54 1 0
github.com/ryvasa/go-super-farmer/internal/delivery/http/handler/implementation/supply_handler_impl.go:36.58,38.16 2 0
github.com/ryvasa/go-super-farmer/internal/delivery/http/handler/implementation/supply_handler_impl.go:38.16,41.3 2 0
github.com/ryvasa/go-super-farmer/internal/delivery/http/handler/implementation/supply_handler_impl.go:42.2,42.51 1 0
github.com/ryvasa/go-super-farmer/internal/delivery/http/handler/implementation/supply_handler_impl.go:45.59,47.16 2 0
github.com/ryvasa/go-super-farmer/internal/delivery/http/handler/implementation/supply_handler_impl.go:47.16,50.3 2 0
github.com/ryvasa/go-super-farmer/internal/delivery/http/handler/implementation/supply_handler_impl.go:52.2,53.16 2 0
github.com/ryvasa/go-super-farmer/internal/delivery/http/handler/implementation/supply_handler_impl.go:53.16,56.3 2 0
github.com/ryvasa/go-super-farmer/internal/delivery/http/handler/implementation/supply_handler_impl.go:57.2,57.49 1 0
github.com/ryvasa/go-super-farmer/internal/delivery/http/handler/implementation/supply_handler_impl.go:60.68,62.16 2 0
github.com/ryvasa/go-super-farmer/internal/delivery/http/handler/implementation/supply_handler_impl.go:62.16,65.3 2 0
github.com/ryvasa/go-super-farmer/internal/delivery/http/handler/implementation/supply_handler_impl.go:66.2,67.16 2 0
github.com/ryvasa/go-super-farmer/internal/delivery/http/handler/implementation/supply_handler_impl.go:67.16,70.3 2 0
github.com/ryvasa/go-super-farmer/internal/delivery/http/handler/implementation/supply_handler_impl.go:71.2,71.51 1 0
github.com/ryvasa/go-super-farmer/internal/delivery/http/handler/implementation/supply_handler_impl.go:74.65,76.16 2 0
github.com/ryvasa/go-super-farmer/internal/delivery/http/handler/implementation/supply_handler_impl.go:76.16,79.3 2 0
github.com/ryvasa/go-super-farmer/internal/delivery/http/handler/implementation/supply_handler_impl.go:80.2,81.16 2 0
github.com/ryvasa/go-super-farmer/internal/delivery/http/handler/implementation/supply_handler_impl.go:81.16,84.3 2 0
github.com/ryvasa/go-super-farmer/internal/delivery/http/handler/implementation/supply_handler_impl.go:85.2,85.51 1 0
github.com/ryvasa/go-super-farmer/internal/delivery/http/handler/implementation/supply_handler_impl.go:88.58,90.16 2 0
github.com/ryvasa/go-super-farmer/internal/delivery/http/handler/implementation/supply_handler_impl.go:90.16,93.3 2 0
github.com/ryvasa/go-super-farmer/internal/delivery/http/handler/implementation/supply_handler_impl.go:94.2,95.47 2 0
github.com/ryvasa/go-super-farmer/internal/delivery/http/handler/implementation/supply_handler_impl.go:95.47,98.3 2 0
github.com/ryvasa/go-super-farmer/internal/delivery/http/handler/implementation/supply_handler_impl.go:99.2,100.16 2 0
github.com/ryvasa/go-super-farmer/internal/delivery/http/handler/implementation/supply_handler_impl.go:100.16,103.3 2 0
github.com/ryvasa/go-super-farmer/internal/delivery/http/handler/implementation/supply_handler_impl.go:104.2,104.56 1 0
github.com/ryvasa/go-super-farmer/internal/delivery/http/handler/implementation/supply_handler_impl.go:107.58,109.16 2 0
github.com/ryvasa/go-super-farmer/internal/delivery/http/handler/implementation/supply_handler_impl.go:109.16,112.3 2 0
github.com/ryvasa/go-super-farmer/internal/delivery/http/handler/implementation/supply_handler_impl.go:113.2,114.16 2 0
github.com/ryvasa/go-super-farmer/internal/delivery/http/handler/implementation/supply_handler_impl.go:114.16,117.3 2 0
github.com/ryvasa/go-super-farmer/internal/delivery/http/handler/implementation/supply_handler_impl.go:118.2,118.90 1 0
github.com/ryvasa/go-super-farmer/internal/delivery/http/handler/implementation/supply_handler_impl.go:121.86,123.16 2 0
github.com/ryvasa/go-super-farmer/internal/delivery/http/handler/implementation/supply_handler_impl.go:123.16,126.3 2 0
github.com/ryvasa/go-super-farmer/internal/delivery/http/handler/implementation/supply_handler_impl.go:127.2,128.16 2 0
github.com/ryvasa/go-super-farmer/internal/delivery/http/handler/implementation/supply_handler_impl.go:128.16,131.3 2 0
github.com/ryvasa/go-super-farmer/internal/delivery/http/handler/implementation/supply_handler_impl.go:132.2,133.16 2 0
github.com/ryvasa/go-super-farmer/internal/delivery/http/handler/implementation/supply_handler_impl.go:133.16,136.3 2 0
github.com/ryvasa/go-super-farmer/internal/delivery/http/handler/implementation/supply_handler_impl.go:137.2,137.51 1 0
github.com/ryvasa/go-super-farmer/internal/delivery/http/handler/implementation/user_handler_impl.go:19.123,21.2 1 0
github.com/ryvasa/go-super-farmer/internal/delivery/http/handler/implementation/user_handler_impl.go:23.56,25.47 2 0
github.com/ryvasa/go-super-farmer/internal/delivery/http/handler/implementation/user_handler_impl.go:25.47,28.3 2 0
github.com/ryvasa/go-super-farmer/internal/delivery/http/handler/implementation/user_handler_impl.go:29.2,30.16 2 0
github.com/ryvasa/go-super-farmer/internal/delivery/http/handler/implementation/user_handler_impl.go:30.16,33.3 2 0
github.com/ryvasa/go-super-farmer/internal/delivery/http/handler/implementation/user_handler_impl.go:34.2,37.16 2 0
github.com/ryvasa/go-super-farmer/internal/delivery/http/handler/implementation/user_handler_impl.go:37.16,40.3 2 0
github.com/ryvasa/go-super-farmer/internal/delivery/http/handler/implementation/user_handler_impl.go:41.2,41.59 1 0
github.com/ryvasa/go-super-farmer/internal/delivery/http/handler/implementation/user_handler_impl.go:44.54,46.16 2 0
github.com/ryvasa/go-super-farmer/internal/delivery/http/handler/implementation/user_handler_impl.go:46.16,49.3 2 0
github.com/ryvasa/go-super-farmer/internal/delivery/http/handler/implementation/user_handler_impl.go:50.2,51.16 2 0
github.com/ryvasa/go-super-farmer/internal/delivery/http/handler/implementation/user_handler_impl.go:51.16,54.3 2 0
github.com/ryvasa/go-super-farmer/internal/delivery/http/handler/implementation/user_handler_impl.go:55.2,55.47 1 0
github.com/ryvasa/go-super-farmer/internal/delivery/http/handler/implementation/user_handler_impl.go:58.55,60.16 2 0
github.com/ryvasa/go-super-farmer/internal/delivery/http/handler/implementation/user_handler_impl.go:60.16,63.3 2 0
github.com/ryvasa/go-super-farmer/internal/delivery/http/handler/implementation/user_handler_impl.go:64.2,65.16 2 0
github.com/ryvasa/go-super-farmer/internal/delivery/http/handler/implementation/user_handler_impl.go:65.16,68.3 2 0
github.com/ryvasa/go-super-farmer/internal/delivery/http/handler/implementation/user_handler_impl.go:69.2,69.48 1 0
github.com/ryvasa/go-super-farmer/internal/delivery/http/handler/implementation/user_handler_impl.go:72.54,74.16 2 0
github.com/ryvasa/go-super-farmer/internal/delivery/http/handler/implementation/user_handler_impl.go:74.16,77.3 2 0
github.com/ryvasa/go-super-farmer/internal/delivery/http/handler/implementation/user_handler_impl.go:78.2,79.47 2 0
github.com/ryvasa/go-super-farmer/internal/delivery/http/handler/implementation/user_handler_impl.go:79.47,82.3 2 0
github.com/ryvasa/go-super-farmer/internal/delivery/http/handler/implementation/user_handler_impl.go:83.2,84.16 2 0
github.com/ryvasa/go-super-farmer/internal/delivery/http/handler/implementation/user_handler_impl.go:84.16,87.3 2 0
github.com/ryvasa/go-super-farmer/internal/delivery/http/handler/implementation/user_handler_impl.go:88.2,88.54 1 0
github.com/ryvasa/go-super-farmer/internal/delivery/http/handler/implementation/user_handler_impl.go:91.54,93.16 2 0
github.com/ryvasa/go-super-farmer/internal/delivery/http/handler/implementation/user_handler_impl.go:93.16,96.3 2 0
github.com/ryvasa/go-super-farmer/internal/delivery/http/handler/implementation/user_handler_impl.go:97.2,97.47 1 0
github.com/ryvasa/go-super-farmer/internal/delivery/http/handler/implementation/user_handler_impl.go:97.47,100.3 2 0
github.com/ryvasa/go-super-farmer/internal/delivery/http/handler/implementation/user_handler_impl.go:101.2,101.88 1 0
github.com/ryvasa/go-super-farmer/internal/delivery/http/handler/implementation/user_handler_impl.go:104.55,106.16 2 0
github.com/ryvasa/go-super-farmer/internal/delivery/http/handler/implementation/user_handler_impl.go:106.16,109.3 2 0
github.com/ryvasa/go-super-farmer/internal/delivery/http/handler/implementation/user_handler_impl.go:110.2,111.16 2 0
github.com/ryvasa/go-super-farmer/internal/delivery/http/handler/implementation/user_handler_impl.go:111.16,114.3 2 0
github.com/ryvasa/go-super-farmer/internal/delivery/http/handler/implementation/user_handler_impl.go:115.2,115.55 1 0
github.com/ryvasa/go-super-farmer/internal/delivery/http/handler/handlers.go:21.643,37.2 1 0
github.com/ryvasa/go-super-farmer/internal/delivery/http/middleware/authentication_middleware.go:16.59,18.2 1 0
github.com/ryvasa/go-super-farmer/internal/delivery/http/middleware/authentication_middleware.go:20.51,21.30 1 0
github.com/ryvasa/go-super-farmer/internal/delivery/http/middleware/authentication_middleware.go:21.30,24.23 2 0
github.com/ryvasa/go-super-farmer/internal/delivery/http/middleware/authentication_middleware.go:24.23,28.4 3 0
github.com/ryvasa/go-super-farmer/internal/delivery/http/middleware/authentication_middleware.go:30.3,31.56 2 0
github.com/ryvasa/go-super-farmer/internal/delivery/http/middleware/authentication_middleware.go:31.56,35.4 3 0
github.com/ryvasa/go-super-farmer/internal/delivery/http/middleware/authentication_middleware.go:36.3,37.17 2 0
github.com/ryvasa/go-super-farmer/internal/delivery/http/middleware/authentication_middleware.go:37.17,41.4 3 0
github.com/ryvasa/go-super-farmer/internal/delivery/http/middleware/authentication_middleware.go:42.3,43.11 2 0
github.com/ryvasa/go-super-farmer/internal/delivery/http/middleware/authorization_middleware.go:14.67,16.2 1 0
github.com/ryvasa/go-super-farmer/internal/delivery/http/middleware/authorization_middleware.go:18.51,19.30 1 0
github.com/ryvasa/go-super-farmer/internal/delivery/http/middleware/authorization_middleware.go:19.30,22.14 2 0
github.com/ryvasa/go-super-farmer/internal/delivery/http/middleware/authorization_middleware.go:22.14,26.4 3 0
github.com/ryvasa/go-super-farmer/internal/delivery/http/middleware/authorization_middleware.go:27.3,28.10 2 0
github.com/ryvasa/go-super-farmer/internal/delivery/http/middleware/authorization_middleware.go:28.10,32.4 3 0
github.com/ryvasa/go-super-farmer/internal/delivery/http/middleware/authorization_middleware.go:34.3,39.17 5 0
github.com/ryvasa/go-super-farmer/internal/delivery/http/middleware/authorization_middleware.go:39.17,43.4 3 0
github.com/ryvasa/go-super-farmer/internal/delivery/http/middleware/authorization_middleware.go:45.3,45.15 1 0
github.com/ryvasa/go-super-farmer/internal/delivery/http/middleware/authorization_middleware.go:45.15,49.4 3 0
github.com/ryvasa/go-super-farmer/internal/delivery/http/middleware/authorization_middleware.go:51.3,51.11 1 0
github.com/ryvasa/go-super-farmer/internal/delivery/http/route/auth_route.go:12.69,14.2 1 0
github.com/ryvasa/go-super-farmer/internal/delivery/http/route/auth_route.go:16.66,20.2 3 0
github.com/ryvasa/go-super-farmer/internal/delivery/http/route/city_route.go:12.69,14.2 1 0
github.com/ryvasa/go-super-farmer/internal/delivery/http/route/city_route.go:16.66,22.2 5 0
github.com/ryvasa/go-super-farmer/internal/delivery/http/route/commodity_route.go:12.84,14.2 1 0
github.com/ryvasa/go-super-farmer/internal/delivery/http/route/commodity_route.go:16.71,23.2 6 0
github.com/ryvasa/go-super-farmer/internal/delivery/http/route/demand_route.go:12.75,14.2 1 0
github.com/ryvasa/go-super-farmer/internal/delivery/http/route/demand_route.go:16.68,25.2 8 0
github.com/ryvasa/go-super-farmer/internal/delivery/http/route/harvest_route.go:12.78,14.2 1 0
github.com/ryvasa/go-super-farmer/internal/delivery/http/route/harvest_route.go:16.69,31.2 14 0
github.com/ryvasa/go-super-farmer/internal/delivery/http/route/land_commodity_route.go:12.96,14.2 1 0
github.com/ryvasa/go-super-farmer/internal/delivery/http/route/land_commodity_route.go:16.75,25.2 8 0
github.com/ryvasa/go-super-farmer/internal/delivery/http/route/land_route.go:12.69,14.2 1 0
github.com/ryvasa/go-super-farmer/internal/delivery/http/route/land_route.go:16.66,24.2 7 0
github.com/ryvasa/go-super-farmer/internal/delivery/http/route/price_route.go:12.72,14.2 1 0
github.com/ryvasa/go-super-farmer/internal/delivery/http/route/price_route.go:16.67,29.2 12 0
github.com/ryvasa/go-super-farmer/internal/delivery/http/route/province_route.go:12.81,14.2 1 0
github.com/ryvasa/go-super-farmer/internal/delivery/http/route/province_route.go:16.70,22.2 5 0
github.com/ryvasa/go-super-farmer/internal/delivery/http/route/region_route.go:12.75,14.2 1 0
github.com/ryvasa/go-super-farmer/internal/delivery/http/route/region_route.go:16.68,20.2 3 0
github.com/ryvasa/go-super-farmer/internal/delivery/http/route/role_route.go:12.69,14.2 1 0
github.com/ryvasa/go-super-farmer/internal/delivery/http/route/role_route.go:16.66,19.2 2 0
github.com/ryvasa/go-super-farmer/internal/delivery/http/route/routes.go:16.56,23.16 5 0
github.com/ryvasa/go-super-farmer/internal/delivery/http/route/routes.go:23.16,24.13 1 0
github.com/ryvasa/go-super-farmer/internal/delivery/http/route/routes.go:28.2,29.16 2 0
github.com/ryvasa/go-super-farmer/internal/delivery/http/route/routes.go:29.16,30.13 1 0
github.com/ryvasa/go-super-farmer/internal/delivery/http/route/routes.go:33.2,57.32 7 0
github.com/ryvasa/go-super-farmer/internal/delivery/http/route/routes.go:57.32,59.3 1 0
github.com/ryvasa/go-super-farmer/internal/delivery/http/route/routes.go:61.2,61.10 1 0
github.com/ryvasa/go-super-farmer/internal/delivery/http/route/supply_rouite.go:12.75,14.2 1 0
github.com/ryvasa/go-super-farmer/internal/delivery/http/route/supply_rouite.go:16.68,25.2 8 0
github.com/ryvasa/go-super-farmer/internal/delivery/http/route/user_route.go:12.69,14.2 1 0
github.com/ryvasa/go-super-farmer/internal/delivery/http/route/user_route.go:16.66,23.2 6 0
github.com/ryvasa/go-super-farmer/internal/model/dto/pagination_dto.go:30.42,31.16 1 0
github.com/ryvasa/go-super-farmer/internal/model/dto/pagination_dto.go:31.16,33.3 1 0
github.com/ryvasa/go-super-farmer/internal/model/dto/pagination_dto.go:34.2,34.17 1 0
github.com/ryvasa/go-super-farmer/internal/model/dto/pagination_dto.go:34.17,36.3 1 0
github.com/ryvasa/go-super-farmer/internal/model/dto/pagination_dto.go:37.2,37.19 1 0
github.com/ryvasa/go-super-farmer/internal/model/dto/pagination_dto.go:37.19,39.3 1 0
github.com/ryvasa/go-super-farmer/internal/model/dto/pagination_dto.go:40.2,40.12 1 0
github.com/ryvasa/go-super-farmer/internal/repository/base_repository.go:18.52,20.2 1 0
github.com/ryvasa/go-super-farmer/internal/repository/base_repository.go:22.63,23.56 1 0
github.com/ryvasa/go-super-farmer/internal/repository/base_repository.go:23.56,25.3 1 0
github.com/ryvasa/go-super-farmer/internal/repository/base_repository.go:26.2,26.13 1 0
github.com/ryvasa/go-super-farmer/internal/repository/implementation/city_repository_impl.go:15.73,17.2 1 0
github.com/ryvasa/go-super-farmer/internal/repository/implementation/city_repository_impl.go:19.83,21.2 1 0
github.com/ryvasa/go-super-farmer/internal/repository/implementation/city_repository_impl.go:23.92,26.16 3 0
github.com/ryvasa/go-super-farmer/internal/repository/implementation/city_repository_impl.go:26.16,28.3 1 0
github.com/ryvasa/go-super-farmer/internal/repository/implementation/city_repository_impl.go:29.2,29.19 1 0
github.com/ryvasa/go-super-farmer/internal/repository/implementation/city_repository_impl.go:32.83,34.66 2 0
github.com/ryvasa/go-super-farmer/internal/repository/implementation/city_repository_impl.go:34.66,36.3 1 0
github.com/ryvasa/go-super-farmer/internal/repository/implementation/city_repository_impl.go:37.2,37.20 1 0
github.com/ryvasa/go-super-farmer/internal/repository/implementation/city_repository_impl.go:40.93,42.2 1 0
github.com/ryvasa/go-super-farmer/internal/repository/implementation/city_repository_impl.go:44.74,46.2 1 0
github.com/ryvasa/go-super-farmer/internal/repository/implementation/commodity_repository_impl.go:18.83,20.2 1 0
github.com/ryvasa/go-super-farmer/internal/repository/implementation/commodity_repository_impl.go:22.98,24.2 1 0
github.com/ryvasa/go-super-farmer/internal/repository/implementation/commodity_repository_impl.go:26.106,29.16 3 0
github.com/ryvasa/go-super-farmer/internal/repository/implementation/commodity_repository_impl.go:29.16,31.3 1 0
github.com/ryvasa/go-super-farmer/internal/repository/implementation/commodity_repository_impl.go:32.2,32.24 1 0
github.com/ryvasa/go-super-farmer/internal/repository/implementation/commodity_repository_impl.go:35.120,45.16 3 0
github.com/ryvasa/go-super-farmer/internal/repository/implementation/commodity_repository_impl.go:45.16,47.3 1 0
github.com/ryvasa/go-super-farmer/internal/repository/implementation/commodity_repository_impl.go:49.2,49.25 1 0
github.com/ryvasa/go-super-farmer/internal/repository/implementation/commodity_repository_impl.go:52.112,54.2 1 0
github.com/ryvasa/go-super-farmer/internal/repository/implementation/commodity_repository_impl.go:56.83,58.2 1 0
github.com/ryvasa/go-super-farmer/internal/repository/implementation/commodity_repository_impl.go:60.84,62.2 1 0
github.com/ryvasa/go-super-farmer/internal/repository/implementation/commodity_repository_impl.go:64.113,66.128 2 0
github.com/ryvasa/go-super-farmer/internal/repository/implementation/commodity_repository_impl.go:66.128,68.3 1 0
github.com/ryvasa/go-super-farmer/internal/repository/implementation/commodity_repository_impl.go:69.2,69.24 1 0
github.com/ryvasa/go-super-farmer/internal/repository/implementation/commodity_repository_impl.go:72.110,80.2 3 0
github.com/ryvasa/go-super-farmer/internal/repository/implementation/demand_history_repository_impl.go:16.108,18.2 1 0
github.com/ryvasa/go-super-farmer/internal/repository/implementation/demand_history_repository_impl.go:20.103,22.2 1 0
github.com/ryvasa/go-super-farmer/internal/repository/implementation/demand_history_repository_impl.go:24.101,26.56 2 0
github.com/ryvasa/go-super-farmer/internal/repository/implementation/demand_history_repository_impl.go:26.56,28.3 1 0
github.com/ryvasa/go-super-farmer/internal/repository/implementation/demand_history_repository_impl.go:29.2,29.22 1 0
github.com/ryvasa/go-super-farmer/internal/repository/implementation/demand_history_repository_impl.go:32.114,35.16 3 0
github.com/ryvasa/go-super-farmer/internal/repository/implementation/demand_history_repository_impl.go:35.16,37.3 1 0
github.com/ryvasa/go-super-farmer/internal/repository/implementation/demand_history_repository_impl.go:38.2,38.21 1 0
github.com/ryvasa/go-super-farmer/internal/repository/implementation/demand_history_repository_impl.go:41.125,43.86 2 0
github.com/ryvasa/go-super-farmer/internal/repository/implementation/demand_history_repository_impl.go:43.86,45.3 1 0
github.com/ryvasa/go-super-farmer/internal/repository/implementation/demand_history_repository_impl.go:46.2,46.22 1 0
github.com/ryvasa/go-super-farmer/internal/repository/implementation/demand_history_repository_impl.go:49.122,51.83 2 0
github.com/ryvasa/go-super-farmer/internal/repository/implementation/demand_history_repository_impl.go:51.83,53.3 1 0
github.com/ryvasa/go-super-farmer/internal/repository/implementation/demand_history_repository_impl.go:54.2,54.22 1 0
github.com/ryvasa/go-super-farmer/internal/repository/implementation/demand_history_repository_impl.go:57.165,59.123 2 0
github.com/ryvasa/go-super-farmer/internal/repository/implementation/demand_history_repository_impl.go:59.123,61.3 1 0
github.com/ryvasa/go-super-farmer/internal/repository/implementation/demand_history_repository_impl.go:62.2,62.22 1 0
github.com/ryvasa/go-super-farmer/internal/repository/implementation/demand_repository_impl.go:16.94,18.2 1 0
github.com/ryvasa/go-super-farmer/internal/repository/implementation/demand_repository_impl.go:20.89,22.2 1 0
github.com/ryvasa/go-super-farmer/internal/repository/implementation/demand_repository_impl.go:24.87,26.56 2 0
github.com/ryvasa/go-super-farmer/internal/repository/implementation/demand_repository_impl.go:26.56,28.3 1 0
github.com/ryvasa/go-super-farmer/internal/repository/implementation/demand_repository_impl.go:29.2,29.22 1 0
github.com/ryvasa/go-super-farmer/internal/repository/implementation/demand_repository_impl.go:32.100,35.16 3 0
github.com/ryvasa/go-super-farmer/internal/repository/implementation/demand_repository_impl.go:35.16,37.3 1 0
[...]
github.com/ryvasa/go-super-farmer/internal/usecase/implementation/user_usecase_impl.go:46.16,48.3 1 1
github.com/ryvasa/go-super-farmer/internal/usecase/implementation/user_usecase_impl.go:49.2,50.16 2 1
github.com/ryvasa/go-super-farmer/internal/usecase/implementation/user_usecase_impl.go:50.16,52.3 1 1
github.com/ryvasa/go-super-farmer/internal/usecase/implementation/user_usecase_impl.go:54.2,55.16 2 1
github.com/ryvasa/go-super-farmer/internal/usecase/implementation/user_usecase_impl.go:55.16,57.3 1 1
github.com/ryvasa/go-super-farmer/internal/usecase/implementation/user_usecase_impl.go:59.2,59.46 1 1
github.com/ryvasa/go-super-farmer/internal/usecase/implementation/user_usecase_impl.go:62.105,64.16 2 1
github.com/ryvasa/go-super-farmer/internal/usecase/implementation/user_usecase_impl.go:64.16,66.3 1 1
github.com/ryvasa/go-super-farmer/internal/usecase/implementation/user_usecase_impl.go:67.2,67.39 1 1
github.com/ryvasa/go-super-farmer/internal/usecase/implementation/user_usecase_impl.go:70.129,71.47 1 1
github.com/ryvasa/go-super-farmer/internal/usecase/implementation/user_usecase_impl.go:71.47,73.3 1 1
github.com/ryvasa/go-super-farmer/internal/usecase/implementation/user_usecase_impl.go:75.2,82.33 4 1
github.com/ryvasa/go-super-farmer/internal/usecase/implementation/user_usecase_impl.go:82.33,84.17 2 1
github.com/ryvasa/go-super-farmer/internal/usecase/implementation/user_usecase_impl.go:84.17,87.4 2 1
github.com/ryvasa/go-super-farmer/internal/usecase/implementation/user_usecase_impl.go:90.3,90.52 1 1
github.com/ryvasa/go-super-farmer/internal/usecase/implementation/user_usecase_impl.go:90.52,92.30 2 1
github.com/ryvasa/go-super-farmer/internal/usecase/implementation/user_usecase_impl.go:92.30,93.57 1 1
github.com/ryvasa/go-super-farmer/internal/usecase/implementation/user_usecase_impl.go:93.57,98.6 4 1
github.com/ryvasa/go-super-farmer/internal/usecase/implementation/user_usecase_impl.go:100.4,100.25 1 1
github.com/ryvasa/go-super-farmer/internal/usecase/implementation/user_usecase_impl.go:103.3,104.23 2 1
github.com/ryvasa/go-super-farmer/internal/usecase/implementation/user_usecase_impl.go:107.2,108.16 2 1
github.com/ryvasa/go-super-farmer/internal/usecase/implementation/user_usecase_impl.go:108.16,111.3 2 1
github.com/ryvasa/go-super-farmer/internal/usecase/implementation/user_usecase_impl.go:113.2,114.16 2 1
github.com/ryvasa/go-super-farmer/internal/usecase/implementation/user_usecase_impl.go:114.16,117.3 2 0
github.com/ryvasa/go-super-farmer/internal/usecase/implementation/user_usecase_impl.go:119.2,120.29 2 1
github.com/ryvasa/go-super-farmer/internal/usecase/implementation/user_usecase_impl.go:120.29,122.3 1 1
github.com/ryvasa/go-super-farmer/internal/usecase/implementation/user_usecase_impl.go:125.2,134.16 3 1
github.com/ryvasa/go-super-farmer/internal/usecase/implementation/user_usecase_impl.go:134.16,136.3 1 0
github.com/ryvasa/go-super-farmer/internal/usecase/implementation/user_usecase_impl.go:137.2,138.16 2 1
github.com/ryvasa/go-super-farmer/internal/usecase/implementation/user_usecase_impl.go:138.16,140.3 1 0
github.com/ryvasa/go-super-farmer/internal/usecase/implementation/user_usecase_impl.go:142.2,142.22 1 1
github.com/ryvasa/go-super-farmer/internal/usecase/implementation/user_usecase_impl.go:145.128,147.52 2 1
github.com/ryvasa/go-super-farmer/internal/usecase/implementation/user_usecase_impl.go:147.52,149.3 1 1
github.com/ryvasa/go-super-farmer/internal/usecase/implementation/user_usecase_impl.go:150.2,151.16 2 1
github.com/ryvasa/go-super-farmer/internal/usecase/implementation/user_usecase_impl.go:151.16,153.3 1 1
github.com/ryvasa/go-super-farmer/internal/usecase/implementation/user_usecase_impl.go:155.2,159.24 4 1
github.com/ryvasa/go-super-farmer/internal/usecase/implementation/user_usecase_impl.go:159.24,161.17 2 1
github.com/ryvasa/go-super-farmer/internal/usecase/implementation/user_usecase_impl.go:161.17,163.4 1 1
github.com/ryvasa/go-super-farmer/internal/usecase/implementation/user_usecase_impl.go:164.3,164.33 1 1
github.com/ryvasa/go-super-farmer/internal/usecase/implementation/user_usecase_impl.go:167.2,168.16 2 1
github.com/ryvasa/go-super-farmer/internal/usecase/implementation/user_usecase_impl.go:168.16,170.3 1 0
github.com/ryvasa/go-super-farmer/internal/usecase/implementation/user_usecase_impl.go:171.2,172.16 2 1
github.com/ryvasa/go-super-farmer/internal/usecase/implementation/user_usecase_impl.go:172.16,174.3 1 1
github.com/ryvasa/go-super-farmer/internal/usecase/implementation/user_usecase_impl.go:176.2,177.16 2 1
github.com/ryvasa/go-super-farmer/internal/usecase/implementation/user_usecase_impl.go:177.16,179.3 1 1
github.com/ryvasa/go-super-farmer/internal/usecase/implementation/user_usecase_impl.go:181.2,181.46 1 1
github.com/ryvasa/go-super-farmer/internal/usecase/implementation/user_usecase_impl.go:184.80,186.16 2 1
github.com/ryvasa/go-super-farmer/internal/usecase/implementation/user_usecase_impl.go:186.16,188.3 1 1
github.com/ryvasa/go-super-farmer/internal/usecase/implementation/user_usecase_impl.go:189.2,190.16 2 1
github.com/ryvasa/go-super-farmer/internal/usecase/implementation/user_usecase_impl.go:190.16,192.3 1 1
github.com/ryvasa/go-super-farmer/internal/usecase/implementation/user_usecase_impl.go:194.2,195.16 2 1
github.com/ryvasa/go-super-farmer/internal/usecase/implementation/user_usecase_impl.go:195.16,197.3 1 1
github.com/ryvasa/go-super-farmer/internal/usecase/implementation/user_usecase_impl.go:199.2,199.12 1 1
github.com/ryvasa/go-super-farmer/internal/usecase/implementation/user_usecase_impl.go:202.105,204.16 2 1
github.com/ryvasa/go-super-farmer/internal/usecase/implementation/user_usecase_impl.go:204.16,206.3 1 1
github.com/ryvasa/go-super-farmer/internal/usecase/implementation/user_usecase_impl.go:207.2,208.16 2 1
github.com/ryvasa/go-super-farmer/internal/usecase/implementation/user_usecase_impl.go:208.16,210.3 1 1
github.com/ryvasa/go-super-farmer/internal/usecase/implementation/user_usecase_impl.go:211.2,212.16 2 1
github.com/ryvasa/go-super-farmer/internal/usecase/implementation/user_usecase_impl.go:212.16,214.3 1 1
github.com/ryvasa/go-super-farmer/internal/usecase/implementation/user_usecase_impl.go:216.2,217.16 2 1
github.com/ryvasa/go-super-farmer/internal/usecase/implementation/user_usecase_impl.go:217.16,219.3 1 1
github.com/ryvasa/go-super-farmer/internal/usecase/implementation/user_usecase_impl.go:221.2,221.47 1 1
github.com/ryvasa/go-super-farmer/pkg/auth/token/token.go:23.35,27.2 1 0
github.com/ryvasa/go-super-farmer/pkg/auth/token/token.go:29.78,40.2 3 0
github.com/ryvasa/go-super-farmer/pkg/auth/token/token.go:42.75,43.76 1 0
github.com/ryvasa/go-super-farmer/pkg/auth/token/token.go:43.76,44.58 1 0
github.com/ryvasa/go-super-farmer/pkg/auth/token/token.go:44.58,46.4 1 0
github.com/ryvasa/go-super-farmer/pkg/auth/token/token.go:47.3,47.48 1 0
github.com/ryvasa/go-super-farmer/pkg/auth/token/token.go:51.78,53.16 2 0
github.com/ryvasa/go-super-farmer/pkg/auth/token/token.go:53.16,55.3 1 0
github.com/ryvasa/go-super-farmer/pkg/auth/token/token.go:56.2,56.67 1 0
github.com/ryvasa/go-super-farmer/pkg/auth/token/token.go:56.67,58.3 1 0
github.com/ryvasa/go-super-farmer/pkg/auth/token/token.go:60.2,60.60 1 0
github.com/ryvasa/go-super-farmer/pkg/auth/token/mock/mock_token.go:27.55,31.2 3 1
github.com/ryvasa/go-super-farmer/pkg/auth/token/mock/mock_token.go:34.53,36.2 1 1
github.com/ryvasa/go-super-farmer/pkg/auth/token/mock/mock_token.go:39.78,45.2 5 0
github.com/ryvasa/go-super-farmer/pkg/auth/token/mock/mock_token.go:48.86,51.2 2 0
github.com/ryvasa/go-super-farmer/pkg/auth/token/mock/mock_token.go:54.78,60.2 5 1
github.com/ryvasa/go-super-farmer/pkg/auth/token/mock/mock_token.go:63.83,66.2 2 1
github.com/ryvasa/go-super-farmer/pkg/auth/token/mock/mock_token.go:69.75,75.2 5 0
github.com/ryvasa/go-super-farmer/pkg/auth/token/mock/mock_token.go:78.86,81.2 2 0
github.com/ryvasa/go-super-farmer/pkg/database/cache/redis_impl.go:14.48,18.2 1 0
github.com/ryvasa/go-super-farmer/pkg/database/cache/redis_impl.go:20.75,22.22 2 0
github.com/ryvasa/go-super-farmer/pkg/database/cache/redis_impl.go:22.22,24.3 1 0
github.com/ryvasa/go-super-farmer/pkg/database/cache/redis_impl.go:25.2,25.17 1 0
github.com/ryvasa/go-super-farmer/pkg/database/cache/redis_impl.go:28.105,30.2 1 0
github.com/ryvasa/go-super-farmer/pkg/database/cache/redis_impl.go:32.68,34.2 1 0
github.com/ryvasa/go-super-farmer/pkg/database/cache/redis_impl.go:36.81,38.21 2 0
github.com/ryvasa/go-super-farmer/pkg/database/cache/redis_impl.go:38.21,40.17 2 0
github.com/ryvasa/go-super-farmer/pkg/database/cache/redis_impl.go:40.17,42.4 1 0
github.com/ryvasa/go-super-farmer/pkg/database/cache/redis_impl.go:44.2,44.35 1 0
github.com/ryvasa/go-super-farmer/pkg/database/cache/redis_impl.go:44.35,46.3 1 0
github.com/ryvasa/go-super-farmer/pkg/database/cache/redis_impl.go:47.2,47.12 1 0
github.com/ryvasa/go-super-farmer/pkg/database/transaction/transaction.go:13.60,15.2 1 0
github.com/ryvasa/go-super-farmer/pkg/database/transaction/transaction.go:17.110,18.68 1 0
github.com/ryvasa/go-super-farmer/pkg/database/transaction/transaction.go:18.68,22.3 2 0
github.com/ryvasa/go-super-farmer/pkg/database/transaction/transaction.go:25.48,27.2 1 0
github.com/ryvasa/go-super-farmer/pkg/database/transaction/transaction.go:30.53,31.46 1 0
github.com/ryvasa/go-super-farmer/pkg/database/transaction/transaction.go:31.46,33.3 1 0
github.com/ryvasa/go-super-farmer/pkg/database/transaction/transaction.go:34.2,34.12 1 0
github.com/ryvasa/go-super-farmer/pkg/env/env.go:45.30,47.16 2 0
github.com/ryvasa/go-super-farmer/pkg/env/env.go:47.16,49.3 1 0
github.com/ryvasa/go-super-farmer/pkg/env/env.go:51.2,86.17 21 0
github.com/ryvasa/go-super-farmer/pkg/logrus/logrus.go:11.13,17.2 3 1
github.com/ryvasa/go-super-farmer/pkg/messages/rabbitmq_impl.go:18.50,27.16 3 0
github.com/ryvasa/go-super-farmer/pkg/messages/rabbitmq_impl.go:27.16,29.3 1 0
github.com/ryvasa/go-super-farmer/pkg/messages/rabbitmq_impl.go:31.2,32.16 2 0
github.com/ryvasa/go-super-farmer/pkg/messages/rabbitmq_impl.go:32.16,34.3 1 0
github.com/ryvasa/go-super-farmer/pkg/messages/rabbitmq_impl.go:36.2,45.16 2 0
github.com/ryvasa/go-super-farmer/pkg/messages/rabbitmq_impl.go:45.16,47.3 1 0
github.com/ryvasa/go-super-farmer/pkg/messages/rabbitmq_impl.go:49.2,58.16 2 0
github.com/ryvasa/go-super-farmer/pkg/messages/rabbitmq_impl.go:58.16,60.3 1 0
github.com/ryvasa/go-super-farmer/pkg/messages/rabbitmq_impl.go:62.2,63.35 2 0
github.com/ryvasa/go-super-farmer/pkg/messages/rabbitmq_impl.go:63.35,72.17 2 0
github.com/ryvasa/go-super-farmer/pkg/messages/rabbitmq_impl.go:72.17,74.4 1 0
github.com/ryvasa/go-super-farmer/pkg/messages/rabbitmq_impl.go:77.2,84.16 2 0
github.com/ryvasa/go-super-farmer/pkg/messages/rabbitmq_impl.go:84.16,86.3 1 0
github.com/ryvasa/go-super-farmer/pkg/messages/rabbitmq_impl.go:88.2,95.16 2 0
github.com/ryvasa/go-super-farmer/pkg/messages/rabbitmq_impl.go:95.16,97.3 1 0
github.com/ryvasa/go-super-farmer/pkg/messages/rabbitmq_impl.go:99.2,106.16 2 0
github.com/ryvasa/go-super-farmer/pkg/messages/rabbitmq_impl.go:106.16,108.3 1 0
github.com/ryvasa/go-super-farmer/pkg/messages/rabbitmq_impl.go:110.2,113.8 1 0
github.com/ryvasa/go-super-farmer/pkg/messages/rabbitmq_impl.go:116.101,126.2 1 0
github.com/ryvasa/go-super-farmer/pkg/messages/rabbitmq_impl.go:128.110,130.16 2 0
github.com/ryvasa/go-super-farmer/pkg/messages/rabbitmq_impl.go:130.16,132.3 1 0
github.com/ryvasa/go-super-farmer/pkg/messages/rabbitmq_impl.go:133.2,141.5 1 0
github.com/ryvasa/go-super-farmer/pkg/messages/rabbitmq_impl.go:144.73,153.2 1 0
github.com/ryvasa/go-super-farmer/pkg/messages/rabbitmq_impl.go:155.91,165.2 1 0
github.com/ryvasa/go-super-farmer/pkg/messages/rabbitmq_impl.go:167.32,168.22 1 0
github.com/ryvasa/go-super-farmer/pkg/messages/rabbitmq_impl.go:168.22,170.3 1 0
github.com/ryvasa/go-super-farmer/pkg/messages/rabbitmq_impl.go:171.2,171.25 1 0
github.com/ryvasa/go-super-farmer/pkg/messages/rabbitmq_impl.go:171.25,173.3 1 0
github.com/ryvasa/go-super-farmer/pkg/mock/mock_rabbitmq.go:27.61,31.2 3 1
github.com/ryvasa/go-super-farmer/pkg/mock/mock_rabbitmq.go:34.59,36.2 1 1
github.com/ryvasa/go-super-farmer/pkg/mock/mock_rabbitmq.go:39.32,42.2 2 0
github.com/ryvasa/go-super-farmer/pkg/mock/mock_rabbitmq.go:45.58,48.2 2 0
github.com/ryvasa/go-super-farmer/pkg/mock/mock_rabbitmq.go:51.91,57.2 5 0
github.com/ryvasa/go-super-farmer/pkg/mock/mock_rabbitmq.go:60.89,63.2 2 0
github.com/ryvasa/go-super-farmer/pkg/mock/mock_rabbitmq.go:66.73,72.2 5 0
github.com/ryvasa/go-super-farmer/pkg/mock/mock_rabbitmq.go:75.81,78.2 2 0
github.com/ryvasa/go-super-farmer/pkg/mock/mock_rabbitmq.go:81.101,86.2 4 0
github.com/ryvasa/go-super-farmer/pkg/mock/mock_rabbitmq.go:89.103,92.2 2 0
github.com/ryvasa/go-super-farmer/pkg/mock/mock_rabbitmq.go:95.110,100.2 4 1
github.com/ryvasa/go-super-farmer/pkg/mock/mock_rabbitmq.go:103.107,106.2 2 1
github.com/ryvasa/go-super-farmer/pkg/mock/mock_redis.go:27.55,31.2 3 1
github.com/ryvasa/go-super-farmer/pkg/mock/mock_redis.go:34.53,36.2 1 1
github.com/ryvasa/go-super-farmer/pkg/mock/mock_redis.go:39.67,44.2 4 1
github.com/ryvasa/go-super-farmer/pkg/mock/mock_redis.go:47.76,50.2 2 1
github.com/ryvasa/go-super-farmer/pkg/mock/mock_redis.go:53.80,58.2 4 1
github.com/ryvasa/go-super-farmer/pkg/mock/mock_redis.go:61.89,64.2 2 1
github.com/ryvasa/go-super-farmer/pkg/mock/mock_redis.go:67.74,73.2 5 1
github.com/ryvasa/go-super-farmer/pkg/mock/mock_redis.go:76.73,79.2 2 1
github.com/ryvasa/go-super-farmer/pkg/mock/mock_redis.go:82.104,87.2 4 1
github.com/ryvasa/go-super-farmer/pkg/mock/mock_redis.go:90.92,93.2 2 1
github.com/ryvasa/go-super-farmer/pkg/mock/mock_transaction.go:27.81,31.2 3 1
github.com/ryvasa/go-super-farmer/pkg/mock/mock_transaction.go:34.79,36.2 1 1
github.com/ryvasa/go-super-farmer/pkg/mock/mock_transaction.go:39.51,44.2 4 0
github.com/ryvasa/go-super-farmer/pkg/mock/mock_transaction.go:47.68,50.2 2 0
github.com/ryvasa/go-super-farmer/pkg/mock/mock_transaction.go:53.109,58.2 4 1
github.com/ryvasa/go-super-farmer/pkg/mock/mock_transaction.go:61.97,64.2 2 1
github.com/ryvasa/go-super-farmer/utils/auth.go:15.29,17.2 1 0
github.com/ryvasa/go-super-farmer/utils/auth.go:19.73,21.13 2 0
github.com/ryvasa/go-super-farmer/utils/auth.go:21.13,23.3 1 0
github.com/ryvasa/go-super-farmer/utils/auth.go:24.2,25.9 2 0
github.com/ryvasa/go-super-farmer/utils/auth.go:25.9,27.3 1 0
github.com/ryvasa/go-super-farmer/utils/auth.go:29.2,30.9 2 0
github.com/ryvasa/go-super-farmer/utils/auth.go:30.9,32.3 1 0
github.com/ryvasa/go-super-farmer/utils/auth.go:33.2,34.16 2 0
github.com/ryvasa/go-super-farmer/utils/auth.go:34.16,36.3 1 0
github.com/ryvasa/go-super-farmer/utils/auth.go:38.2,38.16 1 0
github.com/ryvasa/go-super-farmer/utils/errors.go:12.34,14.2 1 1
github.com/ryvasa/go-super-farmer/utils/errors.go:16.83,23.2 1 1
github.com/ryvasa/go-super-farmer/utils/errors.go:25.52,27.2 1 1
github.com/ryvasa/go-super-farmer/utils/errors.go:29.47,31.2 1 1
github.com/ryvasa/go-super-farmer/utils/errors.go:33.45,35.2 1 1
github.com/ryvasa/go-super-farmer/utils/errors.go:37.45,39.2 1 0
github.com/ryvasa/go-super-farmer/utils/errors.go:41.45,43.2 1 1
github.com/ryvasa/go-super-farmer/utils/errors.go:45.49,47.2 1 0
github.com/ryvasa/go-super-farmer/utils/errors.go:49.46,51.2 1 0
github.com/ryvasa/go-super-farmer/utils/errors.go:53.35,54.38 1 0
github.com/ryvasa/go-super-farmer/utils/errors.go:54.38,56.3 1 0
github.com/ryvasa/go-super-farmer/utils/errors.go:57.2,57.39 1 0
github.com/ryvasa/go-super-farmer/utils/excel.go:12.49,16.2 3 0
github.com/ryvasa/go-super-farmer/utils/excel.go:19.51,24.2 4 0
github.com/ryvasa/go-super-farmer/utils/excel.go:27.39,31.2 3 0
github.com/ryvasa/go-super-farmer/utils/formater.go:8.60,18.2 1 1
github.com/ryvasa/go-super-farmer/utils/formater.go:29.74,34.2 1 1
github.com/ryvasa/go-super-farmer/utils/hasher.go:14.25,16.2 1 0
github.com/ryvasa/go-super-farmer/utils/hasher.go:18.68,21.2 2 0
github.com/ryvasa/go-super-farmer/utils/hasher.go:23.67,26.2 2 0
github.com/ryvasa/go-super-farmer/utils/otp.go:8.46,10.20 1 1
github.com/ryvasa/go-super-farmer/utils/otp.go:10.20,12.6 1 0
github.com/ryvasa/go-super-farmer/utils/otp.go:15.5,16.49 2 1
github.com/ryvasa/go-super-farmer/utils/otp.go:16.49,18.6 1 0
github.com/ryvasa/go-super-farmer/utils/otp.go:21.5,22.33 2 1
github.com/ryvasa/go-super-farmer/utils/otp.go:22.33,24.6 1 1
github.com/ryvasa/go-super-farmer/utils/otp.go:26.5,26.20 1 1
github.com/ryvasa/go-super-farmer/utils/pagination.go:9.70,16.54 2 0
github.com/ryvasa/go-super-farmer/utils/pagination.go:16.54,18.3 1 0
github.com/ryvasa/go-super-farmer/utils/pagination.go:21.2,21.46 1 0
github.com/ryvasa/go-super-farmer/utils/pagination.go:21.46,23.3 1 0
github.com/ryvasa/go-super-farmer/utils/pagination.go:25.2,25.24 1 0
github.com/ryvasa/go-super-farmer/utils/pagination.go:28.79,29.36 1 0
github.com/ryvasa/go-super-farmer/utils/pagination.go:29.36,30.28 1 0
github.com/ryvasa/go-super-farmer/utils/pagination.go:30.28,32.4 1 0
github.com/ryvasa/go-super-farmer/utils/pagination.go:33.3,33.33 1 0
github.com/ryvasa/go-super-farmer/utils/pagination.go:33.33,35.4 1 0
github.com/ryvasa/go-super-farmer/utils/pagination.go:36.3,36.28 1 0
github.com/ryvasa/go-super-farmer/utils/pagination.go:36.28,38.4 1 0
github.com/ryvasa/go-super-farmer/utils/pagination.go:39.3,39.33 1 0
github.com/ryvasa/go-super-farmer/utils/pagination.go:39.33,41.4 1 0
github.com/ryvasa/go-super-farmer/utils/pagination.go:42.3,42.31 1 0
github.com/ryvasa/go-super-farmer/utils/pagination.go:42.31,44.4 1 0
github.com/ryvasa/go-super-farmer/utils/pagination.go:45.3,45.12 1 0
github.com/ryvasa/go-super-farmer/utils/pagination.go:49.83,50.36 1 0
github.com/ryvasa/go-super-farmer/utils/pagination.go:50.36,52.16 2 0
github.com/ryvasa/go-super-farmer/utils/pagination.go:52.16,54.4 1 0
github.com/ryvasa/go-super-farmer/utils/pagination.go:55.3,56.17 2 0
github.com/ryvasa/go-super-farmer/utils/pagination.go:56.17,58.4 1 0
github.com/ryvasa/go-super-farmer/utils/pagination.go:59.3,60.17 2 0
github.com/ryvasa/go-super-farmer/utils/pagination.go:60.17,62.4 1 0
github.com/ryvasa/go-super-farmer/utils/pagination.go:63.3,67.15 2 0
github.com/ryvasa/go-super-farmer/utils/response.go:13.107,21.2 1 0
github.com/ryvasa/go-super-farmer/utils/response.go:23.47,27.2 3 0
github.com/ryvasa/go-super-farmer/utils/response.go:29.72,32.2 2 0
github.com/ryvasa/go-super-farmer/utils/validate.go:16.56,19.16 3 1
github.com/ryvasa/go-super-farmer/utils/validate.go:19.16,20.56 1 1
github.com/ryvasa/go-super-farmer/utils/validate.go:20.56,25.4 1 1
github.com/ryvasa/go-super-farmer/utils/validate.go:27.2,27.15 1 1
github.com/ryvasa/go-super-farmer/utils/validate.go:30.50,32.41 1 1
github.com/ryvasa/go-super-farmer/utils/validate.go:32.41,32.76 1 1
github.com/ryvasa/go-super-farmer/utils/validate.go:33.41,33.94 1 1
github.com/ryvasa/go-super-farmer/utils/validate.go:34.41,34.94 1 0
github.com/ryvasa/go-super-farmer/utils/validate.go:35.41,35.107 1 0
github.com/ryvasa/go-super-farmer/utils/validate.go:37.2,38.8 2 1
github.com/ryvasa/go-super-farmer/utils/validate.go:38.8,40.3 1 1
github.com/ryvasa/go-super-farmer/utils/validate.go:41.2,41.24 1 1
github.com/ryvasa/go-super-farmer/utils/mock/auth.go:27.61,31.2 3 0
github.com/ryvasa/go-super-farmer/utils/mock/auth.go:34.59,36.2 1 0
github.com/ryvasa/go-super-farmer/utils/mock/auth.go:39.73,45.2 5 0
github.com/ryvasa/go-super-farmer/utils/mock/auth.go:48.79,51.2 2 0
github.com/ryvasa/go-super-farmer/utils/mock/mock_hasher.go:25.57,29.2 3 1
github.com/ryvasa/go-super-farmer/utils/mock/mock_hasher.go:32.55,34.2 1 1
github.com/ryvasa/go-super-farmer/utils/mock/mock_hasher.go:37.68,43.2 5 1
github.com/ryvasa/go-super-farmer/utils/mock/mock_hasher.go:46.83,49.2 2 1
github.com/ryvasa/go-super-farmer/utils/mock/mock_hasher.go:52.67,57.2 4 1
github.com/ryvasa/go-super-farmer/utils/mock/mock_hasher.go:60.93,63.2 2 1
