mode: set
github.com/ryvasa/go-super-farmer/cmd/main.go:11.13,15.16 3 0
github.com/ryvasa/go-super-farmer/cmd/main.go:15.16,17.3 1 0
github.com/ryvasa/go-super-farmer/cmd/main.go:19.2,20.16 2 0
github.com/ryvasa/go-super-farmer/cmd/main.go:20.16,22.3 1 0
github.com/ryvasa/go-super-farmer/cmd/main.go:24.2,24.41 1 0
github.com/ryvasa/go-super-farmer/cmd/main.go:24.41,26.3 1 0
github.com/ryvasa/go-super-farmer/internal/delivery/http/handler/auth_handler_impl.go:16.62,18.2 1 0
github.com/ryvasa/go-super-farmer/internal/delivery/http/handler/auth_handler_impl.go:20.49,22.47 2 0
github.com/ryvasa/go-super-farmer/internal/delivery/http/handler/auth_handler_impl.go:22.47,25.3 2 0
github.com/ryvasa/go-super-farmer/internal/delivery/http/handler/auth_handler_impl.go:26.2,27.16 2 0
github.com/ryvasa/go-super-farmer/internal/delivery/http/handler/auth_handler_impl.go:27.16,30.3 2 0
github.com/ryvasa/go-super-farmer/internal/delivery/http/handler/auth_handler_impl.go:31.2,31.47 1 0
github.com/ryvasa/go-super-farmer/internal/delivery/http/handler/city_handler_impl.go:17.57,19.2 1 0
github.com/ryvasa/go-super-farmer/internal/delivery/http/handler/city_handler_impl.go:21.54,23.46 2 0
github.com/ryvasa/go-super-farmer/internal/delivery/http/handler/city_handler_impl.go:23.46,26.3 2 0
github.com/ryvasa/go-super-farmer/internal/delivery/http/handler/city_handler_impl.go:27.2,28.16 2 0
github.com/ryvasa/go-super-farmer/internal/delivery/http/handler/city_handler_impl.go:28.16,31.3 2 0
github.com/ryvasa/go-super-farmer/internal/delivery/http/handler/city_handler_impl.go:32.2,32.52 1 0
github.com/ryvasa/go-super-farmer/internal/delivery/http/handler/city_handler_impl.go:35.56,37.16 2 0
github.com/ryvasa/go-super-farmer/internal/delivery/http/handler/city_handler_impl.go:37.16,40.3 2 0
github.com/ryvasa/go-super-farmer/internal/delivery/http/handler/city_handler_impl.go:41.2,41.49 1 0
github.com/ryvasa/go-super-farmer/internal/delivery/http/handler/city_handler_impl.go:44.55,46.16 2 0
github.com/ryvasa/go-super-farmer/internal/delivery/http/handler/city_handler_impl.go:46.16,49.3 2 0
github.com/ryvasa/go-super-farmer/internal/delivery/http/handler/city_handler_impl.go:50.2,51.16 2 0
github.com/ryvasa/go-super-farmer/internal/delivery/http/handler/city_handler_impl.go:51.16,54.3 2 0
github.com/ryvasa/go-super-farmer/internal/delivery/http/handler/city_handler_impl.go:55.2,55.47 1 0
github.com/ryvasa/go-super-farmer/internal/delivery/http/handler/city_handler_impl.go:58.54,60.16 2 0
github.com/ryvasa/go-super-farmer/internal/delivery/http/handler/city_handler_impl.go:60.16,63.3 2 0
github.com/ryvasa/go-super-farmer/internal/delivery/http/handler/city_handler_impl.go:64.2,65.46 2 0
github.com/ryvasa/go-super-farmer/internal/delivery/http/handler/city_handler_impl.go:65.46,68.3 2 0
github.com/ryvasa/go-super-farmer/internal/delivery/http/handler/city_handler_impl.go:69.2,70.16 2 0
github.com/ryvasa/go-super-farmer/internal/delivery/http/handler/city_handler_impl.go:70.16,73.3 2 0
github.com/ryvasa/go-super-farmer/internal/delivery/http/handler/city_handler_impl.go:74.2,74.47 1 0
github.com/ryvasa/go-super-farmer/internal/delivery/http/handler/city_handler_impl.go:77.54,79.16 2 0
github.com/ryvasa/go-super-farmer/internal/delivery/http/handler/city_handler_impl.go:79.16,82.3 2 0
github.com/ryvasa/go-super-farmer/internal/delivery/http/handler/city_handler_impl.go:83.2,84.16 2 0
github.com/ryvasa/go-super-farmer/internal/delivery/http/handler/city_handler_impl.go:84.16,87.3 2 0
github.com/ryvasa/go-super-farmer/internal/delivery/http/handler/city_handler_impl.go:88.2,88.88 1 0
github.com/ryvasa/go-super-farmer/internal/delivery/http/handler/commodity_handler_impl.go:17.86,19.2 1 0
github.com/ryvasa/go-super-farmer/internal/delivery/http/handler/commodity_handler_impl.go:21.64,23.47 2 0
github.com/ryvasa/go-super-farmer/internal/delivery/http/handler/commodity_handler_impl.go:23.47,26.3 2 0
github.com/ryvasa/go-super-farmer/internal/delivery/http/handler/commodity_handler_impl.go:27.2,28.16 2 0
github.com/ryvasa/go-super-farmer/internal/delivery/http/handler/commodity_handler_impl.go:28.16,31.3 2 0
github.com/ryvasa/go-super-farmer/internal/delivery/http/handler/commodity_handler_impl.go:32.2,32.57 1 0
github.com/ryvasa/go-super-farmer/internal/delivery/http/handler/commodity_handler_impl.go:35.66,37.16 2 0
github.com/ryvasa/go-super-farmer/internal/delivery/http/handler/commodity_handler_impl.go:37.16,40.3 2 0
github.com/ryvasa/go-super-farmer/internal/delivery/http/handler/commodity_handler_impl.go:41.2,41.54 1 0
github.com/ryvasa/go-super-farmer/internal/delivery/http/handler/commodity_handler_impl.go:44.65,46.16 2 0
github.com/ryvasa/go-super-farmer/internal/delivery/http/handler/commodity_handler_impl.go:46.16,49.3 2 0
github.com/ryvasa/go-super-farmer/internal/delivery/http/handler/commodity_handler_impl.go:50.2,51.16 2 0
github.com/ryvasa/go-super-farmer/internal/delivery/http/handler/commodity_handler_impl.go:51.16,54.3 2 0
github.com/ryvasa/go-super-farmer/internal/delivery/http/handler/commodity_handler_impl.go:55.2,55.22 1 0
github.com/ryvasa/go-super-farmer/internal/delivery/http/handler/commodity_handler_impl.go:55.22,58.3 2 0
github.com/ryvasa/go-super-farmer/internal/delivery/http/handler/commodity_handler_impl.go:59.2,59.52 1 0
github.com/ryvasa/go-super-farmer/internal/delivery/http/handler/commodity_handler_impl.go:62.64,64.16 2 0
github.com/ryvasa/go-super-farmer/internal/delivery/http/handler/commodity_handler_impl.go:64.16,67.3 2 0
github.com/ryvasa/go-super-farmer/internal/delivery/http/handler/commodity_handler_impl.go:68.2,69.47 2 0
github.com/ryvasa/go-super-farmer/internal/delivery/http/handler/commodity_handler_impl.go:69.47,72.3 2 0
github.com/ryvasa/go-super-farmer/internal/delivery/http/handler/commodity_handler_impl.go:73.2,74.16 2 0
github.com/ryvasa/go-super-farmer/internal/delivery/http/handler/commodity_handler_impl.go:74.16,77.3 2 0
github.com/ryvasa/go-super-farmer/internal/delivery/http/handler/commodity_handler_impl.go:78.2,78.59 1 0
github.com/ryvasa/go-super-farmer/internal/delivery/http/handler/commodity_handler_impl.go:81.64,83.16 2 0
github.com/ryvasa/go-super-farmer/internal/delivery/http/handler/commodity_handler_impl.go:83.16,86.3 2 0
github.com/ryvasa/go-super-farmer/internal/delivery/http/handler/commodity_handler_impl.go:87.2,87.66 1 0
github.com/ryvasa/go-super-farmer/internal/delivery/http/handler/commodity_handler_impl.go:87.66,90.3 2 0
github.com/ryvasa/go-super-farmer/internal/delivery/http/handler/commodity_handler_impl.go:91.2,91.93 1 0
github.com/ryvasa/go-super-farmer/internal/delivery/http/handler/commodity_handler_impl.go:94.65,96.16 2 0
github.com/ryvasa/go-super-farmer/internal/delivery/http/handler/commodity_handler_impl.go:96.16,99.3 2 0
github.com/ryvasa/go-super-farmer/internal/delivery/http/handler/commodity_handler_impl.go:100.2,101.16 2 0
github.com/ryvasa/go-super-farmer/internal/delivery/http/handler/commodity_handler_impl.go:101.16,104.3 2 0
github.com/ryvasa/go-super-farmer/internal/delivery/http/handler/commodity_handler_impl.go:105.2,105.60 1 0
github.com/ryvasa/go-super-farmer/internal/delivery/http/handler/handlers.go:16.320,29.2 1 0
github.com/ryvasa/go-super-farmer/internal/delivery/http/handler/land_commodity_handler_impl.go:17.102,19.2 1 0
github.com/ryvasa/go-super-farmer/internal/delivery/http/handler/land_commodity_handler_impl.go:21.72,23.47 2 0
github.com/ryvasa/go-super-farmer/internal/delivery/http/handler/land_commodity_handler_impl.go:23.47,26.3 2 0
github.com/ryvasa/go-super-farmer/internal/delivery/http/handler/land_commodity_handler_impl.go:27.2,28.16 2 0
github.com/ryvasa/go-super-farmer/internal/delivery/http/handler/land_commodity_handler_impl.go:28.16,31.3 2 0
github.com/ryvasa/go-super-farmer/internal/delivery/http/handler/land_commodity_handler_impl.go:32.2,32.61 1 0
github.com/ryvasa/go-super-farmer/internal/delivery/http/handler/land_commodity_handler_impl.go:35.73,37.16 2 0
github.com/ryvasa/go-super-farmer/internal/delivery/http/handler/land_commodity_handler_impl.go:37.16,40.3 2 0
github.com/ryvasa/go-super-farmer/internal/delivery/http/handler/land_commodity_handler_impl.go:42.2,43.16 2 0
github.com/ryvasa/go-super-farmer/internal/delivery/http/handler/land_commodity_handler_impl.go:43.16,46.3 2 0
github.com/ryvasa/go-super-farmer/internal/delivery/http/handler/land_commodity_handler_impl.go:47.2,47.56 1 0
github.com/ryvasa/go-super-farmer/internal/delivery/http/handler/land_commodity_handler_impl.go:50.77,52.16 2 0
github.com/ryvasa/go-super-farmer/internal/delivery/http/handler/land_commodity_handler_impl.go:52.16,55.3 2 0
github.com/ryvasa/go-super-farmer/internal/delivery/http/handler/land_commodity_handler_impl.go:56.2,57.16 2 0
github.com/ryvasa/go-super-farmer/internal/delivery/http/handler/land_commodity_handler_impl.go:57.16,60.3 2 0
github.com/ryvasa/go-super-farmer/internal/delivery/http/handler/land_commodity_handler_impl.go:61.2,61.59 1 0
github.com/ryvasa/go-super-farmer/internal/delivery/http/handler/land_commodity_handler_impl.go:64.72,66.16 2 0
github.com/ryvasa/go-super-farmer/internal/delivery/http/handler/land_commodity_handler_impl.go:66.16,69.3 2 0
github.com/ryvasa/go-super-farmer/internal/delivery/http/handler/land_commodity_handler_impl.go:70.2,70.58 1 0
github.com/ryvasa/go-super-farmer/internal/delivery/http/handler/land_commodity_handler_impl.go:73.82,75.16 2 0
github.com/ryvasa/go-super-farmer/internal/delivery/http/handler/land_commodity_handler_impl.go:75.16,78.3 2 0
github.com/ryvasa/go-super-farmer/internal/delivery/http/handler/land_commodity_handler_impl.go:79.2,80.16 2 0
github.com/ryvasa/go-super-farmer/internal/delivery/http/handler/land_commodity_handler_impl.go:80.16,83.3 2 0
github.com/ryvasa/go-super-farmer/internal/delivery/http/handler/land_commodity_handler_impl.go:84.2,84.58 1 0
github.com/ryvasa/go-super-farmer/internal/delivery/http/handler/land_commodity_handler_impl.go:87.72,89.16 2 0
github.com/ryvasa/go-super-farmer/internal/delivery/http/handler/land_commodity_handler_impl.go:89.16,92.3 2 0
github.com/ryvasa/go-super-farmer/internal/delivery/http/handler/land_commodity_handler_impl.go:94.2,95.47 2 0
github.com/ryvasa/go-super-farmer/internal/delivery/http/handler/land_commodity_handler_impl.go:95.47,98.3 2 0
github.com/ryvasa/go-super-farmer/internal/delivery/http/handler/land_commodity_handler_impl.go:99.2,100.16 2 0
github.com/ryvasa/go-super-farmer/internal/delivery/http/handler/land_commodity_handler_impl.go:100.16,103.3 2 0
github.com/ryvasa/go-super-farmer/internal/delivery/http/handler/land_commodity_handler_impl.go:104.2,104.63 1 0
github.com/ryvasa/go-super-farmer/internal/delivery/http/handler/land_commodity_handler_impl.go:107.72,109.16 2 0
github.com/ryvasa/go-super-farmer/internal/delivery/http/handler/land_commodity_handler_impl.go:109.16,112.3 2 0
github.com/ryvasa/go-super-farmer/internal/delivery/http/handler/land_commodity_handler_impl.go:114.2,115.16 2 0
github.com/ryvasa/go-super-farmer/internal/delivery/http/handler/land_commodity_handler_impl.go:115.16,118.3 2 0
github.com/ryvasa/go-super-farmer/internal/delivery/http/handler/land_commodity_handler_impl.go:119.2,119.98 1 0
github.com/ryvasa/go-super-farmer/internal/delivery/http/handler/land_commodity_handler_impl.go:122.73,124.16 2 0
github.com/ryvasa/go-super-farmer/internal/delivery/http/handler/land_commodity_handler_impl.go:124.16,127.3 2 0
github.com/ryvasa/go-super-farmer/internal/delivery/http/handler/land_commodity_handler_impl.go:128.2,129.16 2 0
github.com/ryvasa/go-super-farmer/internal/delivery/http/handler/land_commodity_handler_impl.go:129.16,132.3 2 0
github.com/ryvasa/go-super-farmer/internal/delivery/http/handler/land_commodity_handler_impl.go:133.2,133.64 1 0
github.com/ryvasa/go-super-farmer/internal/delivery/http/handler/land_handler_impl.go:18.87,20.2 1 0
github.com/ryvasa/go-super-farmer/internal/delivery/http/handler/land_handler_impl.go:22.54,24.16 2 0
github.com/ryvasa/go-super-farmer/internal/delivery/http/handler/land_handler_impl.go:24.16,27.3 2 0
github.com/ryvasa/go-super-farmer/internal/delivery/http/handler/land_handler_impl.go:29.2,30.47 2 0
github.com/ryvasa/go-super-farmer/internal/delivery/http/handler/land_handler_impl.go:30.47,33.3 2 0
github.com/ryvasa/go-super-farmer/internal/delivery/http/handler/land_handler_impl.go:34.2,35.16 2 0
github.com/ryvasa/go-super-farmer/internal/delivery/http/handler/land_handler_impl.go:35.16,38.3 2 0
github.com/ryvasa/go-super-farmer/internal/delivery/http/handler/land_handler_impl.go:39.2,39.52 1 0
github.com/ryvasa/go-super-farmer/internal/delivery/http/handler/land_handler_impl.go:42.55,44.16 2 0
github.com/ryvasa/go-super-farmer/internal/delivery/http/handler/land_handler_impl.go:44.16,47.3 2 0
github.com/ryvasa/go-super-farmer/internal/delivery/http/handler/land_handler_impl.go:48.2,49.16 2 0
github.com/ryvasa/go-super-farmer/internal/delivery/http/handler/land_handler_impl.go:49.16,52.3 2 0
github.com/ryvasa/go-super-farmer/internal/delivery/http/handler/land_handler_impl.go:53.2,53.47 1 0
github.com/ryvasa/go-super-farmer/internal/delivery/http/handler/land_handler_impl.go:56.59,58.16 2 0
github.com/ryvasa/go-super-farmer/internal/delivery/http/handler/land_handler_impl.go:58.16,61.3 2 0
github.com/ryvasa/go-super-farmer/internal/delivery/http/handler/land_handler_impl.go:62.2,63.16 2 0
github.com/ryvasa/go-super-farmer/internal/delivery/http/handler/land_handler_impl.go:63.16,66.3 2 0
github.com/ryvasa/go-super-farmer/internal/delivery/http/handler/land_handler_impl.go:67.2,67.48 1 0
github.com/ryvasa/go-super-farmer/internal/delivery/http/handler/land_handler_impl.go:70.55,72.16 2 0
github.com/ryvasa/go-super-farmer/internal/delivery/http/handler/land_handler_impl.go:72.16,75.3 2 0
github.com/ryvasa/go-super-farmer/internal/delivery/http/handler/land_handler_impl.go:76.2,76.48 1 0
github.com/ryvasa/go-super-farmer/internal/delivery/http/handler/land_handler_impl.go:79.54,81.16 2 0
github.com/ryvasa/go-super-farmer/internal/delivery/http/handler/land_handler_impl.go:81.16,84.3 2 0
github.com/ryvasa/go-super-farmer/internal/delivery/http/handler/land_handler_impl.go:86.2,87.16 2 0
github.com/ryvasa/go-super-farmer/internal/delivery/http/handler/land_handler_impl.go:87.16,90.3 2 0
github.com/ryvasa/go-super-farmer/internal/delivery/http/handler/land_handler_impl.go:92.2,93.47 2 0
github.com/ryvasa/go-super-farmer/internal/delivery/http/handler/land_handler_impl.go:93.47,96.3 2 0
github.com/ryvasa/go-super-farmer/internal/delivery/http/handler/land_handler_impl.go:97.2,98.16 2 0
github.com/ryvasa/go-super-farmer/internal/delivery/http/handler/land_handler_impl.go:98.16,101.3 2 0
github.com/ryvasa/go-super-farmer/internal/delivery/http/handler/land_handler_impl.go:102.2,102.54 1 0
github.com/ryvasa/go-super-farmer/internal/delivery/http/handler/land_handler_impl.go:105.54,107.16 2 0
github.com/ryvasa/go-super-farmer/internal/delivery/http/handler/land_handler_impl.go:107.16,110.3 2 0
github.com/ryvasa/go-super-farmer/internal/delivery/http/handler/land_handler_impl.go:111.2,112.16 2 0
github.com/ryvasa/go-super-farmer/internal/delivery/http/handler/land_handler_impl.go:112.16,115.3 2 0
github.com/ryvasa/go-super-farmer/internal/delivery/http/handler/land_handler_impl.go:116.2,116.88 1 0
github.com/ryvasa/go-super-farmer/internal/delivery/http/handler/land_handler_impl.go:119.55,121.16 2 0
github.com/ryvasa/go-super-farmer/internal/delivery/http/handler/land_handler_impl.go:121.16,124.3 2 0
github.com/ryvasa/go-super-farmer/internal/delivery/http/handler/land_handler_impl.go:125.2,126.16 2 0
github.com/ryvasa/go-super-farmer/internal/delivery/http/handler/land_handler_impl.go:126.16,129.3 2 0
github.com/ryvasa/go-super-farmer/internal/delivery/http/handler/land_handler_impl.go:130.2,130.55 1 0
github.com/ryvasa/go-super-farmer/internal/delivery/http/handler/price_handler_impl.go:17.60,19.2 1 0
github.com/ryvasa/go-super-farmer/internal/delivery/http/handler/price_handler_impl.go:21.56,23.47 2 0
github.com/ryvasa/go-super-farmer/internal/delivery/http/handler/price_handler_impl.go:23.47,26.3 2 0
github.com/ryvasa/go-super-farmer/internal/delivery/http/handler/price_handler_impl.go:27.2,28.16 2 0
github.com/ryvasa/go-super-farmer/internal/delivery/http/handler/price_handler_impl.go:28.16,31.3 2 0
github.com/ryvasa/go-super-farmer/internal/delivery/http/handler/price_handler_impl.go:32.2,32.60 1 0
github.com/ryvasa/go-super-farmer/internal/delivery/http/handler/price_handler_impl.go:35.57,37.16 2 0
github.com/ryvasa/go-super-farmer/internal/delivery/http/handler/price_handler_impl.go:37.16,40.3 2 0
github.com/ryvasa/go-super-farmer/internal/delivery/http/handler/price_handler_impl.go:41.2,41.49 1 0
github.com/ryvasa/go-super-farmer/internal/delivery/http/handler/price_handler_impl.go:44.57,46.16 2 0
github.com/ryvasa/go-super-farmer/internal/delivery/http/handler/price_handler_impl.go:46.16,49.3 2 0
github.com/ryvasa/go-super-farmer/internal/delivery/http/handler/price_handler_impl.go:50.2,51.16 2 0
github.com/ryvasa/go-super-farmer/internal/delivery/http/handler/price_handler_impl.go:51.16,54.3 2 0
github.com/ryvasa/go-super-farmer/internal/delivery/http/handler/price_handler_impl.go:55.2,55.47 1 0
github.com/ryvasa/go-super-farmer/internal/delivery/http/handler/price_handler_impl.go:58.67,60.16 2 0
github.com/ryvasa/go-super-farmer/internal/delivery/http/handler/price_handler_impl.go:60.16,63.3 2 0
github.com/ryvasa/go-super-farmer/internal/delivery/http/handler/price_handler_impl.go:65.2,66.16 2 0
github.com/ryvasa/go-super-farmer/internal/delivery/http/handler/price_handler_impl.go:66.16,69.3 2 0
github.com/ryvasa/go-super-farmer/internal/delivery/http/handler/price_handler_impl.go:70.2,70.49 1 0
github.com/ryvasa/go-super-farmer/internal/delivery/http/handler/price_handler_impl.go:73.64,75.16 2 0
github.com/ryvasa/go-super-farmer/internal/delivery/http/handler/price_handler_impl.go:75.16,78.3 2 0
github.com/ryvasa/go-super-farmer/internal/delivery/http/handler/price_handler_impl.go:80.2,81.16 2 0
github.com/ryvasa/go-super-farmer/internal/delivery/http/handler/price_handler_impl.go:81.16,84.3 2 0
github.com/ryvasa/go-super-farmer/internal/delivery/http/handler/price_handler_impl.go:85.2,85.49 1 0
github.com/ryvasa/go-super-farmer/internal/delivery/http/handler/price_handler_impl.go:88.56,90.16 2 0
github.com/ryvasa/go-super-farmer/internal/delivery/http/handler/price_handler_impl.go:90.16,93.3 2 0
github.com/ryvasa/go-super-farmer/internal/delivery/http/handler/price_handler_impl.go:94.2,95.47 2 0
github.com/ryvasa/go-super-farmer/internal/delivery/http/handler/price_handler_impl.go:95.47,98.3 2 0
github.com/ryvasa/go-super-farmer/internal/delivery/http/handler/price_handler_impl.go:99.2,100.16 2 0
github.com/ryvasa/go-super-farmer/internal/delivery/http/handler/price_handler_impl.go:100.16,103.3 2 0
github.com/ryvasa/go-super-farmer/internal/delivery/http/handler/price_handler_impl.go:104.2,104.55 1 0
github.com/ryvasa/go-super-farmer/internal/delivery/http/handler/price_handler_impl.go:107.56,109.16 2 0
github.com/ryvasa/go-super-farmer/internal/delivery/http/handler/price_handler_impl.go:109.16,112.3 2 0
github.com/ryvasa/go-super-farmer/internal/delivery/http/handler/price_handler_impl.go:113.2,113.48 1 0
github.com/ryvasa/go-super-farmer/internal/delivery/http/handler/price_handler_impl.go:113.48,116.3 2 0
github.com/ryvasa/go-super-farmer/internal/delivery/http/handler/price_handler_impl.go:117.2,117.89 1 0
github.com/ryvasa/go-super-farmer/internal/delivery/http/handler/price_handler_impl.go:120.57,122.16 2 0
github.com/ryvasa/go-super-farmer/internal/delivery/http/handler/price_handler_impl.go:122.16,125.3 2 0
github.com/ryvasa/go-super-farmer/internal/delivery/http/handler/price_handler_impl.go:127.2,128.16 2 0
github.com/ryvasa/go-super-farmer/internal/delivery/http/handler/price_handler_impl.go:128.16,131.3 2 0
github.com/ryvasa/go-super-farmer/internal/delivery/http/handler/price_handler_impl.go:132.2,132.56 1 0
github.com/ryvasa/go-super-farmer/internal/delivery/http/handler/price_handler_impl.go:135.77,137.16 2 0
github.com/ryvasa/go-super-farmer/internal/delivery/http/handler/price_handler_impl.go:137.16,140.3 2 0
github.com/ryvasa/go-super-farmer/internal/delivery/http/handler/price_handler_impl.go:141.2,142.16 2 0
github.com/ryvasa/go-super-farmer/internal/delivery/http/handler/price_handler_impl.go:142.16,145.3 2 0
github.com/ryvasa/go-super-farmer/internal/delivery/http/handler/price_handler_impl.go:147.2,148.16 2 0
github.com/ryvasa/go-super-farmer/internal/delivery/http/handler/price_handler_impl.go:148.16,151.3 2 0
github.com/ryvasa/go-super-farmer/internal/delivery/http/handler/price_handler_impl.go:152.2,152.48 1 0
github.com/ryvasa/go-super-farmer/internal/delivery/http/handler/price_handler_impl.go:155.85,157.16 2 0
github.com/ryvasa/go-super-farmer/internal/delivery/http/handler/price_handler_impl.go:157.16,160.3 2 0
github.com/ryvasa/go-super-farmer/internal/delivery/http/handler/price_handler_impl.go:161.2,162.16 2 0
github.com/ryvasa/go-super-farmer/internal/delivery/http/handler/price_handler_impl.go:162.16,165.3 2 0
github.com/ryvasa/go-super-farmer/internal/delivery/http/handler/price_handler_impl.go:167.2,168.16 2 0
github.com/ryvasa/go-super-farmer/internal/delivery/http/handler/price_handler_impl.go:168.16,171.3 2 0
github.com/ryvasa/go-super-farmer/internal/delivery/http/handler/price_handler_impl.go:172.2,172.55 1 0
github.com/ryvasa/go-super-farmer/internal/delivery/http/handler/province_handler_impl.go:17.69,19.2 1 0
github.com/ryvasa/go-super-farmer/internal/delivery/http/handler/province_handler_impl.go:21.62,23.46 2 0
github.com/ryvasa/go-super-farmer/internal/delivery/http/handler/province_handler_impl.go:23.46,26.3 2 0
github.com/ryvasa/go-super-farmer/internal/delivery/http/handler/province_handler_impl.go:27.2,28.16 2 0
github.com/ryvasa/go-super-farmer/internal/delivery/http/handler/province_handler_impl.go:28.16,31.3 2 0
github.com/ryvasa/go-super-farmer/internal/delivery/http/handler/province_handler_impl.go:32.2,32.56 1 0
github.com/ryvasa/go-super-farmer/internal/delivery/http/handler/province_handler_impl.go:35.63,37.16 2 0
github.com/ryvasa/go-super-farmer/internal/delivery/http/handler/province_handler_impl.go:37.16,40.3 2 0
github.com/ryvasa/go-super-farmer/internal/delivery/http/handler/province_handler_impl.go:41.2,41.52 1 0
github.com/ryvasa/go-super-farmer/internal/delivery/http/handler/province_handler_impl.go:44.63,46.16 2 0
github.com/ryvasa/go-super-farmer/internal/delivery/http/handler/province_handler_impl.go:46.16,49.3 2 0
github.com/ryvasa/go-super-farmer/internal/delivery/http/handler/province_handler_impl.go:50.2,51.16 2 0
github.com/ryvasa/go-super-farmer/internal/delivery/http/handler/province_handler_impl.go:51.16,54.3 2 0
github.com/ryvasa/go-super-farmer/internal/delivery/http/handler/province_handler_impl.go:55.2,55.51 1 0
github.com/ryvasa/go-super-farmer/internal/delivery/http/handler/province_handler_impl.go:58.62,60.16 2 0
github.com/ryvasa/go-super-farmer/internal/delivery/http/handler/province_handler_impl.go:60.16,63.3 2 0
github.com/ryvasa/go-super-farmer/internal/delivery/http/handler/province_handler_impl.go:64.2,65.46 2 0
github.com/ryvasa/go-super-farmer/internal/delivery/http/handler/province_handler_impl.go:65.46,68.3 2 0
github.com/ryvasa/go-super-farmer/internal/delivery/http/handler/province_handler_impl.go:69.2,70.16 2 0
github.com/ryvasa/go-super-farmer/internal/delivery/http/handler/province_handler_impl.go:70.16,73.3 2 0
github.com/ryvasa/go-super-farmer/internal/delivery/http/handler/province_handler_impl.go:74.2,74.51 1 0
github.com/ryvasa/go-super-farmer/internal/delivery/http/handler/province_handler_impl.go:77.62,79.16 2 0
github.com/ryvasa/go-super-farmer/internal/delivery/http/handler/province_handler_impl.go:79.16,82.3 2 0
github.com/ryvasa/go-super-farmer/internal/delivery/http/handler/province_handler_impl.go:83.2,84.16 2 0
github.com/ryvasa/go-super-farmer/internal/delivery/http/handler/province_handler_impl.go:84.16,87.3 2 0
github.com/ryvasa/go-super-farmer/internal/delivery/http/handler/province_handler_impl.go:88.2,88.92 1 0
github.com/ryvasa/go-super-farmer/internal/delivery/http/handler/region_handler_impl.go:17.63,19.2 1 0
github.com/ryvasa/go-super-farmer/internal/delivery/http/handler/region_handler_impl.go:21.58,23.47 2 0
github.com/ryvasa/go-super-farmer/internal/delivery/http/handler/region_handler_impl.go:23.47,26.3 2 0
github.com/ryvasa/go-super-farmer/internal/delivery/http/handler/region_handler_impl.go:27.2,28.16 2 0
github.com/ryvasa/go-super-farmer/internal/delivery/http/handler/region_handler_impl.go:28.16,31.3 2 0
github.com/ryvasa/go-super-farmer/internal/delivery/http/handler/region_handler_impl.go:32.2,32.54 1 0
github.com/ryvasa/go-super-farmer/internal/delivery/http/handler/region_handler_impl.go:35.59,37.16 2 0
github.com/ryvasa/go-super-farmer/internal/delivery/http/handler/region_handler_impl.go:37.16,40.3 2 0
github.com/ryvasa/go-super-farmer/internal/delivery/http/handler/region_handler_impl.go:41.2,41.50 1 0
github.com/ryvasa/go-super-farmer/internal/delivery/http/handler/region_handler_impl.go:44.59,46.16 2 0
github.com/ryvasa/go-super-farmer/internal/delivery/http/handler/region_handler_impl.go:46.16,49.3 2 0
github.com/ryvasa/go-super-farmer/internal/delivery/http/handler/region_handler_impl.go:50.2,51.16 2 0
github.com/ryvasa/go-super-farmer/internal/delivery/http/handler/region_handler_impl.go:51.16,54.3 2 0
github.com/ryvasa/go-super-farmer/internal/delivery/http/handler/region_handler_impl.go:55.2,55.49 1 0
github.com/ryvasa/go-super-farmer/internal/delivery/http/handler/role_handler_impl.go:16.57,18.2 1 0
github.com/ryvasa/go-super-farmer/internal/delivery/http/handler/role_handler_impl.go:20.54,22.47 2 0
github.com/ryvasa/go-super-farmer/internal/delivery/http/handler/role_handler_impl.go:22.47,25.3 2 0
github.com/ryvasa/go-super-farmer/internal/delivery/http/handler/role_handler_impl.go:26.2,27.16 2 0
github.com/ryvasa/go-super-farmer/internal/delivery/http/handler/role_handler_impl.go:27.16,30.3 2 0
github.com/ryvasa/go-super-farmer/internal/delivery/http/handler/role_handler_impl.go:31.2,31.52 1 0
github.com/ryvasa/go-super-farmer/internal/delivery/http/handler/role_handler_impl.go:34.55,36.16 2 0
github.com/ryvasa/go-super-farmer/internal/delivery/http/handler/role_handler_impl.go:36.16,39.3 2 0
github.com/ryvasa/go-super-farmer/internal/delivery/http/handler/role_handler_impl.go:40.2,40.48 1 0
github.com/ryvasa/go-super-farmer/internal/delivery/http/handler/user_handler_impl.go:17.57,19.2 1 0
github.com/ryvasa/go-super-farmer/internal/delivery/http/handler/user_handler_impl.go:21.56,23.47 2 0
github.com/ryvasa/go-super-farmer/internal/delivery/http/handler/user_handler_impl.go:23.47,26.3 2 0
github.com/ryvasa/go-super-farmer/internal/delivery/http/handler/user_handler_impl.go:27.2,28.16 2 0
github.com/ryvasa/go-super-farmer/internal/delivery/http/handler/user_handler_impl.go:28.16,31.3 2 0
github.com/ryvasa/go-super-farmer/internal/delivery/http/handler/user_handler_impl.go:32.2,32.59 1 0
github.com/ryvasa/go-super-farmer/internal/delivery/http/handler/user_handler_impl.go:35.54,37.16 2 0
github.com/ryvasa/go-super-farmer/internal/delivery/http/handler/user_handler_impl.go:37.16,40.3 2 0
github.com/ryvasa/go-super-farmer/internal/delivery/http/handler/user_handler_impl.go:41.2,42.16 2 0
github.com/ryvasa/go-super-farmer/internal/delivery/http/handler/user_handler_impl.go:42.16,45.3 2 0
github.com/ryvasa/go-super-farmer/internal/delivery/http/handler/user_handler_impl.go:46.2,46.47 1 0
github.com/ryvasa/go-super-farmer/internal/delivery/http/handler/user_handler_impl.go:49.55,51.16 2 0
github.com/ryvasa/go-super-farmer/internal/delivery/http/handler/user_handler_impl.go:51.16,54.3 2 0
github.com/ryvasa/go-super-farmer/internal/delivery/http/handler/user_handler_impl.go:55.2,55.48 1 0
github.com/ryvasa/go-super-farmer/internal/delivery/http/handler/user_handler_impl.go:58.54,60.16 2 0
github.com/ryvasa/go-super-farmer/internal/delivery/http/handler/user_handler_impl.go:60.16,63.3 2 0
github.com/ryvasa/go-super-farmer/internal/delivery/http/handler/user_handler_impl.go:64.2,65.47 2 0
github.com/ryvasa/go-super-farmer/internal/delivery/http/handler/user_handler_impl.go:65.47,68.3 2 0
github.com/ryvasa/go-super-farmer/internal/delivery/http/handler/user_handler_impl.go:69.2,70.16 2 0
github.com/ryvasa/go-super-farmer/internal/delivery/http/handler/user_handler_impl.go:70.16,73.3 2 0
github.com/ryvasa/go-super-farmer/internal/delivery/http/handler/user_handler_impl.go:74.2,74.54 1 0
github.com/ryvasa/go-super-farmer/internal/delivery/http/handler/user_handler_impl.go:77.54,79.16 2 0
github.com/ryvasa/go-super-farmer/internal/delivery/http/handler/user_handler_impl.go:79.16,82.3 2 0
github.com/ryvasa/go-super-farmer/internal/delivery/http/handler/user_handler_impl.go:83.2,83.47 1 0
github.com/ryvasa/go-super-farmer/internal/delivery/http/handler/user_handler_impl.go:83.47,86.3 2 0
github.com/ryvasa/go-super-farmer/internal/delivery/http/handler/user_handler_impl.go:87.2,87.88 1 0
github.com/ryvasa/go-super-farmer/internal/delivery/http/handler/user_handler_impl.go:90.55,92.16 2 0
github.com/ryvasa/go-super-farmer/internal/delivery/http/handler/user_handler_impl.go:92.16,95.3 2 0
github.com/ryvasa/go-super-farmer/internal/delivery/http/handler/user_handler_impl.go:96.2,97.16 2 0
github.com/ryvasa/go-super-farmer/internal/delivery/http/handler/user_handler_impl.go:97.16,100.3 2 0
github.com/ryvasa/go-super-farmer/internal/delivery/http/handler/user_handler_impl.go:101.2,101.55 1 0
github.com/ryvasa/go-super-farmer/internal/repository/city_repository_impl.go:14.52,16.2 1 0
github.com/ryvasa/go-super-farmer/internal/repository/city_repository_impl.go:18.83,20.2 1 0
github.com/ryvasa/go-super-farmer/internal/repository/city_repository_impl.go:22.92,25.16 3 0
github.com/ryvasa/go-super-farmer/internal/repository/city_repository_impl.go:25.16,27.3 1 0
github.com/ryvasa/go-super-farmer/internal/repository/city_repository_impl.go:28.2,28.19 1 0
github.com/ryvasa/go-super-farmer/internal/repository/city_repository_impl.go:31.83,33.66 2 0
github.com/ryvasa/go-super-farmer/internal/repository/city_repository_impl.go:33.66,35.3 1 0
github.com/ryvasa/go-super-farmer/internal/repository/city_repository_impl.go:36.2,36.21 1 0
github.com/ryvasa/go-super-farmer/internal/repository/city_repository_impl.go:39.93,41.2 1 0
github.com/ryvasa/go-super-farmer/internal/repository/city_repository_impl.go:43.74,45.2 1 0
github.com/ryvasa/go-super-farmer/internal/repository/commodity_repository_impl.go:15.62,17.2 1 0
github.com/ryvasa/go-super-farmer/internal/repository/commodity_repository_impl.go:19.98,21.16 2 0
github.com/ryvasa/go-super-farmer/internal/repository/commodity_repository_impl.go:21.16,23.3 1 0
github.com/ryvasa/go-super-farmer/internal/repository/commodity_repository_impl.go:24.2,24.12 1 0
github.com/ryvasa/go-super-farmer/internal/repository/commodity_repository_impl.go:27.106,30.16 3 0
github.com/ryvasa/go-super-farmer/internal/repository/commodity_repository_impl.go:30.16,32.3 1 0
github.com/ryvasa/go-super-farmer/internal/repository/commodity_repository_impl.go:33.2,33.24 1 0
github.com/ryvasa/go-super-farmer/internal/repository/commodity_repository_impl.go:36.93,38.71 2 0
github.com/ryvasa/go-super-farmer/internal/repository/commodity_repository_impl.go:38.71,40.3 1 0
github.com/ryvasa/go-super-farmer/internal/repository/commodity_repository_impl.go:41.2,41.26 1 0
github.com/ryvasa/go-super-farmer/internal/repository/commodity_repository_impl.go:44.112,46.16 2 0
github.com/ryvasa/go-super-farmer/internal/repository/commodity_repository_impl.go:46.16,48.3 1 0
github.com/ryvasa/go-super-farmer/internal/repository/commodity_repository_impl.go:49.2,49.12 1 0
github.com/ryvasa/go-super-farmer/internal/repository/commodity_repository_impl.go:52.83,54.16 2 0
github.com/ryvasa/go-super-farmer/internal/repository/commodity_repository_impl.go:54.16,56.3 1 0
github.com/ryvasa/go-super-farmer/internal/repository/commodity_repository_impl.go:57.2,57.12 1 0
github.com/ryvasa/go-super-farmer/internal/repository/commodity_repository_impl.go:60.84,62.16 2 0
github.com/ryvasa/go-super-farmer/internal/repository/commodity_repository_impl.go:62.16,64.3 1 0
github.com/ryvasa/go-super-farmer/internal/repository/commodity_repository_impl.go:65.2,65.12 1 0
github.com/ryvasa/go-super-farmer/internal/repository/commodity_repository_impl.go:68.113,70.128 2 0
github.com/ryvasa/go-super-farmer/internal/repository/commodity_repository_impl.go:70.128,72.3 1 0
github.com/ryvasa/go-super-farmer/internal/repository/commodity_repository_impl.go:73.2,73.24 1 0
github.com/ryvasa/go-super-farmer/internal/repository/land_commodity_repository_impl.go:15.70,17.2 1 0
github.com/ryvasa/go-super-farmer/internal/repository/land_commodity_repository_impl.go:19.110,21.16 2 0
github.com/ryvasa/go-super-farmer/internal/repository/land_commodity_repository_impl.go:21.16,23.3 1 0
github.com/ryvasa/go-super-farmer/internal/repository/land_commodity_repository_impl.go:24.2,24.12 1 0
github.com/ryvasa/go-super-farmer/internal/repository/land_commodity_repository_impl.go:27.114,30.51 2 0
github.com/ryvasa/go-super-farmer/internal/repository/land_commodity_repository_impl.go:30.51,32.4 1 0
github.com/ryvasa/go-super-farmer/internal/repository/land_commodity_repository_impl.go:33.46,35.4 1 0
github.com/ryvasa/go-super-farmer/internal/repository/land_commodity_repository_impl.go:37.2,37.16 1 0
github.com/ryvasa/go-super-farmer/internal/repository/land_commodity_repository_impl.go:37.16,39.3 1 0
github.com/ryvasa/go-super-farmer/internal/repository/land_commodity_repository_impl.go:40.2,40.28 1 0
github.com/ryvasa/go-super-farmer/internal/repository/land_commodity_repository_impl.go:43.120,45.100 2 0
github.com/ryvasa/go-super-farmer/internal/repository/land_commodity_repository_impl.go:45.100,47.3 1 0
github.com/ryvasa/go-super-farmer/internal/repository/land_commodity_repository_impl.go:48.2,48.30 1 0
github.com/ryvasa/go-super-farmer/internal/repository/land_commodity_repository_impl.go:51.101,53.75 2 0
github.com/ryvasa/go-super-farmer/internal/repository/land_commodity_repository_impl.go:53.75,55.3 1 0
github.com/ryvasa/go-super-farmer/internal/repository/land_commodity_repository_impl.go:56.2,56.30 1 0
github.com/ryvasa/go-super-farmer/internal/repository/land_commodity_repository_impl.go:59.125,61.105 2 0
github.com/ryvasa/go-super-farmer/internal/repository/land_commodity_repository_impl.go:61.105,63.3 1 0
github.com/ryvasa/go-super-farmer/internal/repository/land_commodity_repository_impl.go:64.2,64.30 1 0
github.com/ryvasa/go-super-farmer/internal/repository/land_commodity_repository_impl.go:67.124,69.16 2 0
github.com/ryvasa/go-super-farmer/internal/repository/land_commodity_repository_impl.go:69.16,71.3 1 0
github.com/ryvasa/go-super-farmer/internal/repository/land_commodity_repository_impl.go:72.2,72.12 1 0
github.com/ryvasa/go-super-farmer/internal/repository/land_commodity_repository_impl.go:75.87,77.16 2 0
github.com/ryvasa/go-super-farmer/internal/repository/land_commodity_repository_impl.go:77.16,79.3 1 0
github.com/ryvasa/go-super-farmer/internal/repository/land_commodity_repository_impl.go:80.2,80.12 1 0
github.com/ryvasa/go-super-farmer/internal/repository/land_commodity_repository_impl.go:83.88,85.16 2 0
github.com/ryvasa/go-super-farmer/internal/repository/land_commodity_repository_impl.go:85.16,87.3 1 0
github.com/ryvasa/go-super-farmer/internal/repository/land_commodity_repository_impl.go:88.2,88.12 1 0
github.com/ryvasa/go-super-farmer/internal/repository/land_commodity_repository_impl.go:91.121,93.132 2 0
github.com/ryvasa/go-super-farmer/internal/repository/land_commodity_repository_impl.go:93.132,95.3 1 0
github.com/ryvasa/go-super-farmer/internal/repository/land_commodity_repository_impl.go:96.2,96.28 1 0
github.com/ryvasa/go-super-farmer/internal/repository/land_commodity_repository_impl.go:99.111,107.16 3 0
github.com/ryvasa/go-super-farmer/internal/repository/land_commodity_repository_impl.go:107.16,109.3 1 0
github.com/ryvasa/go-super-farmer/internal/repository/land_commodity_repository_impl.go:110.2,110.22 1 0
github.com/ryvasa/go-super-farmer/internal/repository/land_commodity_repository_impl.go:113.116,116.16 3 0
github.com/ryvasa/go-super-farmer/internal/repository/land_commodity_repository_impl.go:116.16,118.3 1 0
github.com/ryvasa/go-super-farmer/internal/repository/land_commodity_repository_impl.go:119.2,119.22 1 0
github.com/ryvasa/go-super-farmer/internal/repository/land_repository_impl.go:15.52,17.2 1 0
github.com/ryvasa/go-super-farmer/internal/repository/land_repository_impl.go:19.83,21.16 2 0
github.com/ryvasa/go-super-farmer/internal/repository/land_repository_impl.go:21.16,23.3 1 0
github.com/ryvasa/go-super-farmer/internal/repository/land_repository_impl.go:24.2,24.12 1 0
github.com/ryvasa/go-super-farmer/internal/repository/land_repository_impl.go:27.96,30.16 3 0
github.com/ryvasa/go-super-farmer/internal/repository/land_repository_impl.go:30.16,32.3 1 0
github.com/ryvasa/go-super-farmer/internal/repository/land_repository_impl.go:33.2,33.19 1 0
github.com/ryvasa/go-super-farmer/internal/repository/land_repository_impl.go:36.102,38.90 2 0
github.com/ryvasa/go-super-farmer/internal/repository/land_repository_impl.go:38.90,40.3 1 0
github.com/ryvasa/go-super-farmer/internal/repository/land_repository_impl.go:41.2,41.20 1 0
github.com/ryvasa/go-super-farmer/internal/repository/land_repository_impl.go:44.83,46.65 2 0
github.com/ryvasa/go-super-farmer/internal/repository/land_repository_impl.go:46.65,48.3 1 0
github.com/ryvasa/go-super-farmer/internal/repository/land_repository_impl.go:49.2,49.20 1 0
github.com/ryvasa/go-super-farmer/internal/repository/land_repository_impl.go:52.97,54.16 2 0
github.com/ryvasa/go-super-farmer/internal/repository/land_repository_impl.go:54.16,56.3 1 0
github.com/ryvasa/go-super-farmer/internal/repository/land_repository_impl.go:57.2,57.12 1 0
github.com/ryvasa/go-super-farmer/internal/repository/land_repository_impl.go:60.78,62.16 2 0
github.com/ryvasa/go-super-farmer/internal/repository/land_repository_impl.go:62.16,64.3 1 0
github.com/ryvasa/go-super-farmer/internal/repository/land_repository_impl.go:65.2,65.12 1 0
github.com/ryvasa/go-super-farmer/internal/repository/land_repository_impl.go:68.79,70.16 2 0
github.com/ryvasa/go-super-farmer/internal/repository/land_repository_impl.go:70.16,72.3 1 0
github.com/ryvasa/go-super-farmer/internal/repository/land_repository_impl.go:73.2,73.12 1 0
github.com/ryvasa/go-super-farmer/internal/repository/land_repository_impl.go:76.103,78.123 2 0
github.com/ryvasa/go-super-farmer/internal/repository/land_repository_impl.go:78.123,80.3 1 0
github.com/ryvasa/go-super-farmer/internal/repository/land_repository_impl.go:81.2,81.19 1 0
github.com/ryvasa/go-super-farmer/internal/repository/price_history_repository_impl.go:15.68,17.2 1 0
github.com/ryvasa/go-super-farmer/internal/repository/price_history_repository_impl.go:19.107,21.2 1 0
github.com/ryvasa/go-super-farmer/internal/repository/price_history_repository_impl.go:23.99,25.74 2 0
github.com/ryvasa/go-super-farmer/internal/repository/price_history_repository_impl.go:25.74,27.3 1 0
github.com/ryvasa/go-super-farmer/internal/repository/price_history_repository_impl.go:28.2,28.29 1 0
github.com/ryvasa/go-super-farmer/internal/repository/price_history_repository_impl.go:31.112,34.16 3 0
github.com/ryvasa/go-super-farmer/internal/repository/price_history_repository_impl.go:34.16,36.3 1 0
github.com/ryvasa/go-super-farmer/internal/repository/price_history_repository_impl.go:37.2,37.27 1 0
github.com/ryvasa/go-super-farmer/internal/repository/price_history_repository_impl.go:40.153,43.16 3 0
github.com/ryvasa/go-super-farmer/internal/repository/price_history_repository_impl.go:43.16,45.3 1 0
github.com/ryvasa/go-super-farmer/internal/repository/price_history_repository_impl.go:46.2,46.29 1 0
github.com/ryvasa/go-super-farmer/internal/repository/price_repository_impl.go:15.54,17.2 1 0
github.com/ryvasa/go-super-farmer/internal/repository/price_repository_impl.go:19.86,21.16 2 0
github.com/ryvasa/go-super-farmer/internal/repository/price_repository_impl.go:21.16,23.3 1 0
github.com/ryvasa/go-super-farmer/internal/repository/price_repository_impl.go:24.2,24.12 1 0
github.com/ryvasa/go-super-farmer/internal/repository/price_repository_impl.go:27.85,37.16 3 0
github.com/ryvasa/go-super-farmer/internal/repository/price_repository_impl.go:37.16,39.3 1 0
github.com/ryvasa/go-super-farmer/internal/repository/price_repository_impl.go:41.2,41.21 1 0
github.com/ryvasa/go-super-farmer/internal/repository/price_repository_impl.go:44.98,47.51 2 0
github.com/ryvasa/go-super-farmer/internal/repository/price_repository_impl.go:47.51,49.4 1 0
github.com/ryvasa/go-super-farmer/internal/repository/price_repository_impl.go:50.48,52.4 1 0
github.com/ryvasa/go-super-farmer/internal/repository/price_repository_impl.go:56.2,56.16 1 0
github.com/ryvasa/go-super-farmer/internal/repository/price_repository_impl.go:56.16,58.3 1 0
github.com/ryvasa/go-super-farmer/internal/repository/price_repository_impl.go:59.2,59.20 1 0
github.com/ryvasa/go-super-farmer/internal/repository/price_repository_impl.go:62.118,65.51 2 0
github.com/ryvasa/go-super-farmer/internal/repository/price_repository_impl.go:65.51,67.4 1 0
github.com/ryvasa/go-super-farmer/internal/repository/price_repository_impl.go:68.48,70.4 1 0
github.com/ryvasa/go-super-farmer/internal/repository/price_repository_impl.go:75.2,75.16 1 0
github.com/ryvasa/go-super-farmer/internal/repository/price_repository_impl.go:75.16,77.3 1 0
github.com/ryvasa/go-super-farmer/internal/repository/price_repository_impl.go:78.2,78.21 1 0
github.com/ryvasa/go-super-farmer/internal/repository/price_repository_impl.go:81.112,84.51 2 0
github.com/ryvasa/go-super-farmer/internal/repository/price_repository_impl.go:84.51,86.4 1 0
github.com/ryvasa/go-super-farmer/internal/repository/price_repository_impl.go:87.48,89.4 1 0
github.com/ryvasa/go-super-farmer/internal/repository/price_repository_impl.go:94.2,94.16 1 0
github.com/ryvasa/go-super-farmer/internal/repository/price_repository_impl.go:94.16,96.3 1 0
github.com/ryvasa/go-super-farmer/internal/repository/price_repository_impl.go:97.2,97.21 1 0
github.com/ryvasa/go-super-farmer/internal/repository/price_repository_impl.go:100.100,102.16 2 0
github.com/ryvasa/go-super-farmer/internal/repository/price_repository_impl.go:102.16,104.3 1 0
github.com/ryvasa/go-super-farmer/internal/repository/price_repository_impl.go:105.2,105.12 1 0
github.com/ryvasa/go-super-farmer/internal/repository/price_repository_impl.go:108.79,110.16 2 0
github.com/ryvasa/go-super-farmer/internal/repository/price_repository_impl.go:110.16,112.3 1 0
github.com/ryvasa/go-super-farmer/internal/repository/price_repository_impl.go:113.2,113.12 1 0
github.com/ryvasa/go-super-farmer/internal/repository/price_repository_impl.go:116.80,118.16 2 0
github.com/ryvasa/go-super-farmer/internal/repository/price_repository_impl.go:118.16,120.3 1 0
github.com/ryvasa/go-super-farmer/internal/repository/price_repository_impl.go:121.2,121.12 1 0
github.com/ryvasa/go-super-farmer/internal/repository/price_repository_impl.go:124.105,127.51 2 0
github.com/ryvasa/go-super-farmer/internal/repository/price_repository_impl.go:127.51,129.4 1 0
github.com/ryvasa/go-super-farmer/internal/repository/price_repository_impl.go:130.48,132.4 1 0
github.com/ryvasa/go-super-farmer/internal/repository/price_repository_impl.go:138.2,138.16 1 0
github.com/ryvasa/go-super-farmer/internal/repository/price_repository_impl.go:138.16,140.3 1 0
github.com/ryvasa/go-super-farmer/internal/repository/price_repository_impl.go:141.2,141.20 1 0
github.com/ryvasa/go-super-farmer/internal/repository/price_repository_impl.go:144.137,149.16 3 0
github.com/ryvasa/go-super-farmer/internal/repository/price_repository_impl.go:149.16,151.3 1 0
github.com/ryvasa/go-super-farmer/internal/repository/price_repository_impl.go:152.2,152.20 1 0
github.com/ryvasa/go-super-farmer/internal/repository/province_repository_impl.go:14.60,16.2 1 0
github.com/ryvasa/go-super-farmer/internal/repository/province_repository_impl.go:18.95,20.2 1 0
github.com/ryvasa/go-super-farmer/internal/repository/province_repository_impl.go:22.100,25.16 3 0
github.com/ryvasa/go-super-farmer/internal/repository/province_repository_impl.go:25.16,27.3 1 0
github.com/ryvasa/go-super-farmer/internal/repository/province_repository_impl.go:28.2,28.23 1 0
github.com/ryvasa/go-super-farmer/internal/repository/province_repository_impl.go:31.91,33.69 2 0
github.com/ryvasa/go-super-farmer/internal/repository/province_repository_impl.go:33.69,35.3 1 0
github.com/ryvasa/go-super-farmer/internal/repository/province_repository_impl.go:36.2,36.24 1 0
github.com/ryvasa/go-super-farmer/internal/repository/province_repository_impl.go:39.105,41.2 1 0
github.com/ryvasa/go-super-farmer/internal/repository/province_repository_impl.go:43.78,45.2 1 0
github.com/ryvasa/go-super-farmer/internal/repository/region_repository_impl.go:15.56,17.2 1 0
github.com/ryvasa/go-super-farmer/internal/repository/region_repository_impl.go:19.89,22.2 2 0
github.com/ryvasa/go-super-farmer/internal/repository/region_repository_impl.go:24.100,27.16 3 0
github.com/ryvasa/go-super-farmer/internal/repository/region_repository_impl.go:27.16,29.3 1 0
github.com/ryvasa/go-super-farmer/internal/repository/region_repository_impl.go:30.2,30.21 1 0
github.com/ryvasa/go-super-farmer/internal/repository/region_repository_impl.go:33.87,36.16 3 0
github.com/ryvasa/go-super-farmer/internal/repository/region_repository_impl.go:36.16,38.3 1 0
github.com/ryvasa/go-super-farmer/internal/repository/region_repository_impl.go:39.2,39.22 1 0
github.com/ryvasa/go-super-farmer/internal/repository/region_repository_impl.go:42.106,45.16 3 0
github.com/ryvasa/go-super-farmer/internal/repository/region_repository_impl.go:45.16,47.3 1 0
github.com/ryvasa/go-super-farmer/internal/repository/region_repository_impl.go:48.2,48.22 1 0
github.com/ryvasa/go-super-farmer/internal/repository/region_repository_impl.go:51.103,54.2 2 0
github.com/ryvasa/go-super-farmer/internal/repository/region_repository_impl.go:56.80,59.2 2 0
github.com/ryvasa/go-super-farmer/internal/repository/region_repository_impl.go:61.81,63.16 2 0
github.com/ryvasa/go-super-farmer/internal/repository/region_repository_impl.go:63.16,65.3 1 0
github.com/ryvasa/go-super-farmer/internal/repository/region_repository_impl.go:66.2,66.12 1 0
github.com/ryvasa/go-super-farmer/internal/repository/region_repository_impl.go:69.103,72.16 3 0
github.com/ryvasa/go-super-farmer/internal/repository/region_repository_impl.go:72.16,74.3 1 0
github.com/ryvasa/go-super-farmer/internal/repository/region_repository_impl.go:75.2,75.21 1 0
github.com/ryvasa/go-super-farmer/internal/repository/role_repository_impl.go:14.52,16.2 1 0
github.com/ryvasa/go-super-farmer/internal/repository/role_repository_impl.go:18.83,20.2 1 0
github.com/ryvasa/go-super-farmer/internal/repository/role_repository_impl.go:22.83,24.65 2 0
github.com/ryvasa/go-super-farmer/internal/repository/role_repository_impl.go:24.65,26.3 1 0
github.com/ryvasa/go-super-farmer/internal/repository/role_repository_impl.go:27.2,27.20 1 0
github.com/ryvasa/go-super-farmer/internal/repository/role_repository_impl.go:30.92,32.80 2 0
github.com/ryvasa/go-super-farmer/internal/repository/role_repository_impl.go:32.80,34.3 1 0
github.com/ryvasa/go-super-farmer/internal/repository/role_repository_impl.go:35.2,35.19 1 0
github.com/ryvasa/go-super-farmer/internal/repository/user_repository_impl.go:15.52,17.2 1 0
github.com/ryvasa/go-super-farmer/internal/repository/user_repository_impl.go:19.83,21.16 2 0
github.com/ryvasa/go-super-farmer/internal/repository/user_repository_impl.go:21.16,23.3 1 0
github.com/ryvasa/go-super-farmer/internal/repository/user_repository_impl.go:24.2,24.12 1 0
github.com/ryvasa/go-super-farmer/internal/repository/user_repository_impl.go:26.96,29.149 2 0
github.com/ryvasa/go-super-farmer/internal/repository/user_repository_impl.go:29.149,31.3 1 0
github.com/ryvasa/go-super-farmer/internal/repository/user_repository_impl.go:33.2,33.16 1 0
github.com/ryvasa/go-super-farmer/internal/repository/user_repository_impl.go:33.16,35.3 1 0
github.com/ryvasa/go-super-farmer/internal/repository/user_repository_impl.go:36.2,36.19 1 0
github.com/ryvasa/go-super-farmer/internal/repository/user_repository_impl.go:39.83,41.177 2 0
github.com/ryvasa/go-super-farmer/internal/repository/user_repository_impl.go:41.177,43.3 1 0
github.com/ryvasa/go-super-farmer/internal/repository/user_repository_impl.go:45.2,45.16 1 0
github.com/ryvasa/go-super-farmer/internal/repository/user_repository_impl.go:45.16,47.3 1 0
github.com/ryvasa/go-super-farmer/internal/repository/user_repository_impl.go:48.2,48.20 1 0
github.com/ryvasa/go-super-farmer/internal/repository/user_repository_impl.go:51.78,53.16 2 0
github.com/ryvasa/go-super-farmer/internal/repository/user_repository_impl.go:53.16,55.3 1 0
github.com/ryvasa/go-super-farmer/internal/repository/user_repository_impl.go:56.2,56.12 1 0
github.com/ryvasa/go-super-farmer/internal/repository/user_repository_impl.go:59.79,61.16 2 0
github.com/ryvasa/go-super-farmer/internal/repository/user_repository_impl.go:61.16,63.3 1 0
github.com/ryvasa/go-super-farmer/internal/repository/user_repository_impl.go:64.2,64.12 1 0
github.com/ryvasa/go-super-farmer/internal/repository/user_repository_impl.go:67.97,69.16 2 0
github.com/ryvasa/go-super-farmer/internal/repository/user_repository_impl.go:69.16,71.3 1 0
github.com/ryvasa/go-super-farmer/internal/repository/user_repository_impl.go:72.2,72.12 1 0
github.com/ryvasa/go-super-farmer/internal/repository/user_repository_impl.go:75.103,78.16 3 0
github.com/ryvasa/go-super-farmer/internal/repository/user_repository_impl.go:78.16,80.3 1 0
github.com/ryvasa/go-super-farmer/internal/repository/user_repository_impl.go:81.2,81.19 1 0
github.com/ryvasa/go-super-farmer/internal/repository/user_repository_impl.go:84.99,86.74 2 0
github.com/ryvasa/go-super-farmer/internal/repository/user_repository_impl.go:86.74,88.3 1 0
github.com/ryvasa/go-super-farmer/internal/repository/user_repository_impl.go:90.2,90.16 1 0
github.com/ryvasa/go-super-farmer/internal/repository/user_repository_impl.go:90.16,92.3 1 0
github.com/ryvasa/go-super-farmer/internal/repository/user_repository_impl.go:93.2,93.19 1 0
github.com/ryvasa/go-super-farmer/internal/delivery/http/route/auth_route.go:8.75,10.2 1 0
github.com/ryvasa/go-super-farmer/internal/delivery/http/route/city_route.go:8.81,14.2 5 0
github.com/ryvasa/go-super-farmer/internal/delivery/http/route/commodity_route.go:8.101,15.2 6 0
github.com/ryvasa/go-super-farmer/internal/delivery/http/route/land_commodity_route.go:8.113,18.2 8 0
github.com/ryvasa/go-super-farmer/internal/delivery/http/route/land_route.go:8.86,17.2 7 0
github.com/ryvasa/go-super-farmer/internal/delivery/http/route/price_route.go:8.89,19.2 10 0
github.com/ryvasa/go-super-farmer/internal/delivery/http/route/province_route.go:8.89,14.2 5 0
github.com/ryvasa/go-super-farmer/internal/delivery/http/route/region_route.go:8.85,14.2 3 0
github.com/ryvasa/go-super-farmer/internal/delivery/http/route/role_route.go:8.86,11.2 2 0
github.com/ryvasa/go-super-farmer/internal/delivery/http/route/routes.go:14.55,21.16 5 0
github.com/ryvasa/go-super-farmer/internal/delivery/http/route/routes.go:21.16,23.3 1 0
github.com/ryvasa/go-super-farmer/internal/delivery/http/route/routes.go:25.2,29.16 4 0
github.com/ryvasa/go-super-farmer/internal/delivery/http/route/routes.go:29.16,31.3 1 0
github.com/ryvasa/go-super-farmer/internal/delivery/http/route/routes.go:33.2,50.10 16 0
github.com/ryvasa/go-super-farmer/internal/delivery/http/route/user_route.go:8.86,15.2 6 0
github.com/ryvasa/go-super-farmer/internal/delivery/http/middleware/authentication_middleware.go:16.59,18.2 1 0
github.com/ryvasa/go-super-farmer/internal/delivery/http/middleware/authentication_middleware.go:20.51,21.30 1 0
github.com/ryvasa/go-super-farmer/internal/delivery/http/middleware/authentication_middleware.go:21.30,24.23 2 0
github.com/ryvasa/go-super-farmer/internal/delivery/http/middleware/authentication_middleware.go:24.23,28.4 3 0
github.com/ryvasa/go-super-farmer/internal/delivery/http/middleware/authentication_middleware.go:30.3,31.56 2 0
github.com/ryvasa/go-super-farmer/internal/delivery/http/middleware/authentication_middleware.go:31.56,35.4 3 0
github.com/ryvasa/go-super-farmer/internal/delivery/http/middleware/authentication_middleware.go:36.3,37.17 2 0
github.com/ryvasa/go-super-farmer/internal/delivery/http/middleware/authentication_middleware.go:37.17,41.4 3 0
github.com/ryvasa/go-super-farmer/internal/delivery/http/middleware/authentication_middleware.go:42.3,43.11 2 0
github.com/ryvasa/go-super-farmer/internal/delivery/http/middleware/authorization_middleware.go:14.67,16.2 1 0
github.com/ryvasa/go-super-farmer/internal/delivery/http/middleware/authorization_middleware.go:18.51,19.30 1 0
github.com/ryvasa/go-super-farmer/internal/delivery/http/middleware/authorization_middleware.go:19.30,22.14 2 0
github.com/ryvasa/go-super-farmer/internal/delivery/http/middleware/authorization_middleware.go:22.14,26.4 3 0
github.com/ryvasa/go-super-farmer/internal/delivery/http/middleware/authorization_middleware.go:27.3,28.10 2 0
github.com/ryvasa/go-super-farmer/internal/delivery/http/middleware/authorization_middleware.go:28.10,32.4 3 0
github.com/ryvasa/go-super-farmer/internal/delivery/http/middleware/authorization_middleware.go:34.3,39.17 5 0
github.com/ryvasa/go-super-farmer/internal/delivery/http/middleware/authorization_middleware.go:39.17,43.4 3 0
github.com/ryvasa/go-super-farmer/internal/delivery/http/middleware/authorization_middleware.go:45.3,45.15 1 0
github.com/ryvasa/go-super-farmer/internal/delivery/http/middleware/authorization_middleware.go:45.15,49.4 3 0
github.com/ryvasa/go-super-farmer/internal/delivery/http/middleware/authorization_middleware.go:51.3,51.11 1 0
github.com/ryvasa/go-super-farmer/internal/delivery/http/handler/auth_handler_impl.go:16.62,18.2 1 1
github.com/ryvasa/go-super-farmer/internal/delivery/http/handler/auth_handler_impl.go:20.49,22.47 2 1
github.com/ryvasa/go-super-farmer/internal/delivery/http/handler/auth_handler_impl.go:22.47,25.3 2 1
github.com/ryvasa/go-super-farmer/internal/delivery/http/handler/auth_handler_impl.go:26.2,27.16 2 1
github.com/ryvasa/go-super-farmer/internal/delivery/http/handler/auth_handler_impl.go:27.16,30.3 2 1
github.com/ryvasa/go-super-farmer/internal/delivery/http/handler/auth_handler_impl.go:31.2,31.47 1 1
github.com/ryvasa/go-super-farmer/internal/delivery/http/handler/city_handler_impl.go:17.57,19.2 1 1
github.com/ryvasa/go-super-farmer/internal/delivery/http/handler/city_handler_impl.go:21.54,23.46 2 1
github.com/ryvasa/go-super-farmer/internal/delivery/http/handler/city_handler_impl.go:23.46,26.3 2 1
github.com/ryvasa/go-super-farmer/internal/delivery/http/handler/city_handler_impl.go:27.2,28.16 2 1
github.com/ryvasa/go-super-farmer/internal/delivery/http/handler/city_handler_impl.go:28.16,31.3 2 1
github.com/ryvasa/go-super-farmer/internal/delivery/http/handler/city_handler_impl.go:32.2,32.52 1 1
github.com/ryvasa/go-super-farmer/internal/delivery/http/handler/city_handler_impl.go:35.56,37.16 2 1
github.com/ryvasa/go-super-farmer/internal/delivery/http/handler/city_handler_impl.go:37.16,40.3 2 1
github.com/ryvasa/go-super-farmer/internal/delivery/http/handler/city_handler_impl.go:41.2,41.49 1 1
github.com/ryvasa/go-super-farmer/internal/delivery/http/handler/city_handler_impl.go:44.55,46.16 2 1
github.com/ryvasa/go-super-farmer/internal/delivery/http/handler/city_handler_impl.go:46.16,49.3 2 1
github.com/ryvasa/go-super-farmer/internal/delivery/http/handler/city_handler_impl.go:50.2,51.16 2 1
github.com/ryvasa/go-super-farmer/internal/delivery/http/handler/city_handler_impl.go:51.16,54.3 2 1
github.com/ryvasa/go-super-farmer/internal/delivery/http/handler/city_handler_impl.go:55.2,55.47 1 1
github.com/ryvasa/go-super-farmer/internal/delivery/http/handler/city_handler_impl.go:58.54,60.16 2 1
github.com/ryvasa/go-super-farmer/internal/delivery/http/handler/city_handler_impl.go:60.16,63.3 2 1
github.com/ryvasa/go-super-farmer/internal/delivery/http/handler/city_handler_impl.go:64.2,65.46 2 1
github.com/ryvasa/go-super-farmer/internal/delivery/http/handler/city_handler_impl.go:65.46,68.3 2 1
github.com/ryvasa/go-super-farmer/internal/delivery/http/handler/city_handler_impl.go:69.2,70.16 2 1
github.com/ryvasa/go-super-farmer/internal/delivery/http/handler/city_handler_impl.go:70.16,73.3 2 1
github.com/ryvasa/go-super-farmer/internal/delivery/http/handler/city_handler_impl.go:74.2,74.47 1 1
github.com/ryvasa/go-super-farmer/internal/delivery/http/handler/city_handler_impl.go:77.54,79.16 2 1
github.com/ryvasa/go-super-farmer/internal/delivery/http/handler/city_handler_impl.go:79.16,82.3 2 1
github.com/ryvasa/go-super-farmer/internal/delivery/http/handler/city_handler_impl.go:83.2,84.16 2 1
github.com/ryvasa/go-super-farmer/internal/delivery/http/handler/city_handler_impl.go:84.16,87.3 2 1
github.com/ryvasa/go-super-farmer/internal/delivery/http/handler/city_handler_impl.go:88.2,88.88 1 1
github.com/ryvasa/go-super-farmer/internal/delivery/http/handler/commodity_handler_impl.go:17.86,19.2 1 1
github.com/ryvasa/go-super-farmer/internal/delivery/http/handler/commodity_handler_impl.go:21.64,23.47 2 1
github.com/ryvasa/go-super-farmer/internal/delivery/http/handler/commodity_handler_impl.go:23.47,26.3 2 1
github.com/ryvasa/go-super-farmer/internal/delivery/http/handler/commodity_handler_impl.go:27.2,28.16 2 1
github.com/ryvasa/go-super-farmer/internal/delivery/http/handler/commodity_handler_impl.go:28.16,31.3 2 1
github.com/ryvasa/go-super-farmer/internal/delivery/http/handler/commodity_handler_impl.go:32.2,32.57 1 1
github.com/ryvasa/go-super-farmer/internal/delivery/http/handler/commodity_handler_impl.go:35.66,37.16 2 1
github.com/ryvasa/go-super-farmer/internal/delivery/http/handler/commodity_handler_impl.go:37.16,40.3 2 1
github.com/ryvasa/go-super-farmer/internal/delivery/http/handler/commodity_handler_impl.go:41.2,41.54 1 1
github.com/ryvasa/go-super-farmer/internal/delivery/http/handler/commodity_handler_impl.go:44.65,46.16 2 1
github.com/ryvasa/go-super-farmer/internal/delivery/http/handler/commodity_handler_impl.go:46.16,49.3 2 1
github.com/ryvasa/go-super-farmer/internal/delivery/http/handler/commodity_handler_impl.go:50.2,51.16 2 1
github.com/ryvasa/go-super-farmer/internal/delivery/http/handler/commodity_handler_impl.go:51.16,54.3 2 1
github.com/ryvasa/go-super-farmer/internal/delivery/http/handler/commodity_handler_impl.go:55.2,55.22 1 1
github.com/ryvasa/go-super-farmer/internal/delivery/http/handler/commodity_handler_impl.go:55.22,58.3 2 0
github.com/ryvasa/go-super-farmer/internal/delivery/http/handler/commodity_handler_impl.go:59.2,59.52 1 1
github.com/ryvasa/go-super-farmer/internal/delivery/http/handler/commodity_handler_impl.go:62.64,64.16 2 1
github.com/ryvasa/go-super-farmer/internal/delivery/http/handler/commodity_handler_impl.go:64.16,67.3 2 1
github.com/ryvasa/go-super-farmer/internal/delivery/http/handler/commodity_handler_impl.go:68.2,69.47 2 1
github.com/ryvasa/go-super-farmer/internal/delivery/http/handler/commodity_handler_impl.go:69.47,72.3 2 1
github.com/ryvasa/go-super-farmer/internal/delivery/http/handler/commodity_handler_impl.go:73.2,74.16 2 1
github.com/ryvasa/go-super-farmer/internal/delivery/http/handler/commodity_handler_impl.go:74.16,77.3 2 1
github.com/ryvasa/go-super-farmer/internal/delivery/http/handler/commodity_handler_impl.go:78.2,78.59 1 1
github.com/ryvasa/go-super-farmer/internal/delivery/http/handler/commodity_handler_impl.go:81.64,83.16 2 1
github.com/ryvasa/go-super-farmer/internal/delivery/http/handler/commodity_handler_impl.go:83.16,86.3 2 1
github.com/ryvasa/go-super-farmer/internal/delivery/http/handler/commodity_handler_impl.go:87.2,87.66 1 1
github.com/ryvasa/go-super-farmer/internal/delivery/http/handler/commodity_handler_impl.go:87.66,90.3 2 1
github.com/ryvasa/go-super-farmer/internal/delivery/http/handler/commodity_handler_impl.go:91.2,91.93 1 1
github.com/ryvasa/go-super-farmer/internal/delivery/http/handler/commodity_handler_impl.go:94.65,96.16 2 1
github.com/ryvasa/go-super-farmer/internal/delivery/http/handler/commodity_handler_impl.go:96.16,99.3 2 1
github.com/ryvasa/go-super-farmer/internal/delivery/http/handler/commodity_handler_impl.go:100.2,101.16 2 1
github.com/ryvasa/go-super-farmer/internal/delivery/http/handler/commodity_handler_impl.go:101.16,104.3 2 1
github.com/ryvasa/go-super-farmer/internal/delivery/http/handler/commodity_handler_impl.go:105.2,105.60 1 1
github.com/ryvasa/go-super-farmer/internal/delivery/http/handler/handlers.go:16.320,29.2 1 0
github.com/ryvasa/go-super-farmer/internal/delivery/http/handler/land_commodity_handler_impl.go:17.102,19.2 1 1
github.com/ryvasa/go-super-farmer/internal/delivery/http/handler/land_commodity_handler_impl.go:21.72,23.47 2 1
github.com/ryvasa/go-super-farmer/internal/delivery/http/handler/land_commodity_handler_impl.go:23.47,26.3 2 1
github.com/ryvasa/go-super-farmer/internal/delivery/http/handler/land_commodity_handler_impl.go:27.2,28.16 2 1
github.com/ryvasa/go-super-farmer/internal/delivery/http/handler/land_commodity_handler_impl.go:28.16,31.3 2 1
github.com/ryvasa/go-super-farmer/internal/delivery/http/handler/land_commodity_handler_impl.go:32.2,32.61 1 1
github.com/ryvasa/go-super-farmer/internal/delivery/http/handler/land_commodity_handler_impl.go:35.73,37.16 2 1
github.com/ryvasa/go-super-farmer/internal/delivery/http/handler/land_commodity_handler_impl.go:37.16,40.3 2 1
github.com/ryvasa/go-super-farmer/internal/delivery/http/handler/land_commodity_handler_impl.go:42.2,43.16 2 1
github.com/ryvasa/go-super-farmer/internal/delivery/http/handler/land_commodity_handler_impl.go:43.16,46.3 2 1
github.com/ryvasa/go-super-farmer/internal/delivery/http/handler/land_commodity_handler_impl.go:47.2,47.56 1 1
github.com/ryvasa/go-super-farmer/internal/delivery/http/handler/land_commodity_handler_impl.go:50.77,52.16 2 1
github.com/ryvasa/go-super-farmer/internal/delivery/http/handler/land_commodity_handler_impl.go:52.16,55.3 2 1
github.com/ryvasa/go-super-farmer/internal/delivery/http/handler/land_commodity_handler_impl.go:56.2,57.16 2 1
github.com/ryvasa/go-super-farmer/internal/delivery/http/handler/land_commodity_handler_impl.go:57.16,60.3 2 1
github.com/ryvasa/go-super-farmer/internal/delivery/http/handler/land_commodity_handler_impl.go:61.2,61.59 1 1
github.com/ryvasa/go-super-farmer/internal/delivery/http/handler/land_commodity_handler_impl.go:64.72,66.16 2 1
github.com/ryvasa/go-super-farmer/internal/delivery/http/handler/land_commodity_handler_impl.go:66.16,69.3 2 1
github.com/ryvasa/go-super-farmer/internal/delivery/http/handler/land_commodity_handler_impl.go:70.2,70.58 1 1
github.com/ryvasa/go-super-farmer/internal/delivery/http/handler/land_commodity_handler_impl.go:73.82,75.16 2 1
github.com/ryvasa/go-super-farmer/internal/delivery/http/handler/land_commodity_handler_impl.go:75.16,78.3 2 1
github.com/ryvasa/go-super-farmer/internal/delivery/http/handler/land_commodity_handler_impl.go:79.2,80.16 2 1
github.com/ryvasa/go-super-farmer/internal/delivery/http/handler/land_commodity_handler_impl.go:80.16,83.3 2 1
github.com/ryvasa/go-super-farmer/internal/delivery/http/handler/land_commodity_handler_impl.go:84.2,84.58 1 1
github.com/ryvasa/go-super-farmer/internal/delivery/http/handler/land_commodity_handler_impl.go:87.72,89.16 2 1
github.com/ryvasa/go-super-farmer/internal/delivery/http/handler/land_commodity_handler_impl.go:89.16,92.3 2 1
github.com/ryvasa/go-super-farmer/internal/delivery/http/handler/land_commodity_handler_impl.go:94.2,95.47 2 1
github.com/ryvasa/go-super-farmer/internal/delivery/http/handler/land_commodity_handler_impl.go:95.47,98.3 2 1
github.com/ryvasa/go-super-farmer/internal/delivery/http/handler/land_commodity_handler_impl.go:99.2,100.16 2 1
github.com/ryvasa/go-super-farmer/internal/delivery/http/handler/land_commodity_handler_impl.go:100.16,103.3 2 1
github.com/ryvasa/go-super-farmer/internal/delivery/http/handler/land_commodity_handler_impl.go:104.2,104.63 1 1
github.com/ryvasa/go-super-farmer/internal/delivery/http/handler/land_commodity_handler_impl.go:107.72,109.16 2 1
github.com/ryvasa/go-super-farmer/internal/delivery/http/handler/land_commodity_handler_impl.go:109.16,112.3 2 1
github.com/ryvasa/go-super-farmer/internal/delivery/http/handler/land_commodity_handler_impl.go:114.2,115.16 2 1
github.com/ryvasa/go-super-farmer/internal/delivery/http/handler/land_commodity_handler_impl.go:115.16,118.3 2 1
github.com/ryvasa/go-super-farmer/internal/delivery/http/handler/land_commodity_handler_impl.go:119.2,119.98 1 1
github.com/ryvasa/go-super-farmer/internal/delivery/http/handler/land_commodity_handler_impl.go:122.73,124.16 2 1
github.com/ryvasa/go-super-farmer/internal/delivery/http/handler/land_commodity_handler_impl.go:124.16,127.3 2 1
github.com/ryvasa/go-super-farmer/internal/delivery/http/handler/land_commodity_handler_impl.go:128.2,129.16 2 1
github.com/ryvasa/go-super-farmer/internal/delivery/http/handler/land_commodity_handler_impl.go:129.16,132.3 2 1
github.com/ryvasa/go-super-farmer/internal/delivery/http/handler/land_commodity_handler_impl.go:133.2,133.64 1 1
github.com/ryvasa/go-super-farmer/internal/delivery/http/handler/land_handler_impl.go:18.87,20.2 1 1
github.com/ryvasa/go-super-farmer/internal/delivery/http/handler/land_handler_impl.go:22.54,24.16 2 1
github.com/ryvasa/go-super-farmer/internal/delivery/http/handler/land_handler_impl.go:24.16,27.3 2 1
github.com/ryvasa/go-super-farmer/internal/delivery/http/handler/land_handler_impl.go:29.2,30.47 2 1
github.com/ryvasa/go-super-farmer/internal/delivery/http/handler/land_handler_impl.go:30.47,33.3 2 1
github.com/ryvasa/go-super-farmer/internal/delivery/http/handler/land_handler_impl.go:34.2,35.16 2 1
github.com/ryvasa/go-super-farmer/internal/delivery/http/handler/land_handler_impl.go:35.16,38.3 2 1
github.com/ryvasa/go-super-farmer/internal/delivery/http/handler/land_handler_impl.go:39.2,39.52 1 1
github.com/ryvasa/go-super-farmer/internal/delivery/http/handler/land_handler_impl.go:42.55,44.16 2 1
github.com/ryvasa/go-super-farmer/internal/delivery/http/handler/land_handler_impl.go:44.16,47.3 2 1
github.com/ryvasa/go-super-farmer/internal/delivery/http/handler/land_handler_impl.go:48.2,49.16 2 1
github.com/ryvasa/go-super-farmer/internal/delivery/http/handler/land_handler_impl.go:49.16,52.3 2 1
github.com/ryvasa/go-super-farmer/internal/delivery/http/handler/land_handler_impl.go:53.2,53.47 1 1
github.com/ryvasa/go-super-farmer/internal/delivery/http/handler/land_handler_impl.go:56.59,58.16 2 1
github.com/ryvasa/go-super-farmer/internal/delivery/http/handler/land_handler_impl.go:58.16,61.3 2 1
github.com/ryvasa/go-super-farmer/internal/delivery/http/handler/land_handler_impl.go:62.2,63.16 2 1
github.com/ryvasa/go-super-farmer/internal/delivery/http/handler/land_handler_impl.go:63.16,66.3 2 1
github.com/ryvasa/go-super-farmer/internal/delivery/http/handler/land_handler_impl.go:67.2,67.48 1 1
github.com/ryvasa/go-super-farmer/internal/delivery/http/handler/land_handler_impl.go:70.55,72.16 2 1
github.com/ryvasa/go-super-farmer/internal/delivery/http/handler/land_handler_impl.go:72.16,75.3 2 1
github.com/ryvasa/go-super-farmer/internal/delivery/http/handler/land_handler_impl.go:76.2,76.48 1 1
github.com/ryvasa/go-super-farmer/internal/delivery/http/handler/land_handler_impl.go:79.54,81.16 2 1
github.com/ryvasa/go-super-farmer/internal/delivery/http/handler/land_handler_impl.go:81.16,84.3 2 1
github.com/ryvasa/go-super-farmer/internal/delivery/http/handler/land_handler_impl.go:86.2,87.16 2 1
github.com/ryvasa/go-super-farmer/internal/delivery/http/handler/land_handler_impl.go:87.16,90.3 2 0
github.com/ryvasa/go-super-farmer/internal/delivery/http/handler/land_handler_impl.go:92.2,93.47 2 1
github.com/ryvasa/go-super-farmer/internal/delivery/http/handler/land_handler_impl.go:93.47,96.3 2 0
github.com/ryvasa/go-super-farmer/internal/delivery/http/handler/land_handler_impl.go:97.2,98.16 2 1
github.com/ryvasa/go-super-farmer/internal/delivery/http/handler/land_handler_impl.go:98.16,101.3 2 1
github.com/ryvasa/go-super-farmer/internal/delivery/http/handler/land_handler_impl.go:102.2,102.54 1 1
github.com/ryvasa/go-super-farmer/internal/delivery/http/handler/land_handler_impl.go:105.54,107.16 2 1
github.com/ryvasa/go-super-farmer/internal/delivery/http/handler/land_handler_impl.go:107.16,110.3 2 1
github.com/ryvasa/go-super-farmer/internal/delivery/http/handler/land_handler_impl.go:111.2,112.16 2 1
github.com/ryvasa/go-super-farmer/internal/delivery/http/handler/land_handler_impl.go:112.16,115.3 2 1
github.com/ryvasa/go-super-farmer/internal/delivery/http/handler/land_handler_impl.go:116.2,116.88 1 1
github.com/ryvasa/go-super-farmer/internal/delivery/http/handler/land_handler_impl.go:119.55,121.16 2 1
github.com/ryvasa/go-super-farmer/internal/delivery/http/handler/land_handler_impl.go:121.16,124.3 2 1
github.com/ryvasa/go-super-farmer/internal/delivery/http/handler/land_handler_impl.go:125.2,126.16 2 1
github.com/ryvasa/go-super-farmer/internal/delivery/http/handler/land_handler_impl.go:126.16,129.3 2 1
github.com/ryvasa/go-super-farmer/internal/delivery/http/handler/land_handler_impl.go:130.2,130.55 1 1
github.com/ryvasa/go-super-farmer/internal/delivery/http/handler/price_handler_impl.go:17.60,19.2 1 1
github.com/ryvasa/go-super-farmer/internal/delivery/http/handler/price_handler_impl.go:21.56,23.47 2 1
github.com/ryvasa/go-super-farmer/internal/delivery/http/handler/price_handler_impl.go:23.47,26.3 2 1
github.com/ryvasa/go-super-farmer/internal/delivery/http/handler/price_handler_impl.go:27.2,28.16 2 1
github.com/ryvasa/go-super-farmer/internal/delivery/http/handler/price_handler_impl.go:28.16,31.3 2 1
github.com/ryvasa/go-super-farmer/internal/delivery/http/handler/price_handler_impl.go:32.2,32.60 1 1
github.com/ryvasa/go-super-farmer/internal/delivery/http/handler/price_handler_impl.go:35.57,37.16 2 1
github.com/ryvasa/go-super-farmer/internal/delivery/http/handler/price_handler_impl.go:37.16,40.3 2 1
github.com/ryvasa/go-super-farmer/internal/delivery/http/handler/price_handler_impl.go:41.2,41.49 1 1
github.com/ryvasa/go-super-farmer/internal/delivery/http/handler/price_handler_impl.go:44.57,46.16 2 1
github.com/ryvasa/go-super-farmer/internal/delivery/http/handler/price_handler_impl.go:46.16,49.3 2 1
github.com/ryvasa/go-super-farmer/internal/delivery/http/handler/price_handler_impl.go:50.2,51.16 2 1
github.com/ryvasa/go-super-farmer/internal/delivery/http/handler/price_handler_impl.go:51.16,54.3 2 1
github.com/ryvasa/go-super-farmer/internal/delivery/http/handler/price_handler_impl.go:55.2,55.47 1 1
github.com/ryvasa/go-super-farmer/internal/delivery/http/handler/price_handler_impl.go:58.67,60.16 2 1
github.com/ryvasa/go-super-farmer/internal/delivery/http/handler/price_handler_impl.go:60.16,63.3 2 1
github.com/ryvasa/go-super-farmer/internal/delivery/http/handler/price_handler_impl.go:65.2,66.16 2 1
github.com/ryvasa/go-super-farmer/internal/delivery/http/handler/price_handler_impl.go:66.16,69.3 2 1
github.com/ryvasa/go-super-farmer/internal/delivery/http/handler/price_handler_impl.go:70.2,70.49 1 1
github.com/ryvasa/go-super-farmer/internal/delivery/http/handler/price_handler_impl.go:73.64,75.16 2 1
github.com/ryvasa/go-super-farmer/internal/delivery/http/handler/price_handler_impl.go:75.16,78.3 2 1
github.com/ryvasa/go-super-farmer/internal/delivery/http/handler/price_handler_impl.go:80.2,81.16 2 1
github.com/ryvasa/go-super-farmer/internal/delivery/http/handler/price_handler_impl.go:81.16,84.3 2 1
github.com/ryvasa/go-super-farmer/internal/delivery/http/handler/price_handler_impl.go:85.2,85.49 1 1
github.com/ryvasa/go-super-farmer/internal/delivery/http/handler/price_handler_impl.go:88.56,90.16 2 1
github.com/ryvasa/go-super-farmer/internal/delivery/http/handler/price_handler_impl.go:90.16,93.3 2 1
github.com/ryvasa/go-super-farmer/internal/delivery/http/handler/price_handler_impl.go:94.2,95.47 2 1
github.com/ryvasa/go-super-farmer/internal/delivery/http/handler/price_handler_impl.go:95.47,98.3 2 1
github.com/ryvasa/go-super-farmer/internal/delivery/http/handler/price_handler_impl.go:99.2,100.16 2 1
github.com/ryvasa/go-super-farmer/internal/delivery/http/handler/price_handler_impl.go:100.16,103.3 2 1
github.com/ryvasa/go-super-farmer/internal/delivery/http/handler/price_handler_impl.go:104.2,104.55 1 1
github.com/ryvasa/go-super-farmer/internal/delivery/http/handler/price_handler_impl.go:107.56,109.16 2 1
github.com/ryvasa/go-super-farmer/internal/delivery/http/handler/price_handler_impl.go:109.16,112.3 2 1
github.com/ryvasa/go-super-farmer/internal/delivery/http/handler/price_handler_impl.go:113.2,113.48 1 1
github.com/ryvasa/go-super-farmer/internal/delivery/http/handler/price_handler_impl.go:113.48,116.3 2 1
github.com/ryvasa/go-super-farmer/internal/delivery/http/handler/price_handler_impl.go:117.2,117.89 1 1
github.com/ryvasa/go-super-farmer/internal/delivery/http/handler/price_handler_impl.go:120.57,122.16 2 1
github.com/ryvasa/go-super-farmer/internal/delivery/http/handler/price_handler_impl.go:122.16,125.3 2 1
github.com/ryvasa/go-super-farmer/internal/delivery/http/handler/price_handler_impl.go:127.2,128.16 2 1
github.com/ryvasa/go-super-farmer/internal/delivery/http/handler/price_handler_impl.go:128.16,131.3 2 1
github.com/ryvasa/go-super-farmer/internal/delivery/http/handler/price_handler_impl.go:132.2,132.56 1 1
github.com/ryvasa/go-super-farmer/internal/delivery/http/handler/price_handler_impl.go:135.77,137.16 2 1
github.com/ryvasa/go-super-farmer/internal/delivery/http/handler/price_handler_impl.go:137.16,140.3 2 1
github.com/ryvasa/go-super-farmer/internal/delivery/http/handler/price_handler_impl.go:141.2,142.16 2 1
github.com/ryvasa/go-super-farmer/internal/delivery/http/handler/price_handler_impl.go:142.16,145.3 2 0
github.com/ryvasa/go-super-farmer/internal/delivery/http/handler/price_handler_impl.go:147.2,148.16 2 1
github.com/ryvasa/go-super-farmer/internal/delivery/http/handler/price_handler_impl.go:148.16,151.3 2 1
github.com/ryvasa/go-super-farmer/internal/delivery/http/handler/price_handler_impl.go:152.2,152.48 1 1
github.com/ryvasa/go-super-farmer/internal/delivery/http/handler/price_handler_impl.go:155.85,157.16 2 1
github.com/ryvasa/go-super-farmer/internal/delivery/http/handler/price_handler_impl.go:157.16,160.3 2 1
github.com/ryvasa/go-super-farmer/internal/delivery/http/handler/price_handler_impl.go:161.2,162.16 2 1
github.com/ryvasa/go-super-farmer/internal/delivery/http/handler/price_handler_impl.go:162.16,165.3 2 0
github.com/ryvasa/go-super-farmer/internal/delivery/http/handler/price_handler_impl.go:167.2,168.16 2 1
github.com/ryvasa/go-super-farmer/internal/delivery/http/handler/price_handler_impl.go:168.16,171.3 2 1
github.com/ryvasa/go-super-farmer/internal/delivery/http/handler/price_handler_impl.go:172.2,172.55 1 1
github.com/ryvasa/go-super-farmer/internal/delivery/http/handler/province_handler_impl.go:17.69,19.2 1 1
github.com/ryvasa/go-super-farmer/internal/delivery/http/handler/province_handler_impl.go:21.62,23.46 2 1
github.com/ryvasa/go-super-farmer/internal/delivery/http/handler/province_handler_impl.go:23.46,26.3 2 1
github.com/ryvasa/go-super-farmer/internal/delivery/http/handler/province_handler_impl.go:27.2,28.16 2 1
github.com/ryvasa/go-super-farmer/internal/delivery/http/handler/province_handler_impl.go:28.16,31.3 2 1
github.com/ryvasa/go-super-farmer/internal/delivery/http/handler/province_handler_impl.go:32.2,32.56 1 1
github.com/ryvasa/go-super-farmer/internal/delivery/http/handler/province_handler_impl.go:35.63,37.16 2 1
github.com/ryvasa/go-super-farmer/internal/delivery/http/handler/province_handler_impl.go:37.16,40.3 2 1
github.com/ryvasa/go-super-farmer/internal/delivery/http/handler/province_handler_impl.go:41.2,41.52 1 1
github.com/ryvasa/go-super-farmer/internal/delivery/http/handler/province_handler_impl.go:44.63,46.16 2 1
github.com/ryvasa/go-super-farmer/internal/delivery/http/handler/province_handler_impl.go:46.16,49.3 2 1
github.com/ryvasa/go-super-farmer/internal/delivery/http/handler/province_handler_impl.go:50.2,51.16 2 1
github.com/ryvasa/go-super-farmer/internal/delivery/http/handler/province_handler_impl.go:51.16,54.3 2 1
github.com/ryvasa/go-super-farmer/internal/delivery/http/handler/province_handler_impl.go:55.2,55.51 1 1
github.com/ryvasa/go-super-farmer/internal/delivery/http/handler/province_handler_impl.go:58.62,60.16 2 1
github.com/ryvasa/go-super-farmer/internal/delivery/http/handler/province_handler_impl.go:60.16,63.3 2 1
github.com/ryvasa/go-super-farmer/internal/delivery/http/handler/province_handler_impl.go:64.2,65.46 2 1
github.com/ryvasa/go-super-farmer/internal/delivery/http/handler/province_handler_impl.go:65.46,68.3 2 1
github.com/ryvasa/go-super-farmer/internal/delivery/http/handler/province_handler_impl.go:69.2,70.16 2 1
github.com/ryvasa/go-super-farmer/internal/delivery/http/handler/province_handler_impl.go:70.16,73.3 2 1
github.com/ryvasa/go-super-farmer/internal/delivery/http/handler/province_handler_impl.go:74.2,74.51 1 1
github.com/ryvasa/go-super-farmer/internal/delivery/http/handler/province_handler_impl.go:77.62,79.16 2 1
github.com/ryvasa/go-super-farmer/internal/delivery/http/handler/province_handler_impl.go:79.16,82.3 2 1
github.com/ryvasa/go-super-farmer/internal/delivery/http/handler/province_handler_impl.go:83.2,84.16 2 1
github.com/ryvasa/go-super-farmer/internal/delivery/http/handler/province_handler_impl.go:84.16,87.3 2 1
github.com/ryvasa/go-super-farmer/internal/delivery/http/handler/province_handler_impl.go:88.2,88.92 1 1
github.com/ryvasa/go-super-farmer/internal/delivery/http/handler/region_handler_impl.go:17.63,19.2 1 1
github.com/ryvasa/go-super-farmer/internal/delivery/http/handler/region_handler_impl.go:21.58,23.47 2 1
github.com/ryvasa/go-super-farmer/internal/delivery/http/handler/region_handler_impl.go:23.47,26.3 2 1
github.com/ryvasa/go-super-farmer/internal/delivery/http/handler/region_handler_impl.go:27.2,28.16 2 1
github.com/ryvasa/go-super-farmer/internal/delivery/http/handler/region_handler_impl.go:28.16,31.3 2 1
github.com/ryvasa/go-super-farmer/internal/delivery/http/handler/region_handler_impl.go:32.2,32.54 1 1
github.com/ryvasa/go-super-farmer/internal/delivery/http/handler/region_handler_impl.go:35.59,37.16 2 1
github.com/ryvasa/go-super-farmer/internal/delivery/http/handler/region_handler_impl.go:37.16,40.3 2 1
github.com/ryvasa/go-super-farmer/internal/delivery/http/handler/region_handler_impl.go:41.2,41.50 1 1
github.com/ryvasa/go-super-farmer/internal/delivery/http/handler/region_handler_impl.go:44.59,46.16 2 1
github.com/ryvasa/go-super-farmer/internal/delivery/http/handler/region_handler_impl.go:46.16,49.3 2 0
github.com/ryvasa/go-super-farmer/internal/delivery/http/handler/region_handler_impl.go:50.2,51.16 2 1
github.com/ryvasa/go-super-farmer/internal/delivery/http/handler/region_handler_impl.go:51.16,54.3 2 1
github.com/ryvasa/go-super-farmer/internal/delivery/http/handler/region_handler_impl.go:55.2,55.49 1 1
github.com/ryvasa/go-super-farmer/internal/delivery/http/handler/role_handler_impl.go:16.57,18.2 1 1
github.com/ryvasa/go-super-farmer/internal/delivery/http/handler/role_handler_impl.go:20.54,22.47 2 1
github.com/ryvasa/go-super-farmer/internal/delivery/http/handler/role_handler_impl.go:22.47,25.3 2 1
[...]
github.com/ryvasa/go-super-farmer/internal/usecase/price_usecase_impl.go:131.2,132.16 2 1
github.com/ryvasa/go-super-farmer/internal/usecase/price_usecase_impl.go:132.16,134.3 1 1
github.com/ryvasa/go-super-farmer/internal/usecase/price_usecase_impl.go:135.2,135.12 1 1
github.com/ryvasa/go-super-farmer/internal/usecase/price_usecase_impl.go:138.100,140.16 2 1
github.com/ryvasa/go-super-farmer/internal/usecase/price_usecase_impl.go:140.16,142.3 1 1
github.com/ryvasa/go-super-farmer/internal/usecase/price_usecase_impl.go:143.2,144.16 2 1
github.com/ryvasa/go-super-farmer/internal/usecase/price_usecase_impl.go:144.16,146.3 1 1
github.com/ryvasa/go-super-farmer/internal/usecase/price_usecase_impl.go:147.2,148.16 2 1
github.com/ryvasa/go-super-farmer/internal/usecase/price_usecase_impl.go:148.16,150.3 1 1
github.com/ryvasa/go-super-farmer/internal/usecase/price_usecase_impl.go:151.2,151.27 1 1
github.com/ryvasa/go-super-farmer/internal/usecase/price_usecase_impl.go:154.139,156.16 2 1
github.com/ryvasa/go-super-farmer/internal/usecase/price_usecase_impl.go:156.16,158.3 1 1
github.com/ryvasa/go-super-farmer/internal/usecase/price_usecase_impl.go:159.2,159.19 1 1
github.com/ryvasa/go-super-farmer/internal/usecase/price_usecase_impl.go:161.155,163.16 2 1
github.com/ryvasa/go-super-farmer/internal/usecase/price_usecase_impl.go:163.16,165.3 1 1
github.com/ryvasa/go-super-farmer/internal/usecase/price_usecase_impl.go:167.2,168.16 2 1
github.com/ryvasa/go-super-farmer/internal/usecase/price_usecase_impl.go:168.16,170.3 1 1
github.com/ryvasa/go-super-farmer/internal/usecase/price_usecase_impl.go:172.2,184.31 3 1
github.com/ryvasa/go-super-farmer/internal/usecase/province_usecase_impl.go:16.77,18.2 1 1
github.com/ryvasa/go-super-farmer/internal/usecase/province_usecase_impl.go:20.122,22.52 2 1
github.com/ryvasa/go-super-farmer/internal/usecase/province_usecase_impl.go:22.52,24.3 1 1
github.com/ryvasa/go-super-farmer/internal/usecase/province_usecase_impl.go:26.2,29.16 3 1
github.com/ryvasa/go-super-farmer/internal/usecase/province_usecase_impl.go:29.16,31.3 1 1
github.com/ryvasa/go-super-farmer/internal/usecase/province_usecase_impl.go:33.2,34.16 2 1
github.com/ryvasa/go-super-farmer/internal/usecase/province_usecase_impl.go:34.16,36.3 1 1
github.com/ryvasa/go-super-farmer/internal/usecase/province_usecase_impl.go:38.2,38.29 1 1
github.com/ryvasa/go-super-farmer/internal/usecase/province_usecase_impl.go:41.97,43.16 2 1
github.com/ryvasa/go-super-farmer/internal/usecase/province_usecase_impl.go:43.16,45.3 1 1
github.com/ryvasa/go-super-farmer/internal/usecase/province_usecase_impl.go:46.2,46.23 1 1
github.com/ryvasa/go-super-farmer/internal/usecase/province_usecase_impl.go:48.105,50.16 2 1
github.com/ryvasa/go-super-farmer/internal/usecase/province_usecase_impl.go:50.16,52.3 1 1
github.com/ryvasa/go-super-farmer/internal/usecase/province_usecase_impl.go:53.2,53.22 1 1
github.com/ryvasa/go-super-farmer/internal/usecase/province_usecase_impl.go:56.132,57.52 1 1
github.com/ryvasa/go-super-farmer/internal/usecase/province_usecase_impl.go:57.52,59.3 1 1
github.com/ryvasa/go-super-farmer/internal/usecase/province_usecase_impl.go:61.2,62.16 2 1
github.com/ryvasa/go-super-farmer/internal/usecase/province_usecase_impl.go:62.16,64.3 1 1
github.com/ryvasa/go-super-farmer/internal/usecase/province_usecase_impl.go:66.2,69.16 3 1
github.com/ryvasa/go-super-farmer/internal/usecase/province_usecase_impl.go:69.16,71.3 1 1
github.com/ryvasa/go-super-farmer/internal/usecase/province_usecase_impl.go:73.2,74.16 2 1
github.com/ryvasa/go-super-farmer/internal/usecase/province_usecase_impl.go:74.16,76.3 1 1
github.com/ryvasa/go-super-farmer/internal/usecase/province_usecase_impl.go:78.2,78.29 1 1
github.com/ryvasa/go-super-farmer/internal/usecase/province_usecase_impl.go:81.84,83.16 2 1
github.com/ryvasa/go-super-farmer/internal/usecase/province_usecase_impl.go:83.16,85.3 1 1
github.com/ryvasa/go-super-farmer/internal/usecase/province_usecase_impl.go:87.2,88.16 2 1
github.com/ryvasa/go-super-farmer/internal/usecase/province_usecase_impl.go:88.16,90.3 1 1
github.com/ryvasa/go-super-farmer/internal/usecase/province_usecase_impl.go:92.2,92.12 1 1
github.com/ryvasa/go-super-farmer/internal/usecase/region_usecase_impl.go:19.157,21.2 1 1
github.com/ryvasa/go-super-farmer/internal/usecase/region_usecase_impl.go:23.114,26.52 2 1
github.com/ryvasa/go-super-farmer/internal/usecase/region_usecase_impl.go:26.52,28.3 1 1
github.com/ryvasa/go-super-farmer/internal/usecase/region_usecase_impl.go:30.2,31.16 2 1
github.com/ryvasa/go-super-farmer/internal/usecase/region_usecase_impl.go:31.16,33.3 1 1
github.com/ryvasa/go-super-farmer/internal/usecase/region_usecase_impl.go:35.2,36.16 2 1
github.com/ryvasa/go-super-farmer/internal/usecase/region_usecase_impl.go:36.16,38.3 1 1
github.com/ryvasa/go-super-farmer/internal/usecase/region_usecase_impl.go:40.2,45.16 5 1
github.com/ryvasa/go-super-farmer/internal/usecase/region_usecase_impl.go:45.16,47.3 1 1
github.com/ryvasa/go-super-farmer/internal/usecase/region_usecase_impl.go:48.2,49.16 2 1
github.com/ryvasa/go-super-farmer/internal/usecase/region_usecase_impl.go:49.16,51.3 1 1
github.com/ryvasa/go-super-farmer/internal/usecase/region_usecase_impl.go:52.2,52.27 1 1
github.com/ryvasa/go-super-farmer/internal/usecase/region_usecase_impl.go:55.91,57.16 2 1
github.com/ryvasa/go-super-farmer/internal/usecase/region_usecase_impl.go:57.16,59.3 1 1
github.com/ryvasa/go-super-farmer/internal/usecase/region_usecase_impl.go:60.2,60.21 1 1
github.com/ryvasa/go-super-farmer/internal/usecase/region_usecase_impl.go:63.103,65.16 2 1
github.com/ryvasa/go-super-farmer/internal/usecase/region_usecase_impl.go:65.16,67.3 1 1
github.com/ryvasa/go-super-farmer/internal/usecase/region_usecase_impl.go:68.2,68.20 1 1
github.com/ryvasa/go-super-farmer/internal/usecase/role_usecase_impl.go:16.65,18.2 1 1
github.com/ryvasa/go-super-farmer/internal/usecase/role_usecase_impl.go:20.105,22.52 2 1
github.com/ryvasa/go-super-farmer/internal/usecase/role_usecase_impl.go:22.52,24.3 1 1
github.com/ryvasa/go-super-farmer/internal/usecase/role_usecase_impl.go:25.2,26.16 2 1
github.com/ryvasa/go-super-farmer/internal/usecase/role_usecase_impl.go:26.16,28.3 1 1
github.com/ryvasa/go-super-farmer/internal/usecase/role_usecase_impl.go:30.2,34.16 4 1
github.com/ryvasa/go-super-farmer/internal/usecase/role_usecase_impl.go:34.16,36.3 1 1
github.com/ryvasa/go-super-farmer/internal/usecase/role_usecase_impl.go:38.2,39.16 2 1
github.com/ryvasa/go-super-farmer/internal/usecase/role_usecase_impl.go:39.16,41.3 1 1
github.com/ryvasa/go-super-farmer/internal/usecase/role_usecase_impl.go:43.2,43.25 1 1
github.com/ryvasa/go-super-farmer/internal/usecase/role_usecase_impl.go:46.84,48.16 2 1
github.com/ryvasa/go-super-farmer/internal/usecase/role_usecase_impl.go:48.16,50.3 1 1
github.com/ryvasa/go-super-farmer/internal/usecase/role_usecase_impl.go:51.2,51.19 1 1
github.com/ryvasa/go-super-farmer/internal/usecase/user_usecase_impl.go:18.84,20.2 1 1
github.com/ryvasa/go-super-farmer/internal/usecase/user_usecase_impl.go:22.112,24.52 2 1
github.com/ryvasa/go-super-farmer/internal/usecase/user_usecase_impl.go:24.52,26.3 1 1
github.com/ryvasa/go-super-farmer/internal/usecase/user_usecase_impl.go:27.2,32.16 5 1
github.com/ryvasa/go-super-farmer/internal/usecase/user_usecase_impl.go:32.16,34.3 1 1
github.com/ryvasa/go-super-farmer/internal/usecase/user_usecase_impl.go:36.2,38.16 3 1
github.com/ryvasa/go-super-farmer/internal/usecase/user_usecase_impl.go:38.16,40.3 1 1
github.com/ryvasa/go-super-farmer/internal/usecase/user_usecase_impl.go:41.2,42.16 2 1
github.com/ryvasa/go-super-farmer/internal/usecase/user_usecase_impl.go:42.16,44.3 1 1
github.com/ryvasa/go-super-farmer/internal/usecase/user_usecase_impl.go:46.2,46.46 1 1
github.com/ryvasa/go-super-farmer/internal/usecase/user_usecase_impl.go:49.105,51.16 2 1
github.com/ryvasa/go-super-farmer/internal/usecase/user_usecase_impl.go:51.16,53.3 1 1
github.com/ryvasa/go-super-farmer/internal/usecase/user_usecase_impl.go:54.2,54.39 1 1
github.com/ryvasa/go-super-farmer/internal/usecase/user_usecase_impl.go:57.93,59.16 2 1
github.com/ryvasa/go-super-farmer/internal/usecase/user_usecase_impl.go:59.16,61.3 1 1
github.com/ryvasa/go-super-farmer/internal/usecase/user_usecase_impl.go:62.2,63.30 2 1
github.com/ryvasa/go-super-farmer/internal/usecase/user_usecase_impl.go:63.30,65.3 1 1
github.com/ryvasa/go-super-farmer/internal/usecase/user_usecase_impl.go:66.2,66.23 1 1
github.com/ryvasa/go-super-farmer/internal/usecase/user_usecase_impl.go:69.128,71.52 2 1
github.com/ryvasa/go-super-farmer/internal/usecase/user_usecase_impl.go:71.52,73.3 1 1
github.com/ryvasa/go-super-farmer/internal/usecase/user_usecase_impl.go:74.2,75.16 2 1
github.com/ryvasa/go-super-farmer/internal/usecase/user_usecase_impl.go:75.16,77.3 1 1
github.com/ryvasa/go-super-farmer/internal/usecase/user_usecase_impl.go:79.2,83.24 4 1
github.com/ryvasa/go-super-farmer/internal/usecase/user_usecase_impl.go:83.24,85.17 2 1
github.com/ryvasa/go-super-farmer/internal/usecase/user_usecase_impl.go:85.17,87.4 1 1
github.com/ryvasa/go-super-farmer/internal/usecase/user_usecase_impl.go:88.3,88.33 1 1
github.com/ryvasa/go-super-farmer/internal/usecase/user_usecase_impl.go:91.2,92.16 2 1
github.com/ryvasa/go-super-farmer/internal/usecase/user_usecase_impl.go:92.16,94.3 1 0
github.com/ryvasa/go-super-farmer/internal/usecase/user_usecase_impl.go:95.2,96.16 2 1
github.com/ryvasa/go-super-farmer/internal/usecase/user_usecase_impl.go:96.16,98.3 1 1
github.com/ryvasa/go-super-farmer/internal/usecase/user_usecase_impl.go:99.2,99.46 1 1
github.com/ryvasa/go-super-farmer/internal/usecase/user_usecase_impl.go:102.80,104.16 2 1
github.com/ryvasa/go-super-farmer/internal/usecase/user_usecase_impl.go:104.16,106.3 1 1
github.com/ryvasa/go-super-farmer/internal/usecase/user_usecase_impl.go:107.2,108.16 2 1
github.com/ryvasa/go-super-farmer/internal/usecase/user_usecase_impl.go:108.16,110.3 1 0
github.com/ryvasa/go-super-farmer/internal/usecase/user_usecase_impl.go:111.2,111.12 1 1
github.com/ryvasa/go-super-farmer/internal/usecase/user_usecase_impl.go:114.105,116.16 2 1
github.com/ryvasa/go-super-farmer/internal/usecase/user_usecase_impl.go:116.16,118.3 1 1
github.com/ryvasa/go-super-farmer/internal/usecase/user_usecase_impl.go:119.2,120.16 2 1
github.com/ryvasa/go-super-farmer/internal/usecase/user_usecase_impl.go:120.16,122.3 1 1
github.com/ryvasa/go-super-farmer/internal/usecase/user_usecase_impl.go:123.2,124.16 2 1
github.com/ryvasa/go-super-farmer/internal/usecase/user_usecase_impl.go:124.16,126.3 1 1
github.com/ryvasa/go-super-farmer/internal/usecase/user_usecase_impl.go:127.2,127.47 1 1
github.com/ryvasa/go-super-farmer/pkg/auth/token/token.go:23.35,27.2 1 0
github.com/ryvasa/go-super-farmer/pkg/auth/token/token.go:29.78,40.2 3 0
github.com/ryvasa/go-super-farmer/pkg/auth/token/token.go:42.75,43.76 1 0
github.com/ryvasa/go-super-farmer/pkg/auth/token/token.go:43.76,44.58 1 0
github.com/ryvasa/go-super-farmer/pkg/auth/token/token.go:44.58,46.4 1 0
github.com/ryvasa/go-super-farmer/pkg/auth/token/token.go:47.3,47.48 1 0
github.com/ryvasa/go-super-farmer/pkg/auth/token/token.go:51.78,53.16 2 0
github.com/ryvasa/go-super-farmer/pkg/auth/token/token.go:53.16,55.3 1 0
github.com/ryvasa/go-super-farmer/pkg/auth/token/token.go:56.2,56.67 1 0
github.com/ryvasa/go-super-farmer/pkg/auth/token/token.go:56.67,58.3 1 0
github.com/ryvasa/go-super-farmer/pkg/auth/token/token.go:60.2,60.60 1 0
github.com/ryvasa/go-super-farmer/pkg/auth/token/mock/mock_token.go:27.55,31.2 3 1
github.com/ryvasa/go-super-farmer/pkg/auth/token/mock/mock_token.go:34.53,36.2 1 1
github.com/ryvasa/go-super-farmer/pkg/auth/token/mock/mock_token.go:39.78,45.2 5 0
github.com/ryvasa/go-super-farmer/pkg/auth/token/mock/mock_token.go:48.86,51.2 2 0
github.com/ryvasa/go-super-farmer/pkg/auth/token/mock/mock_token.go:54.78,60.2 5 1
github.com/ryvasa/go-super-farmer/pkg/auth/token/mock/mock_token.go:63.83,66.2 2 1
github.com/ryvasa/go-super-farmer/pkg/auth/token/mock/mock_token.go:69.75,75.2 5 0
github.com/ryvasa/go-super-farmer/pkg/auth/token/mock/mock_token.go:78.86,81.2 2 0
github.com/ryvasa/go-super-farmer/pkg/env/env.go:26.30,28.16 2 0
github.com/ryvasa/go-super-farmer/pkg/env/env.go:28.16,30.3 1 0
github.com/ryvasa/go-super-farmer/pkg/env/env.go:32.2,48.17 10 0
github.com/ryvasa/go-super-farmer/utils/auth.go:15.29,17.2 1 0
github.com/ryvasa/go-super-farmer/utils/auth.go:19.73,21.13 2 0
github.com/ryvasa/go-super-farmer/utils/auth.go:21.13,23.3 1 0
github.com/ryvasa/go-super-farmer/utils/auth.go:24.2,25.9 2 0
github.com/ryvasa/go-super-farmer/utils/auth.go:25.9,27.3 1 0
github.com/ryvasa/go-super-farmer/utils/auth.go:29.2,30.9 2 0
github.com/ryvasa/go-super-farmer/utils/auth.go:30.9,32.3 1 0
github.com/ryvasa/go-super-farmer/utils/auth.go:33.2,34.16 2 0
github.com/ryvasa/go-super-farmer/utils/auth.go:34.16,36.3 1 0
github.com/ryvasa/go-super-farmer/utils/auth.go:38.2,38.16 1 0
github.com/ryvasa/go-super-farmer/utils/errors.go:12.34,14.2 1 1
github.com/ryvasa/go-super-farmer/utils/errors.go:16.83,23.2 1 1
github.com/ryvasa/go-super-farmer/utils/errors.go:25.52,27.2 1 1
github.com/ryvasa/go-super-farmer/utils/errors.go:29.47,31.2 1 1
github.com/ryvasa/go-super-farmer/utils/errors.go:33.45,35.2 1 1
github.com/ryvasa/go-super-farmer/utils/errors.go:37.45,39.2 1 0
github.com/ryvasa/go-super-farmer/utils/errors.go:41.45,43.2 1 1
github.com/ryvasa/go-super-farmer/utils/errors.go:45.49,47.2 1 0
github.com/ryvasa/go-super-farmer/utils/errors.go:49.46,51.2 1 0
github.com/ryvasa/go-super-farmer/utils/errors.go:53.35,54.38 1 0
github.com/ryvasa/go-super-farmer/utils/errors.go:54.38,56.3 1 0
github.com/ryvasa/go-super-farmer/utils/errors.go:57.2,57.39 1 0
github.com/ryvasa/go-super-farmer/utils/formater.go:8.60,18.2 1 1
github.com/ryvasa/go-super-farmer/utils/formater.go:29.74,34.2 1 1
github.com/ryvasa/go-super-farmer/utils/hasher.go:14.25,16.2 1 0
github.com/ryvasa/go-super-farmer/utils/hasher.go:18.68,21.2 2 0
github.com/ryvasa/go-super-farmer/utils/hasher.go:23.67,26.2 2 0
github.com/ryvasa/go-super-farmer/utils/response.go:13.107,21.2 1 0
github.com/ryvasa/go-super-farmer/utils/response.go:23.47,27.2 3 0
github.com/ryvasa/go-super-farmer/utils/response.go:29.72,32.2 2 0
github.com/ryvasa/go-super-farmer/utils/validate.go:16.56,19.16 3 1
github.com/ryvasa/go-super-farmer/utils/validate.go:19.16,20.56 1 1
github.com/ryvasa/go-super-farmer/utils/validate.go:20.56,25.4 1 1
github.com/ryvasa/go-super-farmer/utils/validate.go:27.2,27.15 1 1
github.com/ryvasa/go-super-farmer/utils/validate.go:30.50,32.41 1 1
github.com/ryvasa/go-super-farmer/utils/validate.go:32.41,32.75 1 1
github.com/ryvasa/go-super-farmer/utils/validate.go:33.41,33.108 1 1
github.com/ryvasa/go-super-farmer/utils/validate.go:34.41,34.109 1 0
github.com/ryvasa/go-super-farmer/utils/validate.go:35.41,35.105 1 0
github.com/ryvasa/go-super-farmer/utils/validate.go:37.2,38.8 2 1
github.com/ryvasa/go-super-farmer/utils/validate.go:38.8,40.3 1 1
github.com/ryvasa/go-super-farmer/utils/validate.go:41.2,41.24 1 1
github.com/ryvasa/go-super-farmer/utils/mock/auth.go:27.61,31.2 3 0
github.com/ryvasa/go-super-farmer/utils/mock/auth.go:34.59,36.2 1 0
github.com/ryvasa/go-super-farmer/utils/mock/auth.go:39.73,45.2 5 0
github.com/ryvasa/go-super-farmer/utils/mock/auth.go:48.79,51.2 2 0
github.com/ryvasa/go-super-farmer/utils/mock/mock_hasher.go:25.57,29.2 3 1
github.com/ryvasa/go-super-farmer/utils/mock/mock_hasher.go:32.55,34.2 1 1
github.com/ryvasa/go-super-farmer/utils/mock/mock_hasher.go:37.68,43.2 5 1
github.com/ryvasa/go-super-farmer/utils/mock/mock_hasher.go:46.83,49.2 2 1
github.com/ryvasa/go-super-farmer/utils/mock/mock_hasher.go:52.67,57.2 4 1
github.com/ryvasa/go-super-farmer/utils/mock/mock_hasher.go:60.93,63.2 2 1
github.com/ryvasa/go-super-farmer/pkg/di/wire_gen.go:24.46,26.16 2 0
github.com/ryvasa/go-super-farmer/pkg/di/wire_gen.go:26.16,28.3 1 0
github.com/ryvasa/go-super-farmer/pkg/di/wire_gen.go:29.2,30.16 2 0
github.com/ryvasa/go-super-farmer/pkg/di/wire_gen.go:30.16,32.3 1 0
github.com/ryvasa/go-super-farmer/pkg/di/wire_gen.go:33.2,34.16 2 0
github.com/ryvasa/go-super-farmer/pkg/di/wire_gen.go:34.16,36.3 1 0
github.com/ryvasa/go-super-farmer/pkg/di/wire_gen.go:37.2,72.20 36 0
github.com/ryvasa/go-super-farmer/pkg/env/env.go:26.30,28.16 2 0
github.com/ryvasa/go-super-farmer/pkg/env/env.go:28.16,30.3 1 0
github.com/ryvasa/go-super-farmer/pkg/env/env.go:32.2,48.17 10 0
github.com/ryvasa/go-super-farmer/utils/auth.go:15.29,17.2 1 0
github.com/ryvasa/go-super-farmer/utils/auth.go:19.73,21.13 2 0
github.com/ryvasa/go-super-farmer/utils/auth.go:21.13,23.3 1 0
github.com/ryvasa/go-super-farmer/utils/auth.go:24.2,25.9 2 0
github.com/ryvasa/go-super-farmer/utils/auth.go:25.9,27.3 1 0
github.com/ryvasa/go-super-farmer/utils/auth.go:29.2,30.9 2 0
github.com/ryvasa/go-super-farmer/utils/auth.go:30.9,32.3 1 0
github.com/ryvasa/go-super-farmer/utils/auth.go:33.2,34.16 2 0
github.com/ryvasa/go-super-farmer/utils/auth.go:34.16,36.3 1 0
github.com/ryvasa/go-super-farmer/utils/auth.go:38.2,38.16 1 0
github.com/ryvasa/go-super-farmer/utils/errors.go:12.34,14.2 1 0
github.com/ryvasa/go-super-farmer/utils/errors.go:16.83,23.2 1 0
github.com/ryvasa/go-super-farmer/utils/errors.go:25.52,27.2 1 0
github.com/ryvasa/go-super-farmer/utils/errors.go:29.47,31.2 1 0
github.com/ryvasa/go-super-farmer/utils/errors.go:33.45,35.2 1 0
github.com/ryvasa/go-super-farmer/utils/errors.go:37.45,39.2 1 0
github.com/ryvasa/go-super-farmer/utils/errors.go:41.45,43.2 1 0
github.com/ryvasa/go-super-farmer/utils/errors.go:45.49,47.2 1 0
github.com/ryvasa/go-super-farmer/utils/errors.go:49.46,51.2 1 0
github.com/ryvasa/go-super-farmer/utils/errors.go:53.35,54.38 1 0
github.com/ryvasa/go-super-farmer/utils/errors.go:54.38,56.3 1 0
github.com/ryvasa/go-super-farmer/utils/errors.go:57.2,57.39 1 0
github.com/ryvasa/go-super-farmer/utils/formater.go:8.60,18.2 1 0
github.com/ryvasa/go-super-farmer/utils/formater.go:29.74,34.2 1 0
github.com/ryvasa/go-super-farmer/utils/hasher.go:14.25,16.2 1 0
github.com/ryvasa/go-super-farmer/utils/hasher.go:18.68,21.2 2 0
github.com/ryvasa/go-super-farmer/utils/hasher.go:23.67,26.2 2 0
github.com/ryvasa/go-super-farmer/utils/response.go:13.107,21.2 1 0
github.com/ryvasa/go-super-farmer/utils/response.go:23.47,27.2 3 0
github.com/ryvasa/go-super-farmer/utils/response.go:29.72,32.2 2 0
github.com/ryvasa/go-super-farmer/utils/validate.go:16.56,19.16 3 0
github.com/ryvasa/go-super-farmer/utils/validate.go:19.16,20.56 1 0
github.com/ryvasa/go-super-farmer/utils/validate.go:20.56,25.4 1 0
github.com/ryvasa/go-super-farmer/utils/validate.go:27.2,27.15 1 0
github.com/ryvasa/go-super-farmer/utils/validate.go:30.50,32.41 1 0
github.com/ryvasa/go-super-farmer/utils/validate.go:32.41,32.75 1 0
github.com/ryvasa/go-super-farmer/utils/validate.go:33.41,33.108 1 0
github.com/ryvasa/go-super-farmer/utils/validate.go:34.41,34.109 1 0
github.com/ryvasa/go-super-farmer/utils/validate.go:35.41,35.105 1 0
github.com/ryvasa/go-super-farmer/utils/validate.go:37.2,38.8 2 0
github.com/ryvasa/go-super-farmer/utils/validate.go:38.8,40.3 1 0
github.com/ryvasa/go-super-farmer/utils/validate.go:41.2,41.24 1 0
github.com/ryvasa/go-super-farmer/utils/mock/auth.go:27.61,31.2 3 0
github.com/ryvasa/go-super-farmer/utils/mock/auth.go:34.59,36.2 1 0
github.com/ryvasa/go-super-farmer/utils/mock/auth.go:39.73,45.2 5 0
github.com/ryvasa/go-super-farmer/utils/mock/auth.go:48.79,51.2 2 0
github.com/ryvasa/go-super-farmer/utils/mock/mock_hasher.go:25.57,29.2 3 0
github.com/ryvasa/go-super-farmer/utils/mock/mock_hasher.go:32.55,34.2 1 0
github.com/ryvasa/go-super-farmer/utils/mock/mock_hasher.go:37.68,43.2 5 0
github.com/ryvasa/go-super-farmer/utils/mock/mock_hasher.go:46.83,49.2 2 0
github.com/ryvasa/go-super-farmer/utils/mock/mock_hasher.go:52.67,57.2 4 0
github.com/ryvasa/go-super-farmer/utils/mock/mock_hasher.go:60.93,63.2 2 0
